;  LST file generated by mikroListExporter - v.2.0 
; Date/Time: 9/23/2025 8:21:35 AM
;----------------------------------------------

;Address Opcode 	ASM
0x0000	0x297A      	GOTO       378
_lcd_put_nibble:
;lcd.c,103 :: 		void lcd_put_nibble(unsigned char b)
;lcd.c,109 :: 		LCD_DATA4_TRIS = 0;                // Cau hinh cac chan ket noi LCD.
0x0003	0x1683      	BSF        STATUS, 5
0x0004	0x1303      	BCF        STATUS, 6
0x0005	0x1006      	BCF        TRISB0_bit, BitPos(TRISB0_bit+0)
;lcd.c,110 :: 		LCD_DATA5_TRIS = 0;
0x0006	0x1086      	BCF        TRISB1_bit, BitPos(TRISB1_bit+0)
;lcd.c,111 :: 		LCD_DATA6_TRIS = 0;
0x0007	0x1106      	BCF        TRISB2_bit, BitPos(TRISB2_bit+0)
;lcd.c,112 :: 		LCD_DATA7_TRIS = 0;
0x0008	0x1186      	BCF        TRISB3_bit, BitPos(TRISB3_bit+0)
;lcd.c,114 :: 		temp.Val = b;
0x0009	0x1283      	BCF        STATUS, 5
0x000A	0x082C      	MOVF       FARG_lcd_put_nibble_b, 0
0x000B	0x00F0      	MOVWF      R0
;lcd.c,116 :: 		LCD_DATA4 = temp.bits.b0;        // Gui 4 bit thap.
0x000C	0x1870      	BTFSC      R0, 0
0x000D	0x2810      	GOTO       L__lcd_put_nibble69
0x000E	0x1006      	BCF        RB0_bit, BitPos(RB0_bit+0)
0x000F	0x2811      	GOTO       L__lcd_put_nibble70
L__lcd_put_nibble69:
0x0010	0x1406      	BSF        RB0_bit, BitPos(RB0_bit+0)
L__lcd_put_nibble70:
;lcd.c,117 :: 		LCD_DATA5 = temp.bits.b1;
0x0011	0x18F0      	BTFSC      R0, 1
0x0012	0x2815      	GOTO       L__lcd_put_nibble71
0x0013	0x1086      	BCF        RB1_bit, BitPos(RB1_bit+0)
0x0014	0x2816      	GOTO       L__lcd_put_nibble72
L__lcd_put_nibble71:
0x0015	0x1486      	BSF        RB1_bit, BitPos(RB1_bit+0)
L__lcd_put_nibble72:
;lcd.c,118 :: 		LCD_DATA6 = temp.bits.b2;
0x0016	0x1970      	BTFSC      R0, 2
0x0017	0x281A      	GOTO       L__lcd_put_nibble73
0x0018	0x1106      	BCF        RB2_bit, BitPos(RB2_bit+0)
0x0019	0x281B      	GOTO       L__lcd_put_nibble74
L__lcd_put_nibble73:
0x001A	0x1506      	BSF        RB2_bit, BitPos(RB2_bit+0)
L__lcd_put_nibble74:
;lcd.c,119 :: 		LCD_DATA7 = temp.bits.b3;
0x001B	0x19F0      	BTFSC      R0, 3
0x001C	0x281F      	GOTO       L__lcd_put_nibble75
0x001D	0x1186      	BCF        RB3_bit, BitPos(RB3_bit+0)
0x001E	0x2820      	GOTO       L__lcd_put_nibble76
L__lcd_put_nibble75:
0x001F	0x1586      	BSF        RB3_bit, BitPos(RB3_bit+0)
L__lcd_put_nibble76:
;lcd.c,121 :: 		delay_us(20);
0x0020	0x300D      	MOVLW      13
0x0021	0x00FD      	MOVWF      R13
L_lcd_put_nibble11:
0x0022	0x0BFD      	DECFSZ     R13, 1
0x0023	0x2822      	GOTO       L_lcd_put_nibble11
;lcd.c,122 :: 		LCD_EN =  1;
0x0024	0x1686      	BSF        RB5_bit, BitPos(RB5_bit+0)
;lcd.c,123 :: 		delay_us(20);
0x0025	0x300D      	MOVLW      13
0x0026	0x00FD      	MOVWF      R13
L_lcd_put_nibble12:
0x0027	0x0BFD      	DECFSZ     R13, 1
0x0028	0x2827      	GOTO       L_lcd_put_nibble12
;lcd.c,124 :: 		LCD_EN = 0;
0x0029	0x1286      	BCF        RB5_bit, BitPos(RB5_bit+0)
;lcd.c,125 :: 		}
L_end_lcd_put_nibble:
0x002A	0x0008      	RETURN
; end of _lcd_put_nibble
_lcd_put_byte:
;lcd.c,134 :: 		void lcd_put_byte(unsigned char rs, unsigned char b)
;lcd.c,139 :: 		LCD_DATA4_TRIS = 0;                // Cau hinh cac chan ket noi LCD.
0x002B	0x1683      	BSF        STATUS, 5
0x002C	0x1303      	BCF        STATUS, 6
0x002D	0x1006      	BCF        TRISB0_bit, BitPos(TRISB0_bit+0)
;lcd.c,140 :: 		LCD_DATA5_TRIS = 0;
0x002E	0x1086      	BCF        TRISB1_bit, BitPos(TRISB1_bit+0)
;lcd.c,141 :: 		LCD_DATA6_TRIS = 0;
0x002F	0x1106      	BCF        TRISB2_bit, BitPos(TRISB2_bit+0)
;lcd.c,142 :: 		LCD_DATA7_TRIS = 0;
0x0030	0x1186      	BCF        TRISB3_bit, BitPos(TRISB3_bit+0)
;lcd.c,144 :: 		if(rs)
0x0031	0x1283      	BCF        STATUS, 5
0x0032	0x082A      	MOVF       FARG_lcd_put_byte_rs, 0
0x0033	0x1903      	BTFSC      STATUS, 2
0x0034	0x2837      	GOTO       L_lcd_put_byte13
;lcd.c,145 :: 		LCD_RS = 1;
0x0035	0x1606      	BSF        RB4_bit, BitPos(RB4_bit+0)
0x0036	0x2838      	GOTO       L_lcd_put_byte14
L_lcd_put_byte13:
;lcd.c,147 :: 		LCD_RS = 0;
0x0037	0x1206      	BCF        RB4_bit, BitPos(RB4_bit+0)
L_lcd_put_byte14:
;lcd.c,148 :: 		delay_us(20);
0x0038	0x300D      	MOVLW      13
0x0039	0x00FD      	MOVWF      R13
L_lcd_put_byte15:
0x003A	0x0BFD      	DECFSZ     R13, 1
0x003B	0x283A      	GOTO       L_lcd_put_byte15
;lcd.c,151 :: 		delay_us(20);
0x003C	0x300D      	MOVLW      13
0x003D	0x00FD      	MOVWF      R13
L_lcd_put_byte16:
0x003E	0x0BFD      	DECFSZ     R13, 1
0x003F	0x283E      	GOTO       L_lcd_put_byte16
;lcd.c,153 :: 		LCD_EN = 0;
0x0040	0x1286      	BCF        RB5_bit, BitPos(RB5_bit+0)
;lcd.c,155 :: 		lcd_put_nibble(b >> 4);                // Gui 4 bit cao.
0x0041	0x082B      	MOVF       FARG_lcd_put_byte_b, 0
0x0042	0x00AC      	MOVWF      FARG_lcd_put_nibble_b
0x0043	0x0CAC      	RRF        FARG_lcd_put_nibble_b, 1
0x0044	0x13AC      	BCF        FARG_lcd_put_nibble_b, 7
0x0045	0x0CAC      	RRF        FARG_lcd_put_nibble_b, 1
0x0046	0x13AC      	BCF        FARG_lcd_put_nibble_b, 7
0x0047	0x0CAC      	RRF        FARG_lcd_put_nibble_b, 1
0x0048	0x13AC      	BCF        FARG_lcd_put_nibble_b, 7
0x0049	0x0CAC      	RRF        FARG_lcd_put_nibble_b, 1
0x004A	0x13AC      	BCF        FARG_lcd_put_nibble_b, 7
0x004B	0x2003      	CALL       _lcd_put_nibble
;lcd.c,157 :: 		lcd_put_nibble(b & 0xf);        // Gui 4 bit thap.
0x004C	0x300F      	MOVLW      15
0x004D	0x052B      	ANDWF      FARG_lcd_put_byte_b, 0
0x004E	0x00AC      	MOVWF      FARG_lcd_put_nibble_b
0x004F	0x2003      	CALL       _lcd_put_nibble
;lcd.c,158 :: 		}
L_end_lcd_put_byte:
0x0050	0x0008      	RETURN
; end of _lcd_put_byte
_lcd_gotoxy:
;lcd.c,167 :: 		void lcd_gotoxy(unsigned char col, unsigned char row)
;lcd.c,173 :: 		if(row!=0)                // Xac dinh ma qui dinh dia chi dong.
0x0051	0x1283      	BCF        STATUS, 5
0x0052	0x1303      	BCF        STATUS, 6
0x0053	0x0828      	MOVF       FARG_lcd_gotoxy_row, 0
0x0054	0x3A00      	XORLW      0
0x0055	0x1903      	BTFSC      STATUS, 2
0x0056	0x285A      	GOTO       L_lcd_gotoxy17
;lcd.c,174 :: 		address=0x40;        // Dong duoi.
0x0057	0x3040      	MOVLW      64
0x0058	0x00A9      	MOVWF      lcd_gotoxy_address_L0
0x0059	0x285B      	GOTO       L_lcd_gotoxy18
L_lcd_gotoxy17:
;lcd.c,176 :: 		address=0;                // Dong tren.
0x005A	0x01A9      	CLRF       lcd_gotoxy_address_L0
L_lcd_gotoxy18:
;lcd.c,178 :: 		address += col;
0x005B	0x0827      	MOVF       FARG_lcd_gotoxy_col, 0
0x005C	0x0729      	ADDWF      lcd_gotoxy_address_L0, 0
0x005D	0x00F0      	MOVWF      R0
0x005E	0x0870      	MOVF       R0, 0
0x005F	0x00A9      	MOVWF      lcd_gotoxy_address_L0
;lcd.c,180 :: 		lcd_put_byte(0,0x80|address);        // Gui lenh dieu khien sang LCD.
0x0060	0x01AA      	CLRF       FARG_lcd_put_byte_rs
0x0061	0x3080      	MOVLW      128
0x0062	0x0470      	IORWF      R0, 0
0x0063	0x00AB      	MOVWF      FARG_lcd_put_byte_b
0x0064	0x202B      	CALL       _lcd_put_byte
;lcd.c,182 :: 		}
L_end_lcd_gotoxy:
0x0065	0x0008      	RETURN
; end of _lcd_gotoxy
_____DoICP:
;__Lib_System.c,6 :: 		
;__Lib_System.c,9 :: 		
0x0066	0x1283      	BCF        STATUS, 5
0x0067	0x1303      	BCF        STATUS, 6
0x0068	0x0821      	MOVF       ___DoICPAddr+1, 0
0x0069	0x008A      	MOVWF      PCLATH
;__Lib_System.c,10 :: 		
0x006A	0x0820      	MOVF       ___DoICPAddr, 0
0x006B	0x0082      	MOVWF      PCL
;__Lib_System.c,12 :: 		
L_end_____DoICP:
0x006C	0x0008      	RETURN
; end of _____DoICP
_lcd_putc:
;lcd.c,190 :: 		void lcd_putc(char c)
;lcd.c,195 :: 		switch(c)
0x006D	0x28A3      	GOTO       L_lcd_putc19
;lcd.c,197 :: 		case '\f':                        // Xoa man hinh.
L_lcd_putc21:
;lcd.c,198 :: 		lcd_put_byte(0,1);
0x006E	0x1283      	BCF        STATUS, 5
0x006F	0x1303      	BCF        STATUS, 6
0x0070	0x01AA      	CLRF       FARG_lcd_put_byte_rs
0x0071	0x3001      	MOVLW      1
0x0072	0x00AB      	MOVWF      FARG_lcd_put_byte_b
0x0073	0x202B      	CALL       _lcd_put_byte
;lcd.c,199 :: 		delay_ms(5);
0x0074	0x300D      	MOVLW      13
0x0075	0x00FC      	MOVWF      R12
0x0076	0x30FB      	MOVLW      251
0x0077	0x00FD      	MOVWF      R13
L_lcd_putc22:
0x0078	0x0BFD      	DECFSZ     R13, 1
0x0079	0x2878      	GOTO       L_lcd_putc22
0x007A	0x0BFC      	DECFSZ     R12, 1
0x007B	0x2878      	GOTO       L_lcd_putc22
0x007C	0x0000      	NOP
0x007D	0x0000      	NOP
;lcd.c,200 :: 		break;
0x007E	0x28B2      	GOTO       L_lcd_putc20
;lcd.c,201 :: 		case '\n':                        // Xuong dong va dua con tro ve dau dong.
L_lcd_putc23:
;lcd.c,202 :: 		lcd_gotoxy(0,1);
0x007F	0x01A7      	CLRF       FARG_lcd_gotoxy_col
0x0080	0x3001      	MOVLW      1
0x0081	0x00A8      	MOVWF      FARG_lcd_gotoxy_row
0x0082	0x2051      	CALL       _lcd_gotoxy
;lcd.c,203 :: 		break;
0x0083	0x28B2      	GOTO       L_lcd_putc20
;lcd.c,204 :: 		case '\b':
L_lcd_putc24:
;lcd.c,205 :: 		lcd_put_byte(0,0x10);
0x0084	0x01AA      	CLRF       FARG_lcd_put_byte_rs
0x0085	0x3010      	MOVLW      16
0x0086	0x00AB      	MOVWF      FARG_lcd_put_byte_b
0x0087	0x202B      	CALL       _lcd_put_byte
;lcd.c,206 :: 		delay_ms(5);
0x0088	0x300D      	MOVLW      13
0x0089	0x00FC      	MOVWF      R12
0x008A	0x30FB      	MOVLW      251
0x008B	0x00FD      	MOVWF      R13
L_lcd_putc25:
0x008C	0x0BFD      	DECFSZ     R13, 1
0x008D	0x288C      	GOTO       L_lcd_putc25
0x008E	0x0BFC      	DECFSZ     R12, 1
0x008F	0x288C      	GOTO       L_lcd_putc25
0x0090	0x0000      	NOP
0x0091	0x0000      	NOP
;lcd.c,207 :: 		break;
0x0092	0x28B2      	GOTO       L_lcd_putc20
;lcd.c,208 :: 		default:        // Hien thi tat ca ky tu mac dinh trong LCD (c: dia chi HEX cua ky tu)
L_lcd_putc26:
;lcd.c,211 :: 		lcd_put_byte(1,c);
0x0093	0x3001      	MOVLW      1
0x0094	0x00AA      	MOVWF      FARG_lcd_put_byte_rs
0x0095	0x0826      	MOVF       FARG_lcd_putc_c, 0
0x0096	0x00AB      	MOVWF      FARG_lcd_put_byte_b
0x0097	0x202B      	CALL       _lcd_put_byte
;lcd.c,212 :: 		delay_ms(5);
0x0098	0x300D      	MOVLW      13
0x0099	0x00FC      	MOVWF      R12
0x009A	0x30FB      	MOVLW      251
0x009B	0x00FD      	MOVWF      R13
L_lcd_putc27:
0x009C	0x0BFD      	DECFSZ     R13, 1
0x009D	0x289C      	GOTO       L_lcd_putc27
0x009E	0x0BFC      	DECFSZ     R12, 1
0x009F	0x289C      	GOTO       L_lcd_putc27
0x00A0	0x0000      	NOP
0x00A1	0x0000      	NOP
;lcd.c,215 :: 		}
0x00A2	0x28B2      	GOTO       L_lcd_putc20
L_lcd_putc19:
0x00A3	0x1283      	BCF        STATUS, 5
0x00A4	0x1303      	BCF        STATUS, 6
0x00A5	0x0826      	MOVF       FARG_lcd_putc_c, 0
0x00A6	0x3A0C      	XORLW      12
0x00A7	0x1903      	BTFSC      STATUS, 2
0x00A8	0x286E      	GOTO       L_lcd_putc21
0x00A9	0x0826      	MOVF       FARG_lcd_putc_c, 0
0x00AA	0x3A0A      	XORLW      10
0x00AB	0x1903      	BTFSC      STATUS, 2
0x00AC	0x287F      	GOTO       L_lcd_putc23
0x00AD	0x0826      	MOVF       FARG_lcd_putc_c, 0
0x00AE	0x3A08      	XORLW      8
0x00AF	0x1903      	BTFSC      STATUS, 2
0x00B0	0x2884      	GOTO       L_lcd_putc24
0x00B1	0x2893      	GOTO       L_lcd_putc26
L_lcd_putc20:
;lcd.c,216 :: 		}
L_end_lcd_putc:
0x00B2	0x0008      	RETURN
; end of _lcd_putc
_lcd_puts:
;lcd.c,224 :: 		void lcd_puts(const char* s)
;lcd.c,229 :: 		while(*s)
L_lcd_puts28:
0x00B3	0x1283      	BCF        STATUS, 5
0x00B4	0x1303      	BCF        STATUS, 6
0x00B5	0x0824      	MOVF       FARG_lcd_puts_s, 0
0x00B6	0x00A0      	MOVWF      ___DoICPAddr
0x00B7	0x0825      	MOVF       FARG_lcd_puts_s+1, 0
0x00B8	0x00A1      	MOVWF      ___DoICPAddr+1
0x00B9	0x2066      	CALL       _____DoICP
0x00BA	0x118A      	BCF        PCLATH, 3
0x00BB	0x120A      	BCF        PCLATH, 4
0x00BC	0x00F0      	MOVWF      R0
0x00BD	0x0870      	MOVF       R0, 0
0x00BE	0x1903      	BTFSC      STATUS, 2
0x00BF	0x28CD      	GOTO       L_lcd_puts29
;lcd.c,231 :: 		lcd_putc(*s++);
0x00C0	0x0824      	MOVF       FARG_lcd_puts_s, 0
0x00C1	0x00A0      	MOVWF      ___DoICPAddr
0x00C2	0x0825      	MOVF       FARG_lcd_puts_s+1, 0
0x00C3	0x00A1      	MOVWF      ___DoICPAddr+1
0x00C4	0x2066      	CALL       _____DoICP
0x00C5	0x118A      	BCF        PCLATH, 3
0x00C6	0x120A      	BCF        PCLATH, 4
0x00C7	0x00A6      	MOVWF      FARG_lcd_putc_c
0x00C8	0x206D      	CALL       _lcd_putc
0x00C9	0x0AA4      	INCF       FARG_lcd_puts_s, 1
0x00CA	0x1903      	BTFSC      STATUS, 2
0x00CB	0x0AA5      	INCF       FARG_lcd_puts_s+1, 1
;lcd.c,232 :: 		}
0x00CC	0x28B3      	GOTO       L_lcd_puts28
L_lcd_puts29:
;lcd.c,233 :: 		}
L_end_lcd_puts:
0x00CD	0x0008      	RETURN
; end of _lcd_puts
_napkitudacbiet:
;Baitap2.c,17 :: 		void napkitudacbiet()
;Baitap2.c,19 :: 		char j = 0;
0x00CE	0x1283      	BCF        STATUS, 5
0x00CF	0x1303      	BCF        STATUS, 6
0x00D0	0x01A4      	CLRF       napkitudacbiet_j_L0
;Baitap2.c,20 :: 		lcd_put_byte(0, 0x40);
0x00D1	0x01AA      	CLRF       FARG_lcd_put_byte_rs
0x00D2	0x3040      	MOVLW      64
0x00D3	0x00AB      	MOVWF      FARG_lcd_put_byte_b
0x00D4	0x202B      	CALL       _lcd_put_byte
;Baitap2.c,21 :: 		while( customchar[j] != 0x99 )
L_napkitudacbiet0:
0x00D5	0x0824      	MOVF       napkitudacbiet_j_L0, 0
0x00D6	0x3E59      	ADDLW      _customchar
0x00D7	0x00F0      	MOVWF      R0
0x00D8	0x3002      	MOVLW      hi_addr(_customchar)
0x00D9	0x1803      	BTFSC      STATUS, 0
0x00DA	0x3E01      	ADDLW      1
0x00DB	0x00F1      	MOVWF      R0+1
0x00DC	0x0870      	MOVF       R0, 0
0x00DD	0x00A0      	MOVWF      ___DoICPAddr
0x00DE	0x0871      	MOVF       R0+1, 0
0x00DF	0x00A1      	MOVWF      ___DoICPAddr+1
0x00E0	0x2066      	CALL       _____DoICP
0x00E1	0x118A      	BCF        PCLATH, 3
0x00E2	0x120A      	BCF        PCLATH, 4
0x00E3	0x00F1      	MOVWF      R1
0x00E4	0x0871      	MOVF       R1, 0
0x00E5	0x3A99      	XORLW      153
0x00E6	0x1903      	BTFSC      STATUS, 2
0x00E7	0x28FC      	GOTO       L_napkitudacbiet1
;Baitap2.c,23 :: 		lcd_put_byte(1, customchar[j]);
0x00E8	0x3001      	MOVLW      1
0x00E9	0x00AA      	MOVWF      FARG_lcd_put_byte_rs
0x00EA	0x0824      	MOVF       napkitudacbiet_j_L0, 0
0x00EB	0x3E59      	ADDLW      _customchar
0x00EC	0x00F0      	MOVWF      R0
0x00ED	0x3002      	MOVLW      hi_addr(_customchar)
0x00EE	0x1803      	BTFSC      STATUS, 0
0x00EF	0x3E01      	ADDLW      1
0x00F0	0x00F1      	MOVWF      R0+1
0x00F1	0x0870      	MOVF       R0, 0
0x00F2	0x00A0      	MOVWF      ___DoICPAddr
0x00F3	0x0871      	MOVF       R0+1, 0
0x00F4	0x00A1      	MOVWF      ___DoICPAddr+1
0x00F5	0x2066      	CALL       _____DoICP
0x00F6	0x118A      	BCF        PCLATH, 3
0x00F7	0x120A      	BCF        PCLATH, 4
0x00F8	0x00AB      	MOVWF      FARG_lcd_put_byte_b
0x00F9	0x202B      	CALL       _lcd_put_byte
;Baitap2.c,24 :: 		j++;
0x00FA	0x0AA4      	INCF       napkitudacbiet_j_L0, 1
;Baitap2.c,25 :: 		}
0x00FB	0x28D5      	GOTO       L_napkitudacbiet0
L_napkitudacbiet1:
;Baitap2.c,26 :: 		}
L_end_napkitudacbiet:
0x00FC	0x0008      	RETURN
; end of _napkitudacbiet
_lcd_init:
;lcd.c,241 :: 		void lcd_init()
;lcd.c,247 :: 		LCD_EN_TRIS = 0;                // Cau hinh cac chan ket noi LCD.
0x00FD	0x1683      	BSF        STATUS, 5
0x00FE	0x1303      	BCF        STATUS, 6
0x00FF	0x1286      	BCF        TRISB5_bit, BitPos(TRISB5_bit+0)
;lcd.c,248 :: 		LCD_RS_TRIS = 0;
0x0100	0x1206      	BCF        TRISB4_bit, BitPos(TRISB4_bit+0)
;lcd.c,250 :: 		LCD_DATA4_TRIS = 0;
0x0101	0x1006      	BCF        TRISB0_bit, BitPos(TRISB0_bit+0)
;lcd.c,251 :: 		LCD_DATA5_TRIS = 0;
0x0102	0x1086      	BCF        TRISB1_bit, BitPos(TRISB1_bit+0)
;lcd.c,252 :: 		LCD_DATA6_TRIS = 0;
0x0103	0x1106      	BCF        TRISB2_bit, BitPos(TRISB2_bit+0)
;lcd.c,253 :: 		LCD_DATA7_TRIS = 0;
0x0104	0x1186      	BCF        TRISB3_bit, BitPos(TRISB3_bit+0)
;lcd.c,255 :: 		delay_ms(15);                // Tao tre cho cap nguon LCD on dinh.
0x0105	0x3027      	MOVLW      39
0x0106	0x00FC      	MOVWF      R12
0x0107	0x30F5      	MOVLW      245
0x0108	0x00FD      	MOVWF      R13
L_lcd_init30:
0x0109	0x0BFD      	DECFSZ     R13, 1
0x010A	0x2909      	GOTO       L_lcd_init30
0x010B	0x0BFC      	DECFSZ     R12, 1
0x010C	0x2909      	GOTO       L_lcd_init30
;lcd.c,257 :: 		LCD_RS = 0;
0x010D	0x1283      	BCF        STATUS, 5
0x010E	0x1206      	BCF        RB4_bit, BitPos(RB4_bit+0)
;lcd.c,259 :: 		LCD_EN = 0;
0x010F	0x1286      	BCF        RB5_bit, BitPos(RB5_bit+0)
;lcd.c,261 :: 		lcd_put_nibble(3);        // Reset LCD
0x0110	0x3003      	MOVLW      3
0x0111	0x00AC      	MOVWF      FARG_lcd_put_nibble_b
0x0112	0x2003      	CALL       _lcd_put_nibble
;lcd.c,262 :: 		delay_ms(10);
0x0113	0x301A      	MOVLW      26
0x0114	0x00FC      	MOVWF      R12
0x0115	0x30F8      	MOVLW      248
0x0116	0x00FD      	MOVWF      R13
L_lcd_init31:
0x0117	0x0BFD      	DECFSZ     R13, 1
0x0118	0x2917      	GOTO       L_lcd_init31
0x0119	0x0BFC      	DECFSZ     R12, 1
0x011A	0x2917      	GOTO       L_lcd_init31
0x011B	0x0000      	NOP
;lcd.c,263 :: 		lcd_put_nibble(3);
0x011C	0x3003      	MOVLW      3
0x011D	0x00AC      	MOVWF      FARG_lcd_put_nibble_b
0x011E	0x2003      	CALL       _lcd_put_nibble
;lcd.c,264 :: 		delay_ms(10);
0x011F	0x301A      	MOVLW      26
0x0120	0x00FC      	MOVWF      R12
0x0121	0x30F8      	MOVLW      248
0x0122	0x00FD      	MOVWF      R13
L_lcd_init32:
0x0123	0x0BFD      	DECFSZ     R13, 1
0x0124	0x2923      	GOTO       L_lcd_init32
0x0125	0x0BFC      	DECFSZ     R12, 1
0x0126	0x2923      	GOTO       L_lcd_init32
0x0127	0x0000      	NOP
;lcd.c,265 :: 		lcd_put_nibble(3);
0x0128	0x3003      	MOVLW      3
0x0129	0x00AC      	MOVWF      FARG_lcd_put_nibble_b
0x012A	0x2003      	CALL       _lcd_put_nibble
;lcd.c,266 :: 		delay_ms(10);
0x012B	0x301A      	MOVLW      26
0x012C	0x00FC      	MOVWF      R12
0x012D	0x30F8      	MOVLW      248
0x012E	0x00FD      	MOVWF      R13
L_lcd_init33:
0x012F	0x0BFD      	DECFSZ     R13, 1
0x0130	0x292F      	GOTO       L_lcd_init33
0x0131	0x0BFC      	DECFSZ     R12, 1
0x0132	0x292F      	GOTO       L_lcd_init33
0x0133	0x0000      	NOP
;lcd.c,268 :: 		lcd_put_nibble(2);
0x0134	0x3002      	MOVLW      2
0x0135	0x00AC      	MOVWF      FARG_lcd_put_nibble_b
0x0136	0x2003      	CALL       _lcd_put_nibble
;lcd.c,269 :: 		delay_ms(1);//while(lcd_busy());
0x0137	0x3003      	MOVLW      3
0x0138	0x00FC      	MOVWF      R12
0x0139	0x3097      	MOVLW      151
0x013A	0x00FD      	MOVWF      R13
L_lcd_init34:
0x013B	0x0BFD      	DECFSZ     R13, 1
0x013C	0x293B      	GOTO       L_lcd_init34
0x013D	0x0BFC      	DECFSZ     R12, 1
0x013E	0x293B      	GOTO       L_lcd_init34
0x013F	0x0000      	NOP
0x0140	0x0000      	NOP
;lcd.c,271 :: 		lcd_put_byte(0,FOUR_BIT & LINES_5X7);                // Loai LCD.
0x0141	0x01AA      	CLRF       FARG_lcd_put_byte_rs
0x0142	0x3028      	MOVLW      40
0x0143	0x00AB      	MOVWF      FARG_lcd_put_byte_b
0x0144	0x202B      	CALL       _lcd_put_byte
;lcd.c,272 :: 		delay_ms(1);//while(lcd_busy());
0x0145	0x3003      	MOVLW      3
0x0146	0x00FC      	MOVWF      R12
0x0147	0x3097      	MOVLW      151
0x0148	0x00FD      	MOVWF      R13
L_lcd_init35:
0x0149	0x0BFD      	DECFSZ     R13, 1
0x014A	0x2949      	GOTO       L_lcd_init35
0x014B	0x0BFC      	DECFSZ     R12, 1
0x014C	0x2949      	GOTO       L_lcd_init35
0x014D	0x0000      	NOP
0x014E	0x0000      	NOP
;lcd.c,274 :: 		lcd_put_byte(0,DON & CURSOR_OFF & BLINK_OFF);        // Bat hien thi, tat con tro, tat chop tat con tro.
0x014F	0x01AA      	CLRF       FARG_lcd_put_byte_rs
0x0150	0x300C      	MOVLW      12
0x0151	0x00AB      	MOVWF      FARG_lcd_put_byte_b
0x0152	0x202B      	CALL       _lcd_put_byte
;lcd.c,275 :: 		delay_ms(1);//while(lcd_busy());
0x0153	0x3003      	MOVLW      3
0x0154	0x00FC      	MOVWF      R12
0x0155	0x3097      	MOVLW      151
0x0156	0x00FD      	MOVWF      R13
L_lcd_init36:
0x0157	0x0BFD      	DECFSZ     R13, 1
0x0158	0x2957      	GOTO       L_lcd_init36
0x0159	0x0BFC      	DECFSZ     R12, 1
0x015A	0x2957      	GOTO       L_lcd_init36
0x015B	0x0000      	NOP
0x015C	0x0000      	NOP
;lcd.c,277 :: 		lcd_put_byte(0,0x01);                                 // Xoa man hinh va dua con tro ve dau dong.
0x015D	0x01AA      	CLRF       FARG_lcd_put_byte_rs
0x015E	0x3001      	MOVLW      1
0x015F	0x00AB      	MOVWF      FARG_lcd_put_byte_b
0x0160	0x202B      	CALL       _lcd_put_byte
;lcd.c,278 :: 		delay_ms(1);//while(lcd_busy());
0x0161	0x3003      	MOVLW      3
0x0162	0x00FC      	MOVWF      R12
0x0163	0x3097      	MOVLW      151
0x0164	0x00FD      	MOVWF      R13
L_lcd_init37:
0x0165	0x0BFD      	DECFSZ     R13, 1
0x0166	0x2965      	GOTO       L_lcd_init37
0x0167	0x0BFC      	DECFSZ     R12, 1
0x0168	0x2965      	GOTO       L_lcd_init37
0x0169	0x0000      	NOP
0x016A	0x0000      	NOP
;lcd.c,280 :: 		lcd_put_byte(0,SHIFT_DISP_LEFT);                        // Che do dich chuyen con tro.
0x016B	0x01AA      	CLRF       FARG_lcd_put_byte_rs
0x016C	0x3006      	MOVLW      6
0x016D	0x00AB      	MOVWF      FARG_lcd_put_byte_b
0x016E	0x202B      	CALL       _lcd_put_byte
;lcd.c,281 :: 		delay_ms(1);//while(lcd_busy());
0x016F	0x3003      	MOVLW      3
0x0170	0x00FC      	MOVWF      R12
0x0171	0x3097      	MOVLW      151
0x0172	0x00FD      	MOVWF      R13
L_lcd_init38:
0x0173	0x0BFD      	DECFSZ     R13, 1
0x0174	0x2973      	GOTO       L_lcd_init38
0x0175	0x0BFC      	DECFSZ     R12, 1
0x0176	0x2973      	GOTO       L_lcd_init38
0x0177	0x0000      	NOP
0x0178	0x0000      	NOP
;lcd.c,282 :: 		}
L_end_lcd_init:
0x0179	0x0008      	RETURN
; end of _lcd_init
_main:
;Baitap2.c,44 :: 		void main()
;Baitap2.c,47 :: 		ANSEL = ANSELH = 0;
0x017A	0x1683      	BSF        STATUS, 5
0x017B	0x1703      	BSF        STATUS, 6
0x017C	0x0189      	CLRF       ANSELH
0x017D	0x0188      	CLRF       ANSEL
;Baitap2.c,48 :: 		lcd_init();
0x017E	0x20FD      	CALL       _lcd_init
;Baitap2.c,49 :: 		napkitudacbiet();
0x017F	0x20CE      	CALL       _napkitudacbiet
;Baitap2.c,50 :: 		lcd_putc('\f');
0x0180	0x300C      	MOVLW      12
0x0181	0x00A6      	MOVWF      FARG_lcd_putc_c
0x0182	0x206D      	CALL       _lcd_putc
;Baitap2.c,52 :: 		while(1){
L_main2:
;Baitap2.c,54 :: 		lcd_gotoxy(0,0);
0x0183	0x01A7      	CLRF       FARG_lcd_gotoxy_col
0x0184	0x01A8      	CLRF       FARG_lcd_gotoxy_row
0x0185	0x2051      	CALL       _lcd_gotoxy
;Baitap2.c,56 :: 		for( i = 0 ; i < 15 ; i++ )
0x0186	0x01A2      	CLRF       main_i_L0
0x0187	0x01A3      	CLRF       main_i_L0+1
L_main4:
0x0188	0x3000      	MOVLW      0
0x0189	0x0223      	SUBWF      main_i_L0+1, 0
0x018A	0x1D03      	BTFSS      STATUS, 2
0x018B	0x298E      	GOTO       L__main22
0x018C	0x300F      	MOVLW      15
0x018D	0x0222      	SUBWF      main_i_L0, 0
L__main22:
0x018E	0x1803      	BTFSC      STATUS, 0
0x018F	0x29A5      	GOTO       L_main5
;Baitap2.c,57 :: 		lcd_putc(line00[i]);
0x0190	0x0822      	MOVF       main_i_L0, 0
0x0191	0x3E9A      	ADDLW      _line00
0x0192	0x00F0      	MOVWF      R0
0x0193	0x3002      	MOVLW      hi_addr(_line00)
0x0194	0x1803      	BTFSC      STATUS, 0
0x0195	0x3E01      	ADDLW      1
0x0196	0x0723      	ADDWF      main_i_L0+1, 0
0x0197	0x00F1      	MOVWF      R0+1
0x0198	0x0870      	MOVF       R0, 0
0x0199	0x00A0      	MOVWF      ___DoICPAddr
0x019A	0x0871      	MOVF       R0+1, 0
0x019B	0x00A1      	MOVWF      ___DoICPAddr+1
0x019C	0x2066      	CALL       _____DoICP
0x019D	0x118A      	BCF        PCLATH, 3
0x019E	0x120A      	BCF        PCLATH, 4
0x019F	0x00A6      	MOVWF      FARG_lcd_putc_c
0x01A0	0x206D      	CALL       _lcd_putc
;Baitap2.c,56 :: 		for( i = 0 ; i < 15 ; i++ )
0x01A1	0x0AA2      	INCF       main_i_L0, 1
0x01A2	0x1903      	BTFSC      STATUS, 2
0x01A3	0x0AA3      	INCF       main_i_L0+1, 1
;Baitap2.c,57 :: 		lcd_putc(line00[i]);
0x01A4	0x2988      	GOTO       L_main4
L_main5:
;Baitap2.c,60 :: 		lcd_gotoxy(0,1);
0x01A5	0x01A7      	CLRF       FARG_lcd_gotoxy_col
0x01A6	0x3001      	MOVLW      1
0x01A7	0x00A8      	MOVWF      FARG_lcd_gotoxy_row
0x01A8	0x2051      	CALL       _lcd_gotoxy
;Baitap2.c,61 :: 		lcd_puts(line01);
0x01A9	0x30B5      	MOVLW      _line01
0x01AA	0x00A4      	MOVWF      FARG_lcd_puts_s
0x01AB	0x3002      	MOVLW      hi_addr(_line01)
0x01AC	0x00A5      	MOVWF      FARG_lcd_puts_s+1
0x01AD	0x20B3      	CALL       _lcd_puts
;Baitap2.c,63 :: 		delay_ms(2000);
0x01AE	0x3015      	MOVLW      21
0x01AF	0x00FB      	MOVWF      R11
0x01B0	0x304B      	MOVLW      75
0x01B1	0x00FC      	MOVWF      R12
0x01B2	0x30BE      	MOVLW      190
0x01B3	0x00FD      	MOVWF      R13
L_main7:
0x01B4	0x0BFD      	DECFSZ     R13, 1
0x01B5	0x29B4      	GOTO       L_main7
0x01B6	0x0BFC      	DECFSZ     R12, 1
0x01B7	0x29B4      	GOTO       L_main7
0x01B8	0x0BFB      	DECFSZ     R11, 1
0x01B9	0x29B4      	GOTO       L_main7
0x01BA	0x0000      	NOP
;Baitap2.c,64 :: 		lcd_putc('\f');
0x01BB	0x300C      	MOVLW      12
0x01BC	0x00A6      	MOVWF      FARG_lcd_putc_c
0x01BD	0x206D      	CALL       _lcd_putc
;Baitap2.c,67 :: 		lcd_gotoxy(0,0);
0x01BE	0x01A7      	CLRF       FARG_lcd_gotoxy_col
0x01BF	0x01A8      	CLRF       FARG_lcd_gotoxy_row
0x01C0	0x2051      	CALL       _lcd_gotoxy
;Baitap2.c,68 :: 		for( i = 0; i <= 3 ; i++ )
0x01C1	0x01A2      	CLRF       main_i_L0
0x01C2	0x01A3      	CLRF       main_i_L0+1
L_main8:
0x01C3	0x0823      	MOVF       main_i_L0+1, 0
0x01C4	0x3C00      	SUBLW      0
0x01C5	0x1D03      	BTFSS      STATUS, 2
0x01C6	0x29C9      	GOTO       L__main23
0x01C7	0x0822      	MOVF       main_i_L0, 0
0x01C8	0x3C03      	SUBLW      3
L__main23:
0x01C9	0x1C03      	BTFSS      STATUS, 0
0x01CA	0x29E0      	GOTO       L_main9
;Baitap2.c,69 :: 		lcd_putc(line10_a[i]);
0x01CB	0x0822      	MOVF       main_i_L0, 0
0x01CC	0x3EC5      	ADDLW      _line10_a
0x01CD	0x00F0      	MOVWF      R0
0x01CE	0x3002      	MOVLW      hi_addr(_line10_a)
0x01CF	0x1803      	BTFSC      STATUS, 0
0x01D0	0x3E01      	ADDLW      1
0x01D1	0x0723      	ADDWF      main_i_L0+1, 0
0x01D2	0x00F1      	MOVWF      R0+1
0x01D3	0x0870      	MOVF       R0, 0
0x01D4	0x00A0      	MOVWF      ___DoICPAddr
0x01D5	0x0871      	MOVF       R0+1, 0
0x01D6	0x00A1      	MOVWF      ___DoICPAddr+1
0x01D7	0x2066      	CALL       _____DoICP
0x01D8	0x118A      	BCF        PCLATH, 3
0x01D9	0x120A      	BCF        PCLATH, 4
0x01DA	0x00A6      	MOVWF      FARG_lcd_putc_c
0x01DB	0x206D      	CALL       _lcd_putc
;Baitap2.c,68 :: 		for( i = 0; i <= 3 ; i++ )
0x01DC	0x0AA2      	INCF       main_i_L0, 1
0x01DD	0x1903      	BTFSC      STATUS, 2
0x01DE	0x0AA3      	INCF       main_i_L0+1, 1
;Baitap2.c,69 :: 		lcd_putc(line10_a[i]);
0x01DF	0x29C3      	GOTO       L_main8
L_main9:
;Baitap2.c,72 :: 		lcd_gotoxy(5,0);
0x01E0	0x3005      	MOVLW      5
0x01E1	0x00A7      	MOVWF      FARG_lcd_gotoxy_col
0x01E2	0x01A8      	CLRF       FARG_lcd_gotoxy_row
0x01E3	0x2051      	CALL       _lcd_gotoxy
;Baitap2.c,73 :: 		lcd_puts(line10_b);
0x01E4	0x30A9      	MOVLW      _line10_b
0x01E5	0x00A4      	MOVWF      FARG_lcd_puts_s
0x01E6	0x3002      	MOVLW      hi_addr(_line10_b)
0x01E7	0x00A5      	MOVWF      FARG_lcd_puts_s+1
0x01E8	0x20B3      	CALL       _lcd_puts
;Baitap2.c,75 :: 		lcd_gotoxy(0,1);
0x01E9	0x01A7      	CLRF       FARG_lcd_gotoxy_col
0x01EA	0x3001      	MOVLW      1
0x01EB	0x00A8      	MOVWF      FARG_lcd_gotoxy_row
0x01EC	0x2051      	CALL       _lcd_gotoxy
;Baitap2.c,76 :: 		for( i = 0; i <= 16 ; i++ )
0x01ED	0x01A2      	CLRF       main_i_L0
0x01EE	0x01A3      	CLRF       main_i_L0+1
L_main11:
0x01EF	0x0823      	MOVF       main_i_L0+1, 0
0x01F0	0x3C00      	SUBLW      0
0x01F1	0x1D03      	BTFSS      STATUS, 2
0x01F2	0x29F5      	GOTO       L__main24
0x01F3	0x0822      	MOVF       main_i_L0, 0
0x01F4	0x3C10      	SUBLW      16
L__main24:
0x01F5	0x1C03      	BTFSS      STATUS, 0
0x01F6	0x2A0C      	GOTO       L_main12
;Baitap2.c,77 :: 		lcd_putc(line11[i]);
0x01F7	0x0822      	MOVF       main_i_L0, 0
0x01F8	0x3E8A      	ADDLW      _line11
0x01F9	0x00F0      	MOVWF      R0
0x01FA	0x3002      	MOVLW      hi_addr(_line11)
0x01FB	0x1803      	BTFSC      STATUS, 0
0x01FC	0x3E01      	ADDLW      1
0x01FD	0x0723      	ADDWF      main_i_L0+1, 0
0x01FE	0x00F1      	MOVWF      R0+1
0x01FF	0x0870      	MOVF       R0, 0
0x0200	0x00A0      	MOVWF      ___DoICPAddr
0x0201	0x0871      	MOVF       R0+1, 0
0x0202	0x00A1      	MOVWF      ___DoICPAddr+1
0x0203	0x2066      	CALL       _____DoICP
0x0204	0x118A      	BCF        PCLATH, 3
0x0205	0x120A      	BCF        PCLATH, 4
0x0206	0x00A6      	MOVWF      FARG_lcd_putc_c
0x0207	0x206D      	CALL       _lcd_putc
;Baitap2.c,76 :: 		for( i = 0; i <= 16 ; i++ )
0x0208	0x0AA2      	INCF       main_i_L0, 1
0x0209	0x1903      	BTFSC      STATUS, 2
0x020A	0x0AA3      	INCF       main_i_L0+1, 1
;Baitap2.c,77 :: 		lcd_putc(line11[i]);
0x020B	0x29EF      	GOTO       L_main11
L_main12:
;Baitap2.c,80 :: 		delay_ms(2000);
0x020C	0x3015      	MOVLW      21
0x020D	0x00FB      	MOVWF      R11
0x020E	0x304B      	MOVLW      75
0x020F	0x00FC      	MOVWF      R12
0x0210	0x30BE      	MOVLW      190
0x0211	0x00FD      	MOVWF      R13
L_main14:
0x0212	0x0BFD      	DECFSZ     R13, 1
0x0213	0x2A12      	GOTO       L_main14
0x0214	0x0BFC      	DECFSZ     R12, 1
0x0215	0x2A12      	GOTO       L_main14
0x0216	0x0BFB      	DECFSZ     R11, 1
0x0217	0x2A12      	GOTO       L_main14
0x0218	0x0000      	NOP
;Baitap2.c,81 :: 		lcd_putc('\f');
0x0219	0x300C      	MOVLW      12
0x021A	0x00A6      	MOVWF      FARG_lcd_putc_c
0x021B	0x206D      	CALL       _lcd_putc
;Baitap2.c,85 :: 		lcd_gotoxy(0,0);
0x021C	0x01A7      	CLRF       FARG_lcd_gotoxy_col
0x021D	0x01A8      	CLRF       FARG_lcd_gotoxy_row
0x021E	0x2051      	CALL       _lcd_gotoxy
;Baitap2.c,86 :: 		lcd_puts(line20);
0x021F	0x30BB      	MOVLW      _line20
0x0220	0x00A4      	MOVWF      FARG_lcd_puts_s
0x0221	0x3002      	MOVLW      hi_addr(_line20)
0x0222	0x00A5      	MOVWF      FARG_lcd_puts_s+1
0x0223	0x20B3      	CALL       _lcd_puts
;Baitap2.c,88 :: 		lcd_gotoxy(0,1);
0x0224	0x01A7      	CLRF       FARG_lcd_gotoxy_col
0x0225	0x3001      	MOVLW      1
0x0226	0x00A8      	MOVWF      FARG_lcd_gotoxy_row
0x0227	0x2051      	CALL       _lcd_gotoxy
;Baitap2.c,90 :: 		for ( i = 0 ; i <= 3 ; i++ )
0x0228	0x01A2      	CLRF       main_i_L0
0x0229	0x01A3      	CLRF       main_i_L0+1
L_main15:
0x022A	0x0823      	MOVF       main_i_L0+1, 0
0x022B	0x3C00      	SUBLW      0
0x022C	0x1D03      	BTFSS      STATUS, 2
0x022D	0x2A30      	GOTO       L__main25
0x022E	0x0822      	MOVF       main_i_L0, 0
0x022F	0x3C03      	SUBLW      3
L__main25:
0x0230	0x1C03      	BTFSS      STATUS, 0
0x0231	0x2A47      	GOTO       L_main16
;Baitap2.c,91 :: 		lcd_putc(line21[i]);
0x0232	0x0822      	MOVF       main_i_L0, 0
0x0233	0x3EC1      	ADDLW      _line21
0x0234	0x00F0      	MOVWF      R0
0x0235	0x3002      	MOVLW      hi_addr(_line21)
0x0236	0x1803      	BTFSC      STATUS, 0
0x0237	0x3E01      	ADDLW      1
0x0238	0x0723      	ADDWF      main_i_L0+1, 0
0x0239	0x00F1      	MOVWF      R0+1
0x023A	0x0870      	MOVF       R0, 0
0x023B	0x00A0      	MOVWF      ___DoICPAddr
0x023C	0x0871      	MOVF       R0+1, 0
0x023D	0x00A1      	MOVWF      ___DoICPAddr+1
0x023E	0x2066      	CALL       _____DoICP
0x023F	0x118A      	BCF        PCLATH, 3
0x0240	0x120A      	BCF        PCLATH, 4
0x0241	0x00A6      	MOVWF      FARG_lcd_putc_c
0x0242	0x206D      	CALL       _lcd_putc
;Baitap2.c,90 :: 		for ( i = 0 ; i <= 3 ; i++ )
0x0243	0x0AA2      	INCF       main_i_L0, 1
0x0244	0x1903      	BTFSC      STATUS, 2
0x0245	0x0AA3      	INCF       main_i_L0+1, 1
;Baitap2.c,91 :: 		lcd_putc(line21[i]);
0x0246	0x2A2A      	GOTO       L_main15
L_main16:
;Baitap2.c,93 :: 		delay_ms(2000);
0x0247	0x3015      	MOVLW      21
0x0248	0x00FB      	MOVWF      R11
0x0249	0x304B      	MOVLW      75
0x024A	0x00FC      	MOVWF      R12
0x024B	0x30BE      	MOVLW      190
0x024C	0x00FD      	MOVWF      R13
L_main18:
0x024D	0x0BFD      	DECFSZ     R13, 1
0x024E	0x2A4D      	GOTO       L_main18
0x024F	0x0BFC      	DECFSZ     R12, 1
0x0250	0x2A4D      	GOTO       L_main18
0x0251	0x0BFB      	DECFSZ     R11, 1
0x0252	0x2A4D      	GOTO       L_main18
0x0253	0x0000      	NOP
;Baitap2.c,94 :: 		lcd_putc('\f');
0x0254	0x300C      	MOVLW      12
0x0255	0x00A6      	MOVWF      FARG_lcd_putc_c
0x0256	0x206D      	CALL       _lcd_putc
;Baitap2.c,95 :: 		}
0x0257	0x2983      	GOTO       L_main2
;Baitap2.c,97 :: 		}
L_end_main:
0x0258	0x2A58      	GOTO       $+0
; end of _main
;Baitap2.c,5 :: _customchar
0x0259	0x3400 ;_customchar+0
0x025A	0x3400 ;_customchar+1
0x025B	0x340E ;_customchar+2
0x025C	0x3411 ;_customchar+3
0x025D	0x3411 ;_customchar+4
0x025E	0x340E ;_customchar+5
0x025F	0x3400 ;_customchar+6
0x0260	0x3404 ;_customchar+7
0x0261	0x340E ;_customchar+8
0x0262	0x3411 ;_customchar+9
0x0263	0x340E ;_customchar+10
0x0264	0x3411 ;_customchar+11
0x0265	0x341F ;_customchar+12
0x0266	0x3410 ;_customchar+13
0x0267	0x340F ;_customchar+14
0x0268	0x3400 ;_customchar+15
0x0269	0x3408 ;_customchar+16
0x026A	0x3404 ;_customchar+17
0x026B	0x340E ;_customchar+18
0x026C	0x3401 ;_customchar+19
0x026D	0x340F ;_customchar+20
0x026E	0x3411 ;_customchar+21
0x026F	0x340F ;_customchar+22
0x0270	0x3400 ;_customchar+23
0x0271	0x3402 ;_customchar+24
0x0272	0x3401 ;_customchar+25
0x0273	0x340E ;_customchar+26
0x0274	0x3411 ;_customchar+27
0x0275	0x3411 ;_customchar+28
0x0276	0x3411 ;_customchar+29
0x0277	0x340E ;_customchar+30
0x0278	0x3400 ;_customchar+31
0x0279	0x3404 ;_customchar+32
0x027A	0x3402 ;_customchar+33
0x027B	0x3404 ;_customchar+34
0x027C	0x340C ;_customchar+35
0x027D	0x3404 ;_customchar+36
0x027E	0x3404 ;_customchar+37
0x027F	0x340E ;_customchar+38
0x0280	0x3400 ;_customchar+39
0x0281	0x3402 ;_customchar+40
0x0282	0x3405 ;_customchar+41
0x0283	0x340E ;_customchar+42
0x0284	0x3411 ;_customchar+43
0x0285	0x3411 ;_customchar+44
0x0286	0x3411 ;_customchar+45
0x0287	0x340E ;_customchar+46
0x0288	0x3400 ;_customchar+47
0x0289	0x3499 ;_customchar+48
; end of _customchar
;Baitap2.c,37 :: _line11
0x028A	0x344E ;_line11+0
0x028B	0x3403 ;_line11+1
0x028C	0x3469 ;_line11+2
0x028D	0x3473 ;_line11+3
0x028E	0x3469 ;_line11+4
0x028F	0x346E ;_line11+5
0x0290	0x3468 ;_line11+6
0x0291	0x343A ;_line11+7
0x0292	0x3454 ;_line11+8
0x0293	0x3404 ;_line11+9
0x0294	0x346E ;_line11+10
0x0295	0x3468 ;_line11+11
0x0296	0x3428 ;_line11+12
0x0297	0x3454 ;_line11+13
0x0298	0x3450 ;_line11+14
0x0299	0x3429 ;_line11+15
; end of _line11
;Baitap2.c,30 :: _line00
0x029A	0x3448 ;_line00+0
0x029B	0x3400 ;_line00+1
0x029C	0x3476 ;_line00+2
0x029D	0x3402 ;_line00+3
0x029E	0x3474 ;_line00+4
0x029F	0x3401 ;_line00+5
0x02A0	0x346E ;_line00+6
0x02A1	0x3473 ;_line00+7
0x02A2	0x3469 ;_line00+8
0x02A3	0x346E ;_line00+9
0x02A4	0x3468 ;_line00+10
0x02A5	0x3476 ;_line00+11
0x02A6	0x3469 ;_line00+12
0x02A7	0x3401 ;_line00+13
0x02A8	0x346E ;_line00+14
; end of _line00
;Baitap2.c,36 :: _line10_b
0x02A9	0x3473 ;_line10_b+0
0x02AA	0x3469 ;_line10_b+1
0x02AB	0x346E ;_line10_b+2
0x02AC	0x3468 ;_line10_b+3
0x02AD	0x3420 ;_line10_b+4
0x02AE	0x343A ;_line10_b+5
0x02AF	0x346D ;_line10_b+6
0x02B0	0x346D ;_line10_b+7
0x02B1	0x342F ;_line10_b+8
0x02B2	0x3479 ;_line10_b+9
0x02B3	0x3479 ;_line10_b+10
0x02B4	0x3400 ;_line10_b+11
; end of _line10_b
;Baitap2.c,31 :: _line01
0x02B5	0x344D ;_line01+0
0x02B6	0x3453 ;_line01+1
0x02B7	0x3453 ;_line01+2
0x02B8	0x3456 ;_line01+3
0x02B9	0x343A ;_line01+4
0x02BA	0x3400 ;_line01+5
; end of _line01
;Baitap2.c,41 :: _line20
0x02BB	0x3448 ;_line20+0
0x02BC	0x344B ;_line20+1
0x02BD	0x3454 ;_line20+2
0x02BE	0x3454 ;_line20+3
0x02BF	0x343A ;_line20+4
0x02C0	0x3400 ;_line20+5
; end of _line20
;Baitap2.c,42 :: _line21
0x02C1	0x344C ;_line21+0
0x02C2	0x3405 ;_line21+1
0x02C3	0x3470 ;_line21+2
0x02C4	0x343A ;_line21+3
; end of _line21
;Baitap2.c,35 :: _line10_a
0x02C5	0x344E ;_line10_a+0
0x02C6	0x3467 ;_line10_a+1
0x02C7	0x3402 ;_line10_a+2
0x02C8	0x3479 ;_line10_a+3
; end of _line10_a
Symbol List:
//** Routines locations **
//ADDRESS    SIZE    PROCEDURE
//----------------------------------------------
0x0003      [40]    _lcd_put_nibble
0x002B      [38]    _lcd_put_byte
0x0051      [21]    _lcd_gotoxy
0x0066       [7]    _____DoICP
0x006D      [70]    _lcd_putc
0x00B3      [27]    _lcd_puts
0x00CE      [47]    _napkitudacbiet
0x00FD     [125]    _lcd_init
0x017A     [223]    _main
//** Variables locations ** 
//ADDRESS    SIZE    VARIABLE
//----------------------------------------------
0x0000       [1]    INDF
0x0002       [1]    PCL
0x0003       [1]    STATUS
0x0004       [1]    FSR
0x0006       [0]    RB1_bit
0x0006       [0]    RB4_bit
0x0006       [0]    RB0_bit
0x0006       [0]    RB2_bit
0x0006       [0]    RB3_bit
0x0006       [0]    RB5_bit
0x000A       [1]    PCLATH
0x0020       [2]    ___DoICPAddr
0x0022       [2]    main_i_L0
0x0024       [1]    napkitudacbiet_j_L0
0x0024       [2]    FARG_lcd_puts_s
0x0026       [1]    FARG_lcd_putc_c
0x0027       [1]    FARG_lcd_gotoxy_col
0x0028       [1]    FARG_lcd_gotoxy_row
0x0029       [1]    lcd_gotoxy_address_L0
0x002A       [1]    FARG_lcd_put_byte_rs
0x002B       [1]    FARG_lcd_put_byte_b
0x002C       [1]    FARG_lcd_put_nibble_b
0x0070       [1]    R0
0x0071       [1]    R1
0x0072       [1]    R2
0x0073       [1]    R3
0x0074       [1]    R4
0x0075       [1]    R5
0x0076       [1]    R6
0x0077       [1]    R7
0x0078       [1]    R8
0x0079       [1]    R9
0x007A       [1]    R10
0x007B       [1]    R11
0x007C       [1]    R12
0x007D       [1]    R13
0x007E       [1]    R14
0x007F       [1]    R15
0x0086       [0]    TRISB0_bit
0x0086       [0]    TRISB4_bit
0x0086       [0]    TRISB5_bit
0x0086       [0]    TRISB2_bit
0x0086       [0]    TRISB1_bit
0x0086       [0]    TRISB3_bit
0x0188       [1]    ANSEL
0x0189       [1]    ANSELH
//** Constants locations ** 
//ADDRESS    SIZE    CONSTANT
//----------------------------------------------
0x0259      [49]    _customchar
0x028A      [16]    _line11
0x029A      [15]    _line00
0x02A9      [12]    _line10_b
0x02B5       [6]    _line01
0x02BB       [6]    _line20
0x02C1       [4]    _line21
0x02C5       [4]    _line10_a
