;  LST file generated by mikroListExporter - v.2.0 
; Date/Time: 10/4/2025 3:53:00 PM
;----------------------------------------------

;Address Opcode 	ASM
0x0000	0x286D      	GOTO       109
_interrupt:
0x0004	0x00FF      	MOVWF      R15
0x0005	0x0E03      	SWAPF      STATUS, 0
0x0006	0x0183      	CLRF       STATUS
0x0007	0x00B3      	MOVWF      ___saveSTATUS
0x0008	0x080A      	MOVF       PCLATH, 0
0x0009	0x00B4      	MOVWF      ___savePCLATH
0x000A	0x018A      	CLRF       PCLATH
0x000B	0x0870      	MOVF       R0, 0
0x000C	0x00A1      	MOVWF      33
0x000D	0x087C      	MOVF       R12, 0
0x000E	0x00A0      	MOVWF      32
;Baitap2_Tuan3.c,18 :: 		void interrupt()
;Baitap2_Tuan3.c,20 :: 		if ( RBIF_BIT )
0x000F	0x1C0B      	BTFSS      RBIF_bit, BitPos(RBIF_bit+0)
0x0010	0x2813      	GOTO       L_interrupt0
;Baitap2_Tuan3.c,21 :: 		temp = PORTB;
0x0011	0x0806      	MOVF       PORTB, 0
0x0012	0x00B2      	MOVWF      _temp
L_interrupt0:
;Baitap2_Tuan3.c,22 :: 		RBIF_BIT = 0;
0x0013	0x100B      	BCF        RBIF_bit, BitPos(RBIF_bit+0)
;Baitap2_Tuan3.c,23 :: 		delay_ms(50);
0x0014	0x3082      	MOVLW      130
0x0015	0x00FC      	MOVWF      R12
0x0016	0x30DD      	MOVLW      221
0x0017	0x00FD      	MOVWF      R13
L_interrupt1:
0x0018	0x0BFD      	DECFSZ     R13, 1
0x0019	0x2818      	GOTO       L_interrupt1
0x001A	0x0BFC      	DECFSZ     R12, 1
0x001B	0x2818      	GOTO       L_interrupt1
0x001C	0x0000      	NOP
0x001D	0x0000      	NOP
;Baitap2_Tuan3.c,25 :: 		if ( !RB0_BIT )
0x001E	0x1806      	BTFSC      RB0_bit, BitPos(RB0_bit+0)
0x001F	0x2829      	GOTO       L_interrupt2
;Baitap2_Tuan3.c,27 :: 		push_count = push_count_LED1;
0x0020	0x0822      	MOVF       _push_count_LED1, 0
0x0021	0x00AF      	MOVWF      _push_count
;Baitap2_Tuan3.c,28 :: 		push_count_LED1++;
0x0022	0x0A22      	INCF       _push_count_LED1, 0
0x0023	0x00F0      	MOVWF      R0
0x0024	0x0870      	MOVF       R0, 0
0x0025	0x00A2      	MOVWF      _push_count_LED1
;Baitap2_Tuan3.c,29 :: 		PORTA = 0x01;
0x0026	0x3001      	MOVLW      1
0x0027	0x0085      	MOVWF      PORTA
;Baitap2_Tuan3.c,31 :: 		}
0x0028	0x283E      	GOTO       L_interrupt3
L_interrupt2:
;Baitap2_Tuan3.c,33 :: 		else if ( !RB1_BIT )
0x0029	0x1886      	BTFSC      RB1_bit, BitPos(RB1_bit+0)
0x002A	0x2834      	GOTO       L_interrupt4
;Baitap2_Tuan3.c,35 :: 		push_count = push_count_LED2;
0x002B	0x0823      	MOVF       _push_count_LED2, 0
0x002C	0x00AF      	MOVWF      _push_count
;Baitap2_Tuan3.c,36 :: 		push_count_LED2++;
0x002D	0x0A23      	INCF       _push_count_LED2, 0
0x002E	0x00F0      	MOVWF      R0
0x002F	0x0870      	MOVF       R0, 0
0x0030	0x00A3      	MOVWF      _push_count_LED2
;Baitap2_Tuan3.c,37 :: 		PORTA = 0x02;
0x0031	0x3002      	MOVLW      2
0x0032	0x0085      	MOVWF      PORTA
;Baitap2_Tuan3.c,39 :: 		}
0x0033	0x283E      	GOTO       L_interrupt5
L_interrupt4:
;Baitap2_Tuan3.c,41 :: 		else if ( !RB2_BIT )
0x0034	0x1906      	BTFSC      RB2_bit, BitPos(RB2_bit+0)
0x0035	0x283E      	GOTO       L_interrupt6
;Baitap2_Tuan3.c,43 :: 		push_count = push_count_LED3;
0x0036	0x082E      	MOVF       _push_count_LED3, 0
0x0037	0x00AF      	MOVWF      _push_count
;Baitap2_Tuan3.c,44 :: 		push_count_LED3++;
0x0038	0x0A2E      	INCF       _push_count_LED3, 0
0x0039	0x00F0      	MOVWF      R0
0x003A	0x0870      	MOVF       R0, 0
0x003B	0x00AE      	MOVWF      _push_count_LED3
;Baitap2_Tuan3.c,45 :: 		PORTA = 0x04;
0x003C	0x3004      	MOVLW      4
0x003D	0x0085      	MOVWF      PORTA
;Baitap2_Tuan3.c,47 :: 		}
L_interrupt6:
L_interrupt5:
L_interrupt3:
;Baitap2_Tuan3.c,48 :: 		}
L_end_interrupt:
L__interrupt10:
0x003E	0x0821      	MOVF       33, 0
0x003F	0x00F0      	MOVWF      R0
0x0040	0x0820      	MOVF       32, 0
0x0041	0x00FC      	MOVWF      R12
0x0042	0x0834      	MOVF       ___savePCLATH, 0
0x0043	0x008A      	MOVWF      PCLATH
0x0044	0x0E33      	SWAPF      ___saveSTATUS, 0
0x0045	0x0083      	MOVWF      STATUS
0x0046	0x0EFF      	SWAPF      R15, 1
0x0047	0x0E7F      	SWAPF      R15, 0
0x0048	0x0009      	RETFIE
; end of _interrupt
_____DoICP:
;__Lib_System.c,6 :: 		
;__Lib_System.c,9 :: 		
0x0049	0x1283      	BCF        STATUS, 5
0x004A	0x1303      	BCF        STATUS, 6
0x004B	0x0831      	MOVF       ___DoICPAddr+1, 0
0x004C	0x008A      	MOVWF      PCLATH
;__Lib_System.c,10 :: 		
0x004D	0x0830      	MOVF       ___DoICPAddr, 0
0x004E	0x0082      	MOVWF      PCL
;__Lib_System.c,12 :: 		
L_end_____DoICP:
0x004F	0x0008      	RETURN
; end of _____DoICP
___CC2DW:
;__Lib_System.c,134 :: 		
;__Lib_System.c,137 :: 		
_CC2D_Loop1:
;__Lib_System.c,139 :: 		
0x0050	0x2049      	CALL       _____DoICP
0x0051	0x118A      	BCF        PCLATH, 3
0x0052	0x120A      	BCF        PCLATH, 4
;__Lib_System.c,141 :: 		
0x0053	0x0080      	MOVWF      INDF
;__Lib_System.c,142 :: 		
0x0054	0x0A84      	INCF       FSR, 1
;__Lib_System.c,143 :: 		
0x0055	0x0AB0      	INCF       ___DoICPAddr, 1
;__Lib_System.c,145 :: 		
0x0056	0x1903      	BTFSC      STATUS, 2
;__Lib_System.c,146 :: 		
0x0057	0x0AB1      	INCF       ___DoICPAddr+1, 1
;__Lib_System.c,147 :: 		
0x0058	0x03F0      	DECF       R0, 1
;__Lib_System.c,149 :: 		
0x0059	0x1D03      	BTFSS      STATUS, 2
;__Lib_System.c,150 :: 		
0x005A	0x2850      	GOTO       _CC2D_Loop1
;__Lib_System.c,152 :: 		
L_end___CC2DW:
0x005B	0x0008      	RETURN
; end of ___CC2DW
_Div_8X8_U:
;__Lib_Math.c,189 :: 		
;__Lib_Math.c,196 :: 		
0x005C	0x1283      	BCF        STATUS, 5
;__Lib_Math.c,197 :: 		
0x005D	0x1303      	BCF        STATUS, 6
;__Lib_Math.c,198 :: 		
0x005E	0x01F8      	CLRF       R8
;__Lib_Math.c,199 :: 		
0x005F	0x3008      	MOVLW      8
;__Lib_Math.c,200 :: 		
0x0060	0x00FC      	MOVWF      R12
;__Lib_Math.c,201 :: 		
0x0061	0x0D70      	RLF        R0, 0
;__Lib_Math.c,202 :: 		
0x0062	0x0DF8      	RLF        R8, 1
;__Lib_Math.c,203 :: 		
0x0063	0x0874      	MOVF       R4, 0
;__Lib_Math.c,204 :: 		
0x0064	0x02F8      	SUBWF      R8, 1
;__Lib_Math.c,205 :: 		
0x0065	0x1803      	BTFSC      STATUS, 0
;__Lib_Math.c,206 :: 		
0x0066	0x2869      	GOTO       $+3
;__Lib_Math.c,207 :: 		
0x0067	0x07F8      	ADDWF      R8, 1
;__Lib_Math.c,208 :: 		
0x0068	0x1003      	BCF        STATUS, 0
;__Lib_Math.c,209 :: 		
0x0069	0x0DF0      	RLF        R0, 1
;__Lib_Math.c,210 :: 		
0x006A	0x0BFC      	DECFSZ     R12, 1
;__Lib_Math.c,211 :: 		
0x006B	0x2861      	GOTO       $-10
;__Lib_Math.c,213 :: 		
L_end_Div_8X8_U:
0x006C	0x0008      	RETURN
; end of _Div_8X8_U
_main:
0x006D	0x1283      	BCF        STATUS, 5
0x006E	0x1303      	BCF        STATUS, 6
0x006F	0x01A2      	CLRF       _push_count_LED1
0x0070	0x01A3      	CLRF       _push_count_LED2
0x0071	0x303F      	MOVLW      63
0x0072	0x00A4      	MOVWF      _segment7_LED
0x0073	0x3006      	MOVLW      6
0x0074	0x00A5      	MOVWF      37
0x0075	0x305B      	MOVLW      91
0x0076	0x00A6      	MOVWF      38
0x0077	0x304F      	MOVLW      79
0x0078	0x00A7      	MOVWF      39
0x0079	0x3066      	MOVLW      102
0x007A	0x00A8      	MOVWF      40
0x007B	0x306D      	MOVLW      109
0x007C	0x00A9      	MOVWF      41
0x007D	0x307D      	MOVLW      125
0x007E	0x00AA      	MOVWF      42
0x007F	0x3007      	MOVLW      7
0x0080	0x00AB      	MOVWF      43
0x0081	0x307F      	MOVLW      127
0x0082	0x00AC      	MOVWF      44
0x0083	0x306F      	MOVLW      111
0x0084	0x00AD      	MOVWF      45
0x0085	0x01AE      	CLRF       _push_count_LED3
;Baitap2_Tuan3.c,50 :: 		void main() {
;Baitap2_Tuan3.c,51 :: 		ANSEL = ANSELH = 0;
0x0086	0x1683      	BSF        STATUS, 5
0x0087	0x1703      	BSF        STATUS, 6
0x0088	0x0189      	CLRF       ANSELH
0x0089	0x0188      	CLRF       ANSEL
;Baitap2_Tuan3.c,52 :: 		TRISA = 0x00;
0x008A	0x1303      	BCF        STATUS, 6
0x008B	0x0185      	CLRF       TRISA
;Baitap2_Tuan3.c,53 :: 		TRISD = 0x00;
0x008C	0x0188      	CLRF       TRISD
;Baitap2_Tuan3.c,54 :: 		TRISB = 0x07;
0x008D	0x3007      	MOVLW      7
0x008E	0x0086      	MOVWF      TRISB
;Baitap2_Tuan3.c,56 :: 		GIE_BIT = 1;
0x008F	0x178B      	BSF        GIE_bit, BitPos(GIE_bit+0)
;Baitap2_Tuan3.c,57 :: 		RBIE_BIT = 1;
0x0090	0x158B      	BSF        RBIE_bit, BitPos(RBIE_bit+0)
;Baitap2_Tuan3.c,58 :: 		RBIF_BIT = 0;
0x0091	0x100B      	BCF        RBIF_bit, BitPos(RBIF_bit+0)
;Baitap2_Tuan3.c,60 :: 		NOT_RBPU_BIT = 0;
0x0092	0x1381      	BCF        NOT_RBPU_bit, BitPos(NOT_RBPU_bit+0)
;Baitap2_Tuan3.c,61 :: 		WPUB = 0x07;
0x0093	0x3007      	MOVLW      7
0x0094	0x0095      	MOVWF      WPUB
;Baitap2_Tuan3.c,62 :: 		IOCB = 0x07;
0x0095	0x3007      	MOVLW      7
0x0096	0x0096      	MOVWF      IOCB
;Baitap2_Tuan3.c,63 :: 		INTEDG_BIT = 1;
0x0097	0x1701      	BSF        INTEDG_bit, BitPos(INTEDG_bit+0)
;Baitap2_Tuan3.c,66 :: 		PORTA = 0x00;
0x0098	0x1283      	BCF        STATUS, 5
0x0099	0x0185      	CLRF       PORTA
;Baitap2_Tuan3.c,67 :: 		temp = PORTB;
0x009A	0x0806      	MOVF       PORTB, 0
0x009B	0x00B2      	MOVWF      _temp
;Baitap2_Tuan3.c,69 :: 		while(1)
L_main7:
;Baitap2_Tuan3.c,71 :: 		PORTD = segment7_LED[push_count%10];
0x009C	0x300A      	MOVLW      10
0x009D	0x00F4      	MOVWF      R4
0x009E	0x082F      	MOVF       _push_count, 0
0x009F	0x00F0      	MOVWF      R0
0x00A0	0x205C      	CALL       _Div_8X8_U
0x00A1	0x0878      	MOVF       R8, 0
0x00A2	0x00F0      	MOVWF      R0
0x00A3	0x0870      	MOVF       R0, 0
0x00A4	0x3E24      	ADDLW      _segment7_LED
0x00A5	0x0084      	MOVWF      FSR
0x00A6	0x0800      	MOVF       INDF, 0
0x00A7	0x0088      	MOVWF      PORTD
;Baitap2_Tuan3.c,72 :: 		}
0x00A8	0x289C      	GOTO       L_main7
;Baitap2_Tuan3.c,73 :: 		}
L_end_main:
0x00A9	0x28A9      	GOTO       $+0
; end of _main
Symbol List:
//** Routines locations **
//ADDRESS    SIZE    PROCEDURE
//----------------------------------------------
0x0004      [69]    _interrupt
0x0049       [7]    _____DoICP
0x0050      [12]    ___CC2DW
0x005C      [17]    _Div_8X8_U
0x006D      [61]    _main
//** Variables locations ** 
//ADDRESS    SIZE    VARIABLE
//----------------------------------------------
0x0000       [1]    INDF
0x0002       [1]    PCL
0x0003       [1]    STATUS
0x0004       [1]    FSR
0x0005       [1]    PORTA
0x0006       [0]    RB2_bit
0x0006       [1]    PORTB
0x0006       [0]    RB1_bit
0x0006       [0]    RB0_bit
0x0008       [1]    PORTD
0x000A       [1]    PCLATH
0x000B       [0]    GIE_bit
0x000B       [0]    RBIF_bit
0x000B       [0]    RBIE_bit
0x0022       [1]    _push_count_LED1
0x0023       [1]    _push_count_LED2
0x0024      [10]    _segment7_LED
0x002E       [1]    _push_count_LED3
0x002F       [1]    _push_count
0x0030       [2]    ___DoICPAddr
0x0032       [1]    _temp
0x0033       [1]    ___saveSTATUS
0x0034       [1]    ___savePCLATH
0x0070       [1]    R0
0x0071       [1]    R1
0x0072       [1]    R2
0x0073       [1]    R3
0x0074       [1]    R4
0x0075       [1]    R5
0x0076       [1]    R6
0x0077       [1]    R7
0x0078       [1]    R8
0x0079       [1]    R9
0x007A       [1]    R10
0x007B       [1]    R11
0x007C       [1]    R12
0x007D       [1]    R13
0x007E       [1]    R14
0x007F       [1]    R15
0x0081       [0]    INTEDG_bit
0x0081       [0]    NOT_RBPU_bit
0x0085       [1]    TRISA
0x0086       [1]    TRISB
0x0088       [1]    TRISD
0x0095       [1]    WPUB
0x0096       [1]    IOCB
0x0188       [1]    ANSEL
0x0189       [1]    ANSELH
