;  LST file generated by mikroListExporter - v.2.0 
; Date/Time: 10/21/2025 12:31:32 AM
;----------------------------------------------

;Address Opcode 	ASM
0x0000	0x2A53      	GOTO       595
_lcd_put_nibble:
;lcd.c,103 :: 		void lcd_put_nibble(unsigned char b)
;lcd.c,109 :: 		LCD_DATA4_TRIS = 0;                // Cau hinh cac chan ket noi LCD.
0x0003	0x1683      	BSF        STATUS, 5
0x0004	0x1303      	BCF        STATUS, 6
0x0005	0x1006      	BCF        TRISB0_bit, BitPos(TRISB0_bit+0)
;lcd.c,110 :: 		LCD_DATA5_TRIS = 0;
0x0006	0x1086      	BCF        TRISB1_bit, BitPos(TRISB1_bit+0)
;lcd.c,111 :: 		LCD_DATA6_TRIS = 0;
0x0007	0x1106      	BCF        TRISB2_bit, BitPos(TRISB2_bit+0)
;lcd.c,112 :: 		LCD_DATA7_TRIS = 0;
0x0008	0x1186      	BCF        TRISB3_bit, BitPos(TRISB3_bit+0)
;lcd.c,114 :: 		temp.Val = b;
0x0009	0x0839      	MOVF       FARG_lcd_put_nibble_b, 0
0x000A	0x00F0      	MOVWF      R0
;lcd.c,116 :: 		LCD_DATA4 = temp.bits.b0;        // Gui 4 bit thap.
0x000B	0x1870      	BTFSC      R0, 0
0x000C	0x2810      	GOTO       L__lcd_put_nibble69
0x000D	0x1283      	BCF        STATUS, 5
0x000E	0x1006      	BCF        RB0_bit, BitPos(RB0_bit+0)
0x000F	0x2812      	GOTO       L__lcd_put_nibble70
L__lcd_put_nibble69:
0x0010	0x1283      	BCF        STATUS, 5
0x0011	0x1406      	BSF        RB0_bit, BitPos(RB0_bit+0)
L__lcd_put_nibble70:
;lcd.c,117 :: 		LCD_DATA5 = temp.bits.b1;
0x0012	0x18F0      	BTFSC      R0, 1
0x0013	0x2816      	GOTO       L__lcd_put_nibble71
0x0014	0x1086      	BCF        RB1_bit, BitPos(RB1_bit+0)
0x0015	0x2817      	GOTO       L__lcd_put_nibble72
L__lcd_put_nibble71:
0x0016	0x1486      	BSF        RB1_bit, BitPos(RB1_bit+0)
L__lcd_put_nibble72:
;lcd.c,118 :: 		LCD_DATA6 = temp.bits.b2;
0x0017	0x1970      	BTFSC      R0, 2
0x0018	0x281B      	GOTO       L__lcd_put_nibble73
0x0019	0x1106      	BCF        RB2_bit, BitPos(RB2_bit+0)
0x001A	0x281C      	GOTO       L__lcd_put_nibble74
L__lcd_put_nibble73:
0x001B	0x1506      	BSF        RB2_bit, BitPos(RB2_bit+0)
L__lcd_put_nibble74:
;lcd.c,119 :: 		LCD_DATA7 = temp.bits.b3;
0x001C	0x19F0      	BTFSC      R0, 3
0x001D	0x2820      	GOTO       L__lcd_put_nibble75
0x001E	0x1186      	BCF        RB3_bit, BitPos(RB3_bit+0)
0x001F	0x2821      	GOTO       L__lcd_put_nibble76
L__lcd_put_nibble75:
0x0020	0x1586      	BSF        RB3_bit, BitPos(RB3_bit+0)
L__lcd_put_nibble76:
;lcd.c,121 :: 		delay_us(20);
0x0021	0x300D      	MOVLW      13
0x0022	0x00FD      	MOVWF      R13
L_lcd_put_nibble11:
0x0023	0x0BFD      	DECFSZ     R13, 1
0x0024	0x2823      	GOTO       L_lcd_put_nibble11
;lcd.c,122 :: 		LCD_EN =  1;
0x0025	0x1686      	BSF        RB5_bit, BitPos(RB5_bit+0)
;lcd.c,123 :: 		delay_us(20);
0x0026	0x300D      	MOVLW      13
0x0027	0x00FD      	MOVWF      R13
L_lcd_put_nibble12:
0x0028	0x0BFD      	DECFSZ     R13, 1
0x0029	0x2828      	GOTO       L_lcd_put_nibble12
;lcd.c,124 :: 		LCD_EN = 0;
0x002A	0x1286      	BCF        RB5_bit, BitPos(RB5_bit+0)
;lcd.c,125 :: 		}
L_end_lcd_put_nibble:
0x002B	0x0008      	RETURN
; end of _lcd_put_nibble
_lcd_put_byte:
;lcd.c,134 :: 		void lcd_put_byte(unsigned char rs, unsigned char b)
;lcd.c,139 :: 		LCD_DATA4_TRIS = 0;                // Cau hinh cac chan ket noi LCD.
0x002C	0x1683      	BSF        STATUS, 5
0x002D	0x1303      	BCF        STATUS, 6
0x002E	0x1006      	BCF        TRISB0_bit, BitPos(TRISB0_bit+0)
;lcd.c,140 :: 		LCD_DATA5_TRIS = 0;
0x002F	0x1086      	BCF        TRISB1_bit, BitPos(TRISB1_bit+0)
;lcd.c,141 :: 		LCD_DATA6_TRIS = 0;
0x0030	0x1106      	BCF        TRISB2_bit, BitPos(TRISB2_bit+0)
;lcd.c,142 :: 		LCD_DATA7_TRIS = 0;
0x0031	0x1186      	BCF        TRISB3_bit, BitPos(TRISB3_bit+0)
;lcd.c,144 :: 		if(rs)
0x0032	0x0837      	MOVF       FARG_lcd_put_byte_rs, 0
0x0033	0x1903      	BTFSC      STATUS, 2
0x0034	0x2838      	GOTO       L_lcd_put_byte13
;lcd.c,145 :: 		LCD_RS = 1;
0x0035	0x1283      	BCF        STATUS, 5
0x0036	0x1606      	BSF        RB4_bit, BitPos(RB4_bit+0)
0x0037	0x283A      	GOTO       L_lcd_put_byte14
L_lcd_put_byte13:
0x0038	0x1283      	BCF        STATUS, 5
;lcd.c,147 :: 		LCD_RS = 0;
0x0039	0x1206      	BCF        RB4_bit, BitPos(RB4_bit+0)
L_lcd_put_byte14:
;lcd.c,148 :: 		delay_us(20);
0x003A	0x300D      	MOVLW      13
0x003B	0x00FD      	MOVWF      R13
L_lcd_put_byte15:
0x003C	0x0BFD      	DECFSZ     R13, 1
0x003D	0x283C      	GOTO       L_lcd_put_byte15
;lcd.c,151 :: 		delay_us(20);
0x003E	0x300D      	MOVLW      13
0x003F	0x00FD      	MOVWF      R13
L_lcd_put_byte16:
0x0040	0x0BFD      	DECFSZ     R13, 1
0x0041	0x2840      	GOTO       L_lcd_put_byte16
;lcd.c,153 :: 		LCD_EN = 0;
0x0042	0x1286      	BCF        RB5_bit, BitPos(RB5_bit+0)
;lcd.c,155 :: 		lcd_put_nibble(b >> 4);                // Gui 4 bit cao.
0x0043	0x1683      	BSF        STATUS, 5
0x0044	0x0838      	MOVF       FARG_lcd_put_byte_b, 0
0x0045	0x00B9      	MOVWF      FARG_lcd_put_nibble_b
0x0046	0x0CB9      	RRF        FARG_lcd_put_nibble_b, 1
0x0047	0x13B9      	BCF        FARG_lcd_put_nibble_b, 7
0x0048	0x0CB9      	RRF        FARG_lcd_put_nibble_b, 1
0x0049	0x13B9      	BCF        FARG_lcd_put_nibble_b, 7
0x004A	0x0CB9      	RRF        FARG_lcd_put_nibble_b, 1
0x004B	0x13B9      	BCF        FARG_lcd_put_nibble_b, 7
0x004C	0x0CB9      	RRF        FARG_lcd_put_nibble_b, 1
0x004D	0x13B9      	BCF        FARG_lcd_put_nibble_b, 7
0x004E	0x2003      	CALL       _lcd_put_nibble
;lcd.c,157 :: 		lcd_put_nibble(b & 0xf);        // Gui 4 bit thap.
0x004F	0x300F      	MOVLW      15
0x0050	0x1683      	BSF        STATUS, 5
0x0051	0x0538      	ANDWF      FARG_lcd_put_byte_b, 0
0x0052	0x00B9      	MOVWF      FARG_lcd_put_nibble_b
0x0053	0x2003      	CALL       _lcd_put_nibble
;lcd.c,158 :: 		}
L_end_lcd_put_byte:
0x0054	0x0008      	RETURN
; end of _lcd_put_byte
_lcd_gotoxy:
;lcd.c,167 :: 		void lcd_gotoxy(unsigned char col, unsigned char row)
;lcd.c,173 :: 		if(row!=0)                // Xac dinh ma qui dinh dia chi dong.
0x0055	0x1683      	BSF        STATUS, 5
0x0056	0x1303      	BCF        STATUS, 6
0x0057	0x0835      	MOVF       FARG_lcd_gotoxy_row, 0
0x0058	0x3A00      	XORLW      0
0x0059	0x1903      	BTFSC      STATUS, 2
0x005A	0x285E      	GOTO       L_lcd_gotoxy17
;lcd.c,174 :: 		address=0x40;        // Dong duoi.
0x005B	0x3040      	MOVLW      64
0x005C	0x00B6      	MOVWF      lcd_gotoxy_address_L0
0x005D	0x285F      	GOTO       L_lcd_gotoxy18
L_lcd_gotoxy17:
;lcd.c,176 :: 		address=0;                // Dong tren.
0x005E	0x01B6      	CLRF       lcd_gotoxy_address_L0
L_lcd_gotoxy18:
;lcd.c,178 :: 		address += col;
0x005F	0x0834      	MOVF       FARG_lcd_gotoxy_col, 0
0x0060	0x0736      	ADDWF      lcd_gotoxy_address_L0, 0
0x0061	0x00F0      	MOVWF      R0
0x0062	0x0870      	MOVF       R0, 0
0x0063	0x00B6      	MOVWF      lcd_gotoxy_address_L0
;lcd.c,180 :: 		lcd_put_byte(0,0x80|address);        // Gui lenh dieu khien sang LCD.
0x0064	0x01B7      	CLRF       FARG_lcd_put_byte_rs
0x0065	0x3080      	MOVLW      128
0x0066	0x0470      	IORWF      R0, 0
0x0067	0x00B8      	MOVWF      FARG_lcd_put_byte_b
0x0068	0x202C      	CALL       _lcd_put_byte
;lcd.c,182 :: 		}
L_end_lcd_gotoxy:
0x0069	0x0008      	RETURN
; end of _lcd_gotoxy
_____DoICP:
;__Lib_System.c,6 :: 		
;__Lib_System.c,9 :: 		
0x006A	0x1683      	BSF        STATUS, 5
0x006B	0x1303      	BCF        STATUS, 6
0x006C	0x082C      	MOVF       ___DoICPAddr+1, 0
0x006D	0x008A      	MOVWF      PCLATH
;__Lib_System.c,10 :: 		
0x006E	0x082B      	MOVF       ___DoICPAddr, 0
0x006F	0x0082      	MOVWF      PCL
;__Lib_System.c,12 :: 		
L_end_____DoICP:
0x0070	0x0008      	RETURN
; end of _____DoICP
_lcd_putc:
;lcd.c,190 :: 		void lcd_putc(char c)
;lcd.c,195 :: 		switch(c)
0x0071	0x28AA      	GOTO       L_lcd_putc19
;lcd.c,197 :: 		case '\f':                        // Xoa man hinh.
L_lcd_putc21:
;lcd.c,198 :: 		lcd_put_byte(0,1);
0x0072	0x1683      	BSF        STATUS, 5
0x0073	0x1303      	BCF        STATUS, 6
0x0074	0x01B7      	CLRF       FARG_lcd_put_byte_rs
0x0075	0x3001      	MOVLW      1
0x0076	0x00B8      	MOVWF      FARG_lcd_put_byte_b
0x0077	0x202C      	CALL       _lcd_put_byte
;lcd.c,199 :: 		delay_ms(5);
0x0078	0x300D      	MOVLW      13
0x0079	0x00FC      	MOVWF      R12
0x007A	0x30FB      	MOVLW      251
0x007B	0x00FD      	MOVWF      R13
L_lcd_putc22:
0x007C	0x0BFD      	DECFSZ     R13, 1
0x007D	0x287C      	GOTO       L_lcd_putc22
0x007E	0x0BFC      	DECFSZ     R12, 1
0x007F	0x287C      	GOTO       L_lcd_putc22
0x0080	0x0000      	NOP
0x0081	0x0000      	NOP
;lcd.c,200 :: 		break;
0x0082	0x28B9      	GOTO       L_lcd_putc20
;lcd.c,201 :: 		case '\n':                        // Xuong dong va dua con tro ve dau dong.
L_lcd_putc23:
;lcd.c,202 :: 		lcd_gotoxy(0,1);
0x0083	0x1683      	BSF        STATUS, 5
0x0084	0x01B4      	CLRF       FARG_lcd_gotoxy_col
0x0085	0x3001      	MOVLW      1
0x0086	0x00B5      	MOVWF      FARG_lcd_gotoxy_row
0x0087	0x2055      	CALL       _lcd_gotoxy
;lcd.c,203 :: 		break;
0x0088	0x28B9      	GOTO       L_lcd_putc20
;lcd.c,204 :: 		case '\b':
L_lcd_putc24:
;lcd.c,205 :: 		lcd_put_byte(0,0x10);
0x0089	0x1683      	BSF        STATUS, 5
0x008A	0x01B7      	CLRF       FARG_lcd_put_byte_rs
0x008B	0x3010      	MOVLW      16
0x008C	0x00B8      	MOVWF      FARG_lcd_put_byte_b
0x008D	0x202C      	CALL       _lcd_put_byte
;lcd.c,206 :: 		delay_ms(5);
0x008E	0x300D      	MOVLW      13
0x008F	0x00FC      	MOVWF      R12
0x0090	0x30FB      	MOVLW      251
0x0091	0x00FD      	MOVWF      R13
L_lcd_putc25:
0x0092	0x0BFD      	DECFSZ     R13, 1
0x0093	0x2892      	GOTO       L_lcd_putc25
0x0094	0x0BFC      	DECFSZ     R12, 1
0x0095	0x2892      	GOTO       L_lcd_putc25
0x0096	0x0000      	NOP
0x0097	0x0000      	NOP
;lcd.c,207 :: 		break;
0x0098	0x28B9      	GOTO       L_lcd_putc20
;lcd.c,208 :: 		default:        // Hien thi tat ca ky tu mac dinh trong LCD (c: dia chi HEX cua ky tu)
L_lcd_putc26:
;lcd.c,211 :: 		lcd_put_byte(1,c);
0x0099	0x3001      	MOVLW      1
0x009A	0x1683      	BSF        STATUS, 5
0x009B	0x00B7      	MOVWF      FARG_lcd_put_byte_rs
0x009C	0x0833      	MOVF       FARG_lcd_putc_c, 0
0x009D	0x00B8      	MOVWF      FARG_lcd_put_byte_b
0x009E	0x202C      	CALL       _lcd_put_byte
;lcd.c,212 :: 		delay_ms(5);
0x009F	0x300D      	MOVLW      13
0x00A0	0x00FC      	MOVWF      R12
0x00A1	0x30FB      	MOVLW      251
0x00A2	0x00FD      	MOVWF      R13
L_lcd_putc27:
0x00A3	0x0BFD      	DECFSZ     R13, 1
0x00A4	0x28A3      	GOTO       L_lcd_putc27
0x00A5	0x0BFC      	DECFSZ     R12, 1
0x00A6	0x28A3      	GOTO       L_lcd_putc27
0x00A7	0x0000      	NOP
0x00A8	0x0000      	NOP
;lcd.c,215 :: 		}
0x00A9	0x28B9      	GOTO       L_lcd_putc20
L_lcd_putc19:
0x00AA	0x1683      	BSF        STATUS, 5
0x00AB	0x1303      	BCF        STATUS, 6
0x00AC	0x0833      	MOVF       FARG_lcd_putc_c, 0
0x00AD	0x3A0C      	XORLW      12
0x00AE	0x1903      	BTFSC      STATUS, 2
0x00AF	0x2872      	GOTO       L_lcd_putc21
0x00B0	0x0833      	MOVF       FARG_lcd_putc_c, 0
0x00B1	0x3A0A      	XORLW      10
0x00B2	0x1903      	BTFSC      STATUS, 2
0x00B3	0x2883      	GOTO       L_lcd_putc23
0x00B4	0x0833      	MOVF       FARG_lcd_putc_c, 0
0x00B5	0x3A08      	XORLW      8
0x00B6	0x1903      	BTFSC      STATUS, 2
0x00B7	0x2889      	GOTO       L_lcd_putc24
0x00B8	0x2899      	GOTO       L_lcd_putc26
L_lcd_putc20:
;lcd.c,216 :: 		}
L_end_lcd_putc:
0x00B9	0x0008      	RETURN
; end of _lcd_putc
_lcd_puts:
;lcd.c,224 :: 		void lcd_puts(const char* s)
;lcd.c,229 :: 		while(*s)
L_lcd_puts28:
0x00BA	0x1683      	BSF        STATUS, 5
0x00BB	0x1303      	BCF        STATUS, 6
0x00BC	0x0831      	MOVF       FARG_lcd_puts_s, 0
0x00BD	0x00AB      	MOVWF      ___DoICPAddr
0x00BE	0x0832      	MOVF       FARG_lcd_puts_s+1, 0
0x00BF	0x00AC      	MOVWF      ___DoICPAddr+1
0x00C0	0x206A      	CALL       _____DoICP
0x00C1	0x118A      	BCF        PCLATH, 3
0x00C2	0x120A      	BCF        PCLATH, 4
0x00C3	0x00F0      	MOVWF      R0
0x00C4	0x0870      	MOVF       R0, 0
0x00C5	0x1903      	BTFSC      STATUS, 2
0x00C6	0x28D6      	GOTO       L_lcd_puts29
;lcd.c,231 :: 		lcd_putc(*s++);
0x00C7	0x0831      	MOVF       FARG_lcd_puts_s, 0
0x00C8	0x00AB      	MOVWF      ___DoICPAddr
0x00C9	0x0832      	MOVF       FARG_lcd_puts_s+1, 0
0x00CA	0x00AC      	MOVWF      ___DoICPAddr+1
0x00CB	0x206A      	CALL       _____DoICP
0x00CC	0x118A      	BCF        PCLATH, 3
0x00CD	0x120A      	BCF        PCLATH, 4
0x00CE	0x00B3      	MOVWF      FARG_lcd_putc_c
0x00CF	0x2071      	CALL       _lcd_putc
0x00D0	0x1683      	BSF        STATUS, 5
0x00D1	0x1303      	BCF        STATUS, 6
0x00D2	0x0AB1      	INCF       FARG_lcd_puts_s, 1
0x00D3	0x1903      	BTFSC      STATUS, 2
0x00D4	0x0AB2      	INCF       FARG_lcd_puts_s+1, 1
;lcd.c,232 :: 		}
0x00D5	0x28BA      	GOTO       L_lcd_puts28
L_lcd_puts29:
;lcd.c,233 :: 		}
L_end_lcd_puts:
0x00D6	0x0008      	RETURN
; end of _lcd_puts
_LCD_1:
;Baitap2_Tuan5.c,57 :: 		void LCD_1(void)
;Baitap2_Tuan5.c,60 :: 		lcd_putc('\f');
0x00D7	0x300C      	MOVLW      12
0x00D8	0x1683      	BSF        STATUS, 5
0x00D9	0x1303      	BCF        STATUS, 6
0x00DA	0x00B3      	MOVWF      FARG_lcd_putc_c
0x00DB	0x2071      	CALL       _lcd_putc
;Baitap2_Tuan5.c,61 :: 		delay_us(20);
0x00DC	0x300D      	MOVLW      13
0x00DD	0x1283      	BCF        STATUS, 5
0x00DE	0x1303      	BCF        STATUS, 6
0x00DF	0x00FD      	MOVWF      R13
L_LCD_14:
0x00E0	0x0BFD      	DECFSZ     R13, 1
0x00E1	0x28E0      	GOTO       L_LCD_14
;Baitap2_Tuan5.c,62 :: 		lcd_gotoxy(0,0);
0x00E2	0x1683      	BSF        STATUS, 5
0x00E3	0x01B4      	CLRF       FARG_lcd_gotoxy_col
0x00E4	0x01B5      	CLRF       FARG_lcd_gotoxy_row
0x00E5	0x2055      	CALL       _lcd_gotoxy
;Baitap2_Tuan5.c,63 :: 		lcd_puts("f=5KHz");
0x00E6	0x302C      	MOVLW      ?lstr_1_Baitap2_Tuan5
0x00E7	0x1683      	BSF        STATUS, 5
0x00E8	0x00B1      	MOVWF      FARG_lcd_puts_s
0x00E9	0x3003      	MOVLW      hi_addr(?lstr_1_Baitap2_Tuan5)
0x00EA	0x00B2      	MOVWF      FARG_lcd_puts_s+1
0x00EB	0x20BA      	CALL       _lcd_puts
;Baitap2_Tuan5.c,64 :: 		lcd_gotoxy(0,1);
0x00EC	0x01B4      	CLRF       FARG_lcd_gotoxy_col
0x00ED	0x3001      	MOVLW      1
0x00EE	0x00B5      	MOVWF      FARG_lcd_gotoxy_row
0x00EF	0x2055      	CALL       _lcd_gotoxy
;Baitap2_Tuan5.c,65 :: 		for(i = 0; i < 5; i++) lcd_putc( line1b[i] );
0x00F0	0x01EF      	CLRF       LCD_1_i_L0
L_LCD_15:
0x00F1	0x3005      	MOVLW      5
0x00F2	0x026F      	SUBWF      LCD_1_i_L0, 0
0x00F3	0x1803      	BTFSC      STATUS, 0
0x00F4	0x2900      	GOTO       L_LCD_16
0x00F5	0x086F      	MOVF       LCD_1_i_L0, 0
0x00F6	0x3E27      	ADDLW      _line1b
0x00F7	0x0084      	MOVWF      FSR
0x00F8	0x0800      	MOVF       INDF, 0
0x00F9	0x1683      	BSF        STATUS, 5
0x00FA	0x00B3      	MOVWF      FARG_lcd_putc_c
0x00FB	0x2071      	CALL       _lcd_putc
0x00FC	0x1283      	BCF        STATUS, 5
0x00FD	0x1303      	BCF        STATUS, 6
0x00FE	0x0AEF      	INCF       LCD_1_i_L0, 1
0x00FF	0x28F1      	GOTO       L_LCD_15
L_LCD_16:
;Baitap2_Tuan5.c,67 :: 		}
L_end_LCD_1:
0x0100	0x0008      	RETURN
; end of _LCD_1
___CC2DW:
;__Lib_System.c,134 :: 		
;__Lib_System.c,137 :: 		
_CC2D_Loop1:
;__Lib_System.c,139 :: 		
0x0101	0x206A      	CALL       _____DoICP
0x0102	0x118A      	BCF        PCLATH, 3
0x0103	0x120A      	BCF        PCLATH, 4
;__Lib_System.c,141 :: 		
0x0104	0x0080      	MOVWF      INDF
;__Lib_System.c,142 :: 		
0x0105	0x0A84      	INCF       FSR, 1
;__Lib_System.c,143 :: 		
0x0106	0x0AAB      	INCF       ___DoICPAddr, 1
;__Lib_System.c,145 :: 		
0x0107	0x1903      	BTFSC      STATUS, 2
;__Lib_System.c,146 :: 		
0x0108	0x0AAC      	INCF       ___DoICPAddr+1, 1
;__Lib_System.c,147 :: 		
0x0109	0x03F0      	DECF       R0, 1
;__Lib_System.c,149 :: 		
0x010A	0x1D03      	BTFSS      STATUS, 2
;__Lib_System.c,150 :: 		
0x010B	0x2901      	GOTO       _CC2D_Loop1
;__Lib_System.c,152 :: 		
L_end___CC2DW:
0x010C	0x0008      	RETURN
; end of ___CC2DW
_napkitudacbiet:
;Baitap2_Tuan5.c,45 :: 		void napkitudacbiet(void)
;Baitap2_Tuan5.c,47 :: 		char i = 0;
0x010D	0x1283      	BCF        STATUS, 5
0x010E	0x1303      	BCF        STATUS, 6
0x010F	0x01EF      	CLRF       napkitudacbiet_i_L0
;Baitap2_Tuan5.c,48 :: 		lcd_put_byte(0, 0x40);
0x0110	0x1683      	BSF        STATUS, 5
0x0111	0x01B7      	CLRF       FARG_lcd_put_byte_rs
0x0112	0x3040      	MOVLW      64
0x0113	0x00B8      	MOVWF      FARG_lcd_put_byte_b
0x0114	0x202C      	CALL       _lcd_put_byte
;Baitap2_Tuan5.c,49 :: 		while( kitudacbiet[i] != 0x99 )
L_napkitudacbiet2:
0x0115	0x086F      	MOVF       napkitudacbiet_i_L0, 0
0x0116	0x3E2C      	ADDLW      _kitudacbiet
0x0117	0x0084      	MOVWF      FSR
0x0118	0x0800      	MOVF       INDF, 0
0x0119	0x3A99      	XORLW      153
0x011A	0x1903      	BTFSC      STATUS, 2
0x011B	0x2929      	GOTO       L_napkitudacbiet3
;Baitap2_Tuan5.c,51 :: 		lcd_put_byte(1, kitudacbiet[i]);
0x011C	0x3001      	MOVLW      1
0x011D	0x1683      	BSF        STATUS, 5
0x011E	0x00B7      	MOVWF      FARG_lcd_put_byte_rs
0x011F	0x1283      	BCF        STATUS, 5
0x0120	0x086F      	MOVF       napkitudacbiet_i_L0, 0
0x0121	0x3E2C      	ADDLW      _kitudacbiet
0x0122	0x0084      	MOVWF      FSR
0x0123	0x0800      	MOVF       INDF, 0
0x0124	0x1683      	BSF        STATUS, 5
0x0125	0x00B8      	MOVWF      FARG_lcd_put_byte_b
0x0126	0x202C      	CALL       _lcd_put_byte
;Baitap2_Tuan5.c,52 :: 		i++;
0x0127	0x0AEF      	INCF       napkitudacbiet_i_L0, 1
;Baitap2_Tuan5.c,53 :: 		}
0x0128	0x2915      	GOTO       L_napkitudacbiet2
L_napkitudacbiet3:
;Baitap2_Tuan5.c,55 :: 		}
L_end_napkitudacbiet:
0x0129	0x0008      	RETURN
; end of _napkitudacbiet
_PWM1_init:
;Baitap2_Tuan5.c,25 :: 		void PWM1_init(unsigned int pr2, unsigned int duty_reg)
;Baitap2_Tuan5.c,27 :: 		TRISC2_BIT = 1;
0x012A	0x1683      	BSF        STATUS, 5
0x012B	0x1303      	BCF        STATUS, 6
0x012C	0x1507      	BSF        TRISC2_bit, BitPos(TRISC2_bit+0)
;Baitap2_Tuan5.c,28 :: 		PR2 = pr2;
;Baitap2_Tuan5.c,30 :: 		TMR2IF_BIT = 0;
0x012D	0x1283      	BCF        STATUS, 5
0x012E	0x108C      	BCF        TMR2IF_bit, BitPos(TMR2IF_bit+0)
;Baitap2_Tuan5.c,31 :: 		T2CKPS1_BIT = 0;
0x012F	0x1092      	BCF        T2CKPS1_bit, BitPos(T2CKPS1_bit+0)
;Baitap2_Tuan5.c,32 :: 		T2CKPS0_BIT = 1;
0x0130	0x1412      	BSF        T2CKPS0_bit, BitPos(T2CKPS0_bit+0)
;Baitap2_Tuan5.c,33 :: 		TMR2ON_BIT = 1;
0x0131	0x1512      	BSF        TMR2ON_bit, BitPos(TMR2ON_bit+0)
;Baitap2_Tuan5.c,35 :: 		CCP1CON = 0x0C;
0x0132	0x300C      	MOVLW      12
0x0133	0x0097      	MOVWF      CCP1CON
;Baitap2_Tuan5.c,36 :: 		CCPR1L = (unsigned char)(duty_reg >> 2 & 0xFF);
0x0134	0x1683      	BSF        STATUS, 5
0x0135	0x082F      	MOVF       FARG_PWM1_init_duty_reg, 0
0x0136	0x00F0      	MOVWF      R0
0x0137	0x0830      	MOVF       FARG_PWM1_init_duty_reg+1, 0
0x0138	0x00F1      	MOVWF      R0+1
0x0139	0x0CF1      	RRF        R0+1, 1
0x013A	0x0CF0      	RRF        R0, 1
0x013B	0x13F1      	BCF        R0+1, 7
0x013C	0x0CF1      	RRF        R0+1, 1
0x013D	0x0CF0      	RRF        R0, 1
0x013E	0x13F1      	BCF        R0+1, 7
0x013F	0x30FF      	MOVLW      255
0x0140	0x0570      	ANDWF      R0, 0
0x0141	0x1283      	BCF        STATUS, 5
0x0142	0x0095      	MOVWF      CCPR1L
;Baitap2_Tuan5.c,37 :: 		DC1B1_BIT = (unsigned char)(duty_reg >> 1 & 0x01);
0x0143	0x1683      	BSF        STATUS, 5
0x0144	0x082F      	MOVF       FARG_PWM1_init_duty_reg, 0
0x0145	0x00F0      	MOVWF      R0
0x0146	0x0830      	MOVF       FARG_PWM1_init_duty_reg+1, 0
0x0147	0x00F1      	MOVWF      R0+1
0x0148	0x0CF1      	RRF        R0+1, 1
0x0149	0x0CF0      	RRF        R0, 1
0x014A	0x13F1      	BCF        R0+1, 7
0x014B	0x3001      	MOVLW      1
0x014C	0x05F0      	ANDWF      R0, 1
0x014D	0x1870      	BTFSC      R0, 0
0x014E	0x2952      	GOTO       L__PWM1_init38
0x014F	0x1283      	BCF        STATUS, 5
0x0150	0x1297      	BCF        DC1B1_bit, BitPos(DC1B1_bit+0)
0x0151	0x2954      	GOTO       L__PWM1_init39
L__PWM1_init38:
0x0152	0x1283      	BCF        STATUS, 5
0x0153	0x1697      	BSF        DC1B1_bit, BitPos(DC1B1_bit+0)
L__PWM1_init39:
;Baitap2_Tuan5.c,38 :: 		DC1B0_BIT = (unsigned char)(duty_reg & 0x01);
0x0154	0x3001      	MOVLW      1
0x0155	0x1683      	BSF        STATUS, 5
0x0156	0x052F      	ANDWF      FARG_PWM1_init_duty_reg, 0
0x0157	0x00F0      	MOVWF      R0
0x0158	0x1870      	BTFSC      R0, 0
0x0159	0x295D      	GOTO       L__PWM1_init40
0x015A	0x1283      	BCF        STATUS, 5
0x015B	0x1217      	BCF        DC1B0_bit, BitPos(DC1B0_bit+0)
0x015C	0x295F      	GOTO       L__PWM1_init41
L__PWM1_init40:
0x015D	0x1283      	BCF        STATUS, 5
0x015E	0x1617      	BSF        DC1B0_bit, BitPos(DC1B0_bit+0)
L__PWM1_init41:
;Baitap2_Tuan5.c,40 :: 		while(TMR2IF_BIT == 0);
L_PWM1_init0:
0x015F	0x188C      	BTFSC      TMR2IF_bit, BitPos(TMR2IF_bit+0)
0x0160	0x2962      	GOTO       L_PWM1_init1
0x0161	0x295F      	GOTO       L_PWM1_init0
L_PWM1_init1:
;Baitap2_Tuan5.c,41 :: 		TRISC2_BIT = 0;
0x0162	0x1683      	BSF        STATUS, 5
0x0163	0x1107      	BCF        TRISC2_bit, BitPos(TRISC2_bit+0)
;Baitap2_Tuan5.c,43 :: 		}
L_end_PWM1_init:
0x0164	0x0008      	RETURN
; end of _PWM1_init
_LCD_3:
;Baitap2_Tuan5.c,81 :: 		void LCD_3(void)
;Baitap2_Tuan5.c,84 :: 		lcd_putc('\f');
0x0165	0x300C      	MOVLW      12
0x0166	0x1683      	BSF        STATUS, 5
0x0167	0x1303      	BCF        STATUS, 6
0x0168	0x00B3      	MOVWF      FARG_lcd_putc_c
0x0169	0x2071      	CALL       _lcd_putc
;Baitap2_Tuan5.c,85 :: 		delay_us(20);
0x016A	0x300D      	MOVLW      13
0x016B	0x1283      	BCF        STATUS, 5
0x016C	0x1303      	BCF        STATUS, 6
0x016D	0x00FD      	MOVWF      R13
L_LCD_312:
0x016E	0x0BFD      	DECFSZ     R13, 1
0x016F	0x296E      	GOTO       L_LCD_312
;Baitap2_Tuan5.c,86 :: 		lcd_gotoxy(0,0);
0x0170	0x1683      	BSF        STATUS, 5
0x0171	0x01B4      	CLRF       FARG_lcd_gotoxy_col
0x0172	0x01B5      	CLRF       FARG_lcd_gotoxy_row
0x0173	0x2055      	CALL       _lcd_gotoxy
;Baitap2_Tuan5.c,87 :: 		for(i = 0; i < 10; i++) lcd_putc( line3a[i] );
0x0174	0x01EF      	CLRF       LCD_3_i_L0
L_LCD_313:
0x0175	0x300A      	MOVLW      10
0x0176	0x026F      	SUBWF      LCD_3_i_L0, 0
0x0177	0x1803      	BTFSC      STATUS, 0
0x0178	0x2984      	GOTO       L_LCD_314
0x0179	0x086F      	MOVF       LCD_3_i_L0, 0
0x017A	0x3E65      	ADDLW      _line3a
0x017B	0x0084      	MOVWF      FSR
0x017C	0x0800      	MOVF       INDF, 0
0x017D	0x1683      	BSF        STATUS, 5
0x017E	0x00B3      	MOVWF      FARG_lcd_putc_c
0x017F	0x2071      	CALL       _lcd_putc
0x0180	0x1283      	BCF        STATUS, 5
0x0181	0x1303      	BCF        STATUS, 6
0x0182	0x0AEF      	INCF       LCD_3_i_L0, 1
0x0183	0x2975      	GOTO       L_LCD_313
L_LCD_314:
;Baitap2_Tuan5.c,88 :: 		lcd_gotoxy(0,1);
0x0184	0x1683      	BSF        STATUS, 5
0x0185	0x01B4      	CLRF       FARG_lcd_gotoxy_col
0x0186	0x3001      	MOVLW      1
0x0187	0x00B5      	MOVWF      FARG_lcd_gotoxy_row
0x0188	0x2055      	CALL       _lcd_gotoxy
;Baitap2_Tuan5.c,89 :: 		for(i = 0; i < 11; i++) lcd_putc( line3b[i] );
0x0189	0x01EF      	CLRF       LCD_3_i_L0
L_LCD_316:
0x018A	0x300B      	MOVLW      11
0x018B	0x026F      	SUBWF      LCD_3_i_L0, 0
0x018C	0x1803      	BTFSC      STATUS, 0
0x018D	0x2999      	GOTO       L_LCD_317
0x018E	0x086F      	MOVF       LCD_3_i_L0, 0
0x018F	0x3EA0      	ADDLW      _line3b
0x0190	0x0084      	MOVWF      FSR
0x0191	0x0800      	MOVF       INDF, 0
0x0192	0x1683      	BSF        STATUS, 5
0x0193	0x00B3      	MOVWF      FARG_lcd_putc_c
0x0194	0x2071      	CALL       _lcd_putc
0x0195	0x1283      	BCF        STATUS, 5
0x0196	0x1303      	BCF        STATUS, 6
0x0197	0x0AEF      	INCF       LCD_3_i_L0, 1
0x0198	0x298A      	GOTO       L_LCD_316
L_LCD_317:
;Baitap2_Tuan5.c,91 :: 		}
L_end_LCD_3:
0x0199	0x0008      	RETURN
; end of _LCD_3
_LCD_2:
;Baitap2_Tuan5.c,69 :: 		void LCD_2(void)
;Baitap2_Tuan5.c,72 :: 		lcd_putc('\f');
0x019A	0x300C      	MOVLW      12
0x019B	0x1683      	BSF        STATUS, 5
0x019C	0x1303      	BCF        STATUS, 6
0x019D	0x00B3      	MOVWF      FARG_lcd_putc_c
0x019E	0x2071      	CALL       _lcd_putc
;Baitap2_Tuan5.c,73 :: 		delay_us(20);
0x019F	0x300D      	MOVLW      13
0x01A0	0x1283      	BCF        STATUS, 5
0x01A1	0x1303      	BCF        STATUS, 6
0x01A2	0x00FD      	MOVWF      R13
L_LCD_28:
0x01A3	0x0BFD      	DECFSZ     R13, 1
0x01A4	0x29A3      	GOTO       L_LCD_28
;Baitap2_Tuan5.c,74 :: 		lcd_gotoxy(0,0);
0x01A5	0x1683      	BSF        STATUS, 5
0x01A6	0x01B4      	CLRF       FARG_lcd_gotoxy_col
0x01A7	0x01B5      	CLRF       FARG_lcd_gotoxy_row
0x01A8	0x2055      	CALL       _lcd_gotoxy
;Baitap2_Tuan5.c,75 :: 		lcd_puts("f=5KHz");
0x01A9	0x3033      	MOVLW      ?lstr_2_Baitap2_Tuan5
0x01AA	0x1683      	BSF        STATUS, 5
0x01AB	0x00B1      	MOVWF      FARG_lcd_puts_s
0x01AC	0x3003      	MOVLW      hi_addr(?lstr_2_Baitap2_Tuan5)
0x01AD	0x00B2      	MOVWF      FARG_lcd_puts_s+1
0x01AE	0x20BA      	CALL       _lcd_puts
;Baitap2_Tuan5.c,76 :: 		lcd_gotoxy(0,1);
0x01AF	0x01B4      	CLRF       FARG_lcd_gotoxy_col
0x01B0	0x3001      	MOVLW      1
0x01B1	0x00B5      	MOVWF      FARG_lcd_gotoxy_row
0x01B2	0x2055      	CALL       _lcd_gotoxy
;Baitap2_Tuan5.c,77 :: 		for(i = 0; i < 5; i++) lcd_putc( line2b[i] );
0x01B3	0x01EF      	CLRF       LCD_2_i_L0
L_LCD_29:
0x01B4	0x3005      	MOVLW      5
0x01B5	0x026F      	SUBWF      LCD_2_i_L0, 0
0x01B6	0x1803      	BTFSC      STATUS, 0
0x01B7	0x29C3      	GOTO       L_LCD_210
0x01B8	0x086F      	MOVF       LCD_2_i_L0, 0
0x01B9	0x3E22      	ADDLW      _line2b
0x01BA	0x0084      	MOVWF      FSR
0x01BB	0x0800      	MOVF       INDF, 0
0x01BC	0x1683      	BSF        STATUS, 5
0x01BD	0x00B3      	MOVWF      FARG_lcd_putc_c
0x01BE	0x2071      	CALL       _lcd_putc
0x01BF	0x1283      	BCF        STATUS, 5
0x01C0	0x1303      	BCF        STATUS, 6
0x01C1	0x0AEF      	INCF       LCD_2_i_L0, 1
0x01C2	0x29B4      	GOTO       L_LCD_29
L_LCD_210:
;Baitap2_Tuan5.c,79 :: 		}
L_end_LCD_2:
0x01C3	0x0008      	RETURN
; end of _LCD_2
_IO_init:
;Baitap2_Tuan5.c,18 :: 		void IO_init(void)
;Baitap2_Tuan5.c,20 :: 		ANSEL = ANSELH = 0;
0x01C4	0x1683      	BSF        STATUS, 5
0x01C5	0x1703      	BSF        STATUS, 6
0x01C6	0x0189      	CLRF       ANSELH
0x01C7	0x0188      	CLRF       ANSEL
;Baitap2_Tuan5.c,21 :: 		TRISD = 0x07;
0x01C8	0x3007      	MOVLW      7
0x01C9	0x1303      	BCF        STATUS, 6
0x01CA	0x0088      	MOVWF      TRISD
;Baitap2_Tuan5.c,22 :: 		TRISC = 1;
0x01CB	0x3001      	MOVLW      1
0x01CC	0x0087      	MOVWF      TRISC
;Baitap2_Tuan5.c,23 :: 		}
L_end_IO_init:
0x01CD	0x0008      	RETURN
; end of _IO_init
_lcd_init:
;lcd.c,241 :: 		void lcd_init()
;lcd.c,247 :: 		LCD_EN_TRIS = 0;                // Cau hinh cac chan ket noi LCD.
0x01CE	0x1683      	BSF        STATUS, 5
0x01CF	0x1303      	BCF        STATUS, 6
0x01D0	0x1286      	BCF        TRISB5_bit, BitPos(TRISB5_bit+0)
;lcd.c,248 :: 		LCD_RS_TRIS = 0;
0x01D1	0x1206      	BCF        TRISB4_bit, BitPos(TRISB4_bit+0)
;lcd.c,250 :: 		LCD_DATA4_TRIS = 0;
0x01D2	0x1006      	BCF        TRISB0_bit, BitPos(TRISB0_bit+0)
;lcd.c,251 :: 		LCD_DATA5_TRIS = 0;
0x01D3	0x1086      	BCF        TRISB1_bit, BitPos(TRISB1_bit+0)
;lcd.c,252 :: 		LCD_DATA6_TRIS = 0;
0x01D4	0x1106      	BCF        TRISB2_bit, BitPos(TRISB2_bit+0)
;lcd.c,253 :: 		LCD_DATA7_TRIS = 0;
0x01D5	0x1186      	BCF        TRISB3_bit, BitPos(TRISB3_bit+0)
;lcd.c,255 :: 		delay_ms(15);                // Tao tre cho cap nguon LCD on dinh.
0x01D6	0x3027      	MOVLW      39
0x01D7	0x00FC      	MOVWF      R12
0x01D8	0x30F5      	MOVLW      245
0x01D9	0x00FD      	MOVWF      R13
L_lcd_init30:
0x01DA	0x0BFD      	DECFSZ     R13, 1
0x01DB	0x29DA      	GOTO       L_lcd_init30
0x01DC	0x0BFC      	DECFSZ     R12, 1
0x01DD	0x29DA      	GOTO       L_lcd_init30
;lcd.c,257 :: 		LCD_RS = 0;
0x01DE	0x1283      	BCF        STATUS, 5
0x01DF	0x1206      	BCF        RB4_bit, BitPos(RB4_bit+0)
;lcd.c,259 :: 		LCD_EN = 0;
0x01E0	0x1286      	BCF        RB5_bit, BitPos(RB5_bit+0)
;lcd.c,261 :: 		lcd_put_nibble(3);        // Reset LCD
0x01E1	0x3003      	MOVLW      3
0x01E2	0x1683      	BSF        STATUS, 5
0x01E3	0x00B9      	MOVWF      FARG_lcd_put_nibble_b
0x01E4	0x2003      	CALL       _lcd_put_nibble
;lcd.c,262 :: 		delay_ms(10);
0x01E5	0x301A      	MOVLW      26
0x01E6	0x00FC      	MOVWF      R12
0x01E7	0x30F8      	MOVLW      248
0x01E8	0x00FD      	MOVWF      R13
L_lcd_init31:
0x01E9	0x0BFD      	DECFSZ     R13, 1
0x01EA	0x29E9      	GOTO       L_lcd_init31
0x01EB	0x0BFC      	DECFSZ     R12, 1
0x01EC	0x29E9      	GOTO       L_lcd_init31
0x01ED	0x0000      	NOP
;lcd.c,263 :: 		lcd_put_nibble(3);
0x01EE	0x3003      	MOVLW      3
0x01EF	0x1683      	BSF        STATUS, 5
0x01F0	0x00B9      	MOVWF      FARG_lcd_put_nibble_b
0x01F1	0x2003      	CALL       _lcd_put_nibble
;lcd.c,264 :: 		delay_ms(10);
0x01F2	0x301A      	MOVLW      26
0x01F3	0x00FC      	MOVWF      R12
0x01F4	0x30F8      	MOVLW      248
0x01F5	0x00FD      	MOVWF      R13
L_lcd_init32:
0x01F6	0x0BFD      	DECFSZ     R13, 1
0x01F7	0x29F6      	GOTO       L_lcd_init32
0x01F8	0x0BFC      	DECFSZ     R12, 1
0x01F9	0x29F6      	GOTO       L_lcd_init32
0x01FA	0x0000      	NOP
;lcd.c,265 :: 		lcd_put_nibble(3);
0x01FB	0x3003      	MOVLW      3
0x01FC	0x1683      	BSF        STATUS, 5
0x01FD	0x00B9      	MOVWF      FARG_lcd_put_nibble_b
0x01FE	0x2003      	CALL       _lcd_put_nibble
;lcd.c,266 :: 		delay_ms(10);
0x01FF	0x301A      	MOVLW      26
0x0200	0x00FC      	MOVWF      R12
0x0201	0x30F8      	MOVLW      248
0x0202	0x00FD      	MOVWF      R13
L_lcd_init33:
0x0203	0x0BFD      	DECFSZ     R13, 1
0x0204	0x2A03      	GOTO       L_lcd_init33
0x0205	0x0BFC      	DECFSZ     R12, 1
0x0206	0x2A03      	GOTO       L_lcd_init33
0x0207	0x0000      	NOP
;lcd.c,268 :: 		lcd_put_nibble(2);
0x0208	0x3002      	MOVLW      2
0x0209	0x1683      	BSF        STATUS, 5
0x020A	0x00B9      	MOVWF      FARG_lcd_put_nibble_b
0x020B	0x2003      	CALL       _lcd_put_nibble
;lcd.c,269 :: 		delay_ms(1);//while(lcd_busy());
0x020C	0x3003      	MOVLW      3
0x020D	0x00FC      	MOVWF      R12
0x020E	0x3097      	MOVLW      151
0x020F	0x00FD      	MOVWF      R13
L_lcd_init34:
0x0210	0x0BFD      	DECFSZ     R13, 1
0x0211	0x2A10      	GOTO       L_lcd_init34
0x0212	0x0BFC      	DECFSZ     R12, 1
0x0213	0x2A10      	GOTO       L_lcd_init34
0x0214	0x0000      	NOP
0x0215	0x0000      	NOP
;lcd.c,271 :: 		lcd_put_byte(0,FOUR_BIT & LINES_5X7);                // Loai LCD.
0x0216	0x1683      	BSF        STATUS, 5
0x0217	0x01B7      	CLRF       FARG_lcd_put_byte_rs
0x0218	0x3028      	MOVLW      40
0x0219	0x00B8      	MOVWF      FARG_lcd_put_byte_b
0x021A	0x202C      	CALL       _lcd_put_byte
;lcd.c,272 :: 		delay_ms(1);//while(lcd_busy());
0x021B	0x3003      	MOVLW      3
0x021C	0x00FC      	MOVWF      R12
0x021D	0x3097      	MOVLW      151
0x021E	0x00FD      	MOVWF      R13
L_lcd_init35:
0x021F	0x0BFD      	DECFSZ     R13, 1
0x0220	0x2A1F      	GOTO       L_lcd_init35
0x0221	0x0BFC      	DECFSZ     R12, 1
0x0222	0x2A1F      	GOTO       L_lcd_init35
0x0223	0x0000      	NOP
0x0224	0x0000      	NOP
;lcd.c,274 :: 		lcd_put_byte(0,DON & CURSOR_OFF & BLINK_OFF);        // Bat hien thi, tat con tro, tat chop tat con tro.
0x0225	0x1683      	BSF        STATUS, 5
0x0226	0x01B7      	CLRF       FARG_lcd_put_byte_rs
0x0227	0x300C      	MOVLW      12
0x0228	0x00B8      	MOVWF      FARG_lcd_put_byte_b
0x0229	0x202C      	CALL       _lcd_put_byte
;lcd.c,275 :: 		delay_ms(1);//while(lcd_busy());
0x022A	0x3003      	MOVLW      3
0x022B	0x00FC      	MOVWF      R12
0x022C	0x3097      	MOVLW      151
0x022D	0x00FD      	MOVWF      R13
L_lcd_init36:
0x022E	0x0BFD      	DECFSZ     R13, 1
0x022F	0x2A2E      	GOTO       L_lcd_init36
0x0230	0x0BFC      	DECFSZ     R12, 1
0x0231	0x2A2E      	GOTO       L_lcd_init36
0x0232	0x0000      	NOP
0x0233	0x0000      	NOP
;lcd.c,277 :: 		lcd_put_byte(0,0x01);                                 // Xoa man hinh va dua con tro ve dau dong.
0x0234	0x1683      	BSF        STATUS, 5
0x0235	0x01B7      	CLRF       FARG_lcd_put_byte_rs
0x0236	0x3001      	MOVLW      1
0x0237	0x00B8      	MOVWF      FARG_lcd_put_byte_b
0x0238	0x202C      	CALL       _lcd_put_byte
;lcd.c,278 :: 		delay_ms(1);//while(lcd_busy());
0x0239	0x3003      	MOVLW      3
0x023A	0x00FC      	MOVWF      R12
0x023B	0x3097      	MOVLW      151
0x023C	0x00FD      	MOVWF      R13
L_lcd_init37:
0x023D	0x0BFD      	DECFSZ     R13, 1
0x023E	0x2A3D      	GOTO       L_lcd_init37
0x023F	0x0BFC      	DECFSZ     R12, 1
0x0240	0x2A3D      	GOTO       L_lcd_init37
0x0241	0x0000      	NOP
0x0242	0x0000      	NOP
;lcd.c,280 :: 		lcd_put_byte(0,SHIFT_DISP_LEFT);                        // Che do dich chuyen con tro.
0x0243	0x1683      	BSF        STATUS, 5
0x0244	0x01B7      	CLRF       FARG_lcd_put_byte_rs
0x0245	0x3006      	MOVLW      6
0x0246	0x00B8      	MOVWF      FARG_lcd_put_byte_b
0x0247	0x202C      	CALL       _lcd_put_byte
;lcd.c,281 :: 		delay_ms(1);//while(lcd_busy());
0x0248	0x3003      	MOVLW      3
0x0249	0x00FC      	MOVWF      R12
0x024A	0x3097      	MOVLW      151
0x024B	0x00FD      	MOVWF      R13
L_lcd_init38:
0x024C	0x0BFD      	DECFSZ     R13, 1
0x024D	0x2A4C      	GOTO       L_lcd_init38
0x024E	0x0BFC      	DECFSZ     R12, 1
0x024F	0x2A4C      	GOTO       L_lcd_init38
0x0250	0x0000      	NOP
0x0251	0x0000      	NOP
;lcd.c,282 :: 		}
L_end_lcd_init:
0x0252	0x0008      	RETURN
; end of _lcd_init
_main:
0x0253	0x233A      	CALL       826
;Baitap2_Tuan5.c,93 :: 		void main(void)
;Baitap2_Tuan5.c,95 :: 		IO_init();
0x0254	0x21C4      	CALL       _IO_init
;Baitap2_Tuan5.c,96 :: 		lcd_init();
0x0255	0x21CE      	CALL       _lcd_init
;Baitap2_Tuan5.c,97 :: 		napkitudacbiet();
0x0256	0x210D      	CALL       _napkitudacbiet
;Baitap2_Tuan5.c,99 :: 		while(1)
L_main19:
0x0257	0x1283      	BCF        STATUS, 5
0x0258	0x1303      	BCF        STATUS, 6
;Baitap2_Tuan5.c,102 :: 		if ( RD0_BIT == 0 )
0x0259	0x1808      	BTFSC      RD0_bit, BitPos(RD0_bit+0)
0x025A	0x2A6A      	GOTO       L_main21
;Baitap2_Tuan5.c,104 :: 		delay_ms(10);
0x025B	0x301A      	MOVLW      26
0x025C	0x00FC      	MOVWF      R12
0x025D	0x30F8      	MOVLW      248
0x025E	0x00FD      	MOVWF      R13
L_main22:
0x025F	0x0BFD      	DECFSZ     R13, 1
0x0260	0x2A5F      	GOTO       L_main22
0x0261	0x0BFC      	DECFSZ     R12, 1
0x0262	0x2A5F      	GOTO       L_main22
0x0263	0x0000      	NOP
;Baitap2_Tuan5.c,105 :: 		if ( RD0_BIT == 0 ) trangthai = 1;
0x0264	0x1808      	BTFSC      RD0_bit, BitPos(RD0_bit+0)
0x0265	0x2A6A      	GOTO       L_main23
0x0266	0x3001      	MOVLW      1
0x0267	0x00A0      	MOVWF      _trangthai
0x0268	0x3000      	MOVLW      0
0x0269	0x00A1      	MOVWF      _trangthai+1
L_main23:
;Baitap2_Tuan5.c,106 :: 		}
L_main21:
;Baitap2_Tuan5.c,107 :: 		if ( RD1_BIT == 0 )
0x026A	0x1888      	BTFSC      RD1_bit, BitPos(RD1_bit+0)
0x026B	0x2A7B      	GOTO       L_main24
;Baitap2_Tuan5.c,109 :: 		delay_ms(10);
0x026C	0x301A      	MOVLW      26
0x026D	0x00FC      	MOVWF      R12
0x026E	0x30F8      	MOVLW      248
0x026F	0x00FD      	MOVWF      R13
L_main25:
0x0270	0x0BFD      	DECFSZ     R13, 1
0x0271	0x2A70      	GOTO       L_main25
0x0272	0x0BFC      	DECFSZ     R12, 1
0x0273	0x2A70      	GOTO       L_main25
0x0274	0x0000      	NOP
;Baitap2_Tuan5.c,110 :: 		if ( RD1_BIT == 0 ) trangthai = 2;
0x0275	0x1888      	BTFSC      RD1_bit, BitPos(RD1_bit+0)
0x0276	0x2A7B      	GOTO       L_main26
0x0277	0x3002      	MOVLW      2
0x0278	0x00A0      	MOVWF      _trangthai
0x0279	0x3000      	MOVLW      0
0x027A	0x00A1      	MOVWF      _trangthai+1
L_main26:
;Baitap2_Tuan5.c,111 :: 		}
L_main24:
;Baitap2_Tuan5.c,112 :: 		if ( RD2_BIT == 0 )
0x027B	0x1908      	BTFSC      RD2_bit, BitPos(RD2_bit+0)
0x027C	0x2A8C      	GOTO       L_main27
;Baitap2_Tuan5.c,114 :: 		delay_ms(10);
0x027D	0x301A      	MOVLW      26
0x027E	0x00FC      	MOVWF      R12
0x027F	0x30F8      	MOVLW      248
0x0280	0x00FD      	MOVWF      R13
L_main28:
0x0281	0x0BFD      	DECFSZ     R13, 1
0x0282	0x2A81      	GOTO       L_main28
0x0283	0x0BFC      	DECFSZ     R12, 1
0x0284	0x2A81      	GOTO       L_main28
0x0285	0x0000      	NOP
;Baitap2_Tuan5.c,115 :: 		if ( RD2_BIT == 0 ) trangthai = 3;
0x0286	0x1908      	BTFSC      RD2_bit, BitPos(RD2_bit+0)
0x0287	0x2A8C      	GOTO       L_main29
0x0288	0x3003      	MOVLW      3
0x0289	0x00A0      	MOVWF      _trangthai
0x028A	0x3000      	MOVLW      0
0x028B	0x00A1      	MOVWF      _trangthai+1
L_main29:
;Baitap2_Tuan5.c,116 :: 		}
L_main27:
;Baitap2_Tuan5.c,118 :: 		if ( trangthai == 1 )
0x028C	0x3000      	MOVLW      0
0x028D	0x0621      	XORWF      _trangthai+1, 0
0x028E	0x1D03      	BTFSS      STATUS, 2
0x028F	0x2A92      	GOTO       L__main47
0x0290	0x3001      	MOVLW      1
0x0291	0x0620      	XORWF      _trangthai, 0
L__main47:
0x0292	0x1D03      	BTFSS      STATUS, 2
0x0293	0x2AA0      	GOTO       L_main30
;Baitap2_Tuan5.c,120 :: 		PWM1_init(99,120);
0x0294	0x3063      	MOVLW      99
0x0295	0x1683      	BSF        STATUS, 5
0x0296	0x00AD      	MOVWF      FARG_PWM1_init_pr2
0x0297	0x3000      	MOVLW      0
0x0298	0x00AE      	MOVWF      FARG_PWM1_init_pr2+1
0x0299	0x3078      	MOVLW      120
0x029A	0x00AF      	MOVWF      FARG_PWM1_init_duty_reg
0x029B	0x3000      	MOVLW      0
0x029C	0x00B0      	MOVWF      FARG_PWM1_init_duty_reg+1
0x029D	0x212A      	CALL       _PWM1_init
;Baitap2_Tuan5.c,121 :: 		LCD_1();
0x029E	0x20D7      	CALL       _LCD_1
;Baitap2_Tuan5.c,122 :: 		}
0x029F	0x2ACB      	GOTO       L_main31
L_main30:
;Baitap2_Tuan5.c,123 :: 		else if( trangthai == 2 )
0x02A0	0x3000      	MOVLW      0
0x02A1	0x0621      	XORWF      _trangthai+1, 0
0x02A2	0x1D03      	BTFSS      STATUS, 2
0x02A3	0x2AA6      	GOTO       L__main48
0x02A4	0x3002      	MOVLW      2
0x02A5	0x0620      	XORWF      _trangthai, 0
L__main48:
0x02A6	0x1D03      	BTFSS      STATUS, 2
0x02A7	0x2AB4      	GOTO       L_main32
;Baitap2_Tuan5.c,125 :: 		PWM1_init(99, 320);
0x02A8	0x3063      	MOVLW      99
0x02A9	0x1683      	BSF        STATUS, 5
0x02AA	0x00AD      	MOVWF      FARG_PWM1_init_pr2
0x02AB	0x3000      	MOVLW      0
0x02AC	0x00AE      	MOVWF      FARG_PWM1_init_pr2+1
0x02AD	0x3040      	MOVLW      64
0x02AE	0x00AF      	MOVWF      FARG_PWM1_init_duty_reg
0x02AF	0x3001      	MOVLW      1
0x02B0	0x00B0      	MOVWF      FARG_PWM1_init_duty_reg+1
0x02B1	0x212A      	CALL       _PWM1_init
;Baitap2_Tuan5.c,126 :: 		LCD_2();
0x02B2	0x219A      	CALL       _LCD_2
;Baitap2_Tuan5.c,127 :: 		}
0x02B3	0x2ACB      	GOTO       L_main33
L_main32:
;Baitap2_Tuan5.c,128 :: 		else if( trangthai == 3 )
0x02B4	0x3000      	MOVLW      0
0x02B5	0x0621      	XORWF      _trangthai+1, 0
0x02B6	0x1D03      	BTFSS      STATUS, 2
0x02B7	0x2ABA      	GOTO       L__main49
0x02B8	0x3003      	MOVLW      3
0x02B9	0x0620      	XORWF      _trangthai, 0
L__main49:
0x02BA	0x1D03      	BTFSS      STATUS, 2
0x02BB	0x2AC4      	GOTO       L_main34
;Baitap2_Tuan5.c,130 :: 		PWM1_init(0,0);
0x02BC	0x1683      	BSF        STATUS, 5
0x02BD	0x01AD      	CLRF       FARG_PWM1_init_pr2
0x02BE	0x01AE      	CLRF       FARG_PWM1_init_pr2+1
0x02BF	0x01AF      	CLRF       FARG_PWM1_init_duty_reg
0x02C0	0x01B0      	CLRF       FARG_PWM1_init_duty_reg+1
0x02C1	0x212A      	CALL       _PWM1_init
;Baitap2_Tuan5.c,131 :: 		LCD_3();
0x02C2	0x2165      	CALL       _LCD_3
;Baitap2_Tuan5.c,132 :: 		}
0x02C3	0x2ACB      	GOTO       L_main35
L_main34:
;Baitap2_Tuan5.c,135 :: 		CCP1CON = 0;
0x02C4	0x0197      	CLRF       CCP1CON
;Baitap2_Tuan5.c,136 :: 		TMR2ON_BIT = 0;
0x02C5	0x1112      	BCF        TMR2ON_bit, BitPos(TMR2ON_bit+0)
;Baitap2_Tuan5.c,137 :: 		TRISC2_BIT = 1;
0x02C6	0x1683      	BSF        STATUS, 5
0x02C7	0x1507      	BSF        TRISC2_bit, BitPos(TRISC2_bit+0)
;Baitap2_Tuan5.c,138 :: 		lcd_putc('\f');
0x02C8	0x300C      	MOVLW      12
0x02C9	0x00B3      	MOVWF      FARG_lcd_putc_c
0x02CA	0x2071      	CALL       _lcd_putc
;Baitap2_Tuan5.c,139 :: 		}
L_main35:
L_main33:
L_main31:
;Baitap2_Tuan5.c,141 :: 		}
0x02CB	0x2A57      	GOTO       L_main19
;Baitap2_Tuan5.c,143 :: 		}
L_end_main:
0x02CC	0x2ACC      	GOTO       $+0
; end of _main
0x033A	0x3020      	MOVLW      32
0x033B	0x0084      	MOVWF      FSR
0x033C	0x304F      	MOVLW      79
0x033D	0x1283      	BCF        STATUS, 5
0x033E	0x1303      	BCF        STATUS, 6
0x033F	0x00F0      	MOVWF      R0
0x0340	0x30D2      	MOVLW      210
0x0341	0x1683      	BSF        STATUS, 5
0x0342	0x00AB      	MOVWF      ___DoICPAddr
0x0343	0x3002      	MOVLW      2
0x0344	0x00AC      	MOVWF      172
0x0345	0x2101      	CALL       257
0x0346	0x30A0      	MOVLW      160
0x0347	0x0084      	MOVWF      FSR
0x0348	0x300B      	MOVLW      11
0x0349	0x1283      	BCF        STATUS, 5
0x034A	0x00F0      	MOVWF      R0
0x034B	0x3021      	MOVLW      33
0x034C	0x1683      	BSF        STATUS, 5
0x034D	0x00AB      	MOVWF      ___DoICPAddr
0x034E	0x3003      	MOVLW      3
0x034F	0x00AC      	MOVWF      172
0x0350	0x2101      	CALL       257
0x0351	0x0008      	RETURN
;Baitap2_Tuan5.c,0 :: ?ICS_trangthai
0x02D2	0x3400 ;?ICS_trangthai+0
0x02D3	0x3400 ;?ICS_trangthai+1
; end of ?ICS_trangthai
;Baitap2_Tuan5.c,0 :: ?ICS_line2b
0x02D4	0x3444 ;?ICS_line2b+0
0x02D5	0x343D ;?ICS_line2b+1
0x02D6	0x3438 ;?ICS_line2b+2
0x02D7	0x3430 ;?ICS_line2b+3
0x02D8	0x3425 ;?ICS_line2b+4
; end of ?ICS_line2b
;Baitap2_Tuan5.c,0 :: ?ICS_line1b
0x02D9	0x3444 ;?ICS_line1b+0
0x02DA	0x343D ;?ICS_line1b+1
0x02DB	0x3433 ;?ICS_line1b+2
0x02DC	0x3430 ;?ICS_line1b+3
0x02DD	0x3425 ;?ICS_line1b+4
; end of ?ICS_line1b
;Baitap2_Tuan5.c,0 :: ?ICS_kitudacbiet
0x02DE	0x3400 ;?ICS_kitudacbiet+0
0x02DF	0x3400 ;?ICS_kitudacbiet+1
0x02E0	0x3419 ;?ICS_kitudacbiet+2
0x02E1	0x341A ;?ICS_kitudacbiet+3
0x02E2	0x3404 ;?ICS_kitudacbiet+4
0x02E3	0x340B ;?ICS_kitudacbiet+5
0x02E4	0x3413 ;?ICS_kitudacbiet+6
0x02E5	0x3400 ;?ICS_kitudacbiet+7
0x02E6	0x340E ;?ICS_kitudacbiet+8
0x02E7	0x3411 ;?ICS_kitudacbiet+9
0x02E8	0x340E ;?ICS_kitudacbiet+10
0x02E9	0x3411 ;?ICS_kitudacbiet+11
0x02EA	0x341F ;?ICS_kitudacbiet+12
0x02EB	0x3410 ;?ICS_kitudacbiet+13
0x02EC	0x340F ;?ICS_kitudacbiet+14
0x02ED	0x3400 ;?ICS_kitudacbiet+15
0x02EE	0x340E ;?ICS_kitudacbiet+16
0x02EF	0x3409 ;?ICS_kitudacbiet+17
0x02F0	0x3409 ;?ICS_kitudacbiet+18
0x02F1	0x341D ;?ICS_kitudacbiet+19
0x02F2	0x3409 ;?ICS_kitudacbiet+20
0x02F3	0x3409 ;?ICS_kitudacbiet+21
0x02F4	0x340E ;?ICS_kitudacbiet+22
0x02F5	0x3400 ;?ICS_kitudacbiet+23
0x02F6	0x3404 ;?ICS_kitudacbiet+24
0x02F7	0x3409 ;?ICS_kitudacbiet+25
0x02F8	0x3413 ;?ICS_kitudacbiet+26
0x02F9	0x3412 ;?ICS_kitudacbiet+27
0x02FA	0x3412 ;?ICS_kitudacbiet+28
0x02FB	0x3412 ;?ICS_kitudacbiet+29
0x02FC	0x340C ;?ICS_kitudacbiet+30
0x02FD	0x3400 ;?ICS_kitudacbiet+31
0x02FE	0x3400 ;?ICS_kitudacbiet+32
0x02FF	0x340E ;?ICS_kitudacbiet+33
0x0300	0x3411 ;?ICS_kitudacbiet+34
0x0301	0x3411 ;?ICS_kitudacbiet+35
0x0302	0x3411 ;?ICS_kitudacbiet+36
0x0303	0x340E ;?ICS_kitudacbiet+37
0x0304	0x3404 ;?ICS_kitudacbiet+38
0x0305	0x3400 ;?ICS_kitudacbiet+39
0x0306	0x3401 ;?ICS_kitudacbiet+40
0x0307	0x340E ;?ICS_kitudacbiet+41
0x0308	0x3412 ;?ICS_kitudacbiet+42
0x0309	0x340C ;?ICS_kitudacbiet+43
0x030A	0x3412 ;?ICS_kitudacbiet+44
0x030B	0x3412 ;?ICS_kitudacbiet+45
0x030C	0x340C ;?ICS_kitudacbiet+46
0x030D	0x3400 ;?ICS_kitudacbiet+47
0x030E	0x3402 ;?ICS_kitudacbiet+48
0x030F	0x3404 ;?ICS_kitudacbiet+49
0x0310	0x340E ;?ICS_kitudacbiet+50
0x0311	0x3411 ;?ICS_kitudacbiet+51
0x0312	0x341F ;?ICS_kitudacbiet+52
0x0313	0x3410 ;?ICS_kitudacbiet+53
0x0314	0x340F ;?ICS_kitudacbiet+54
0x0315	0x3400 ;?ICS_kitudacbiet+55
0x0316	0x3499 ;?ICS_kitudacbiet+56
; end of ?ICS_kitudacbiet
;Baitap2_Tuan5.c,0 :: ?ICS_line3a
0x0317	0x344C ;?ICS_line3a+0
0x0318	0x3401 ;?ICS_line3a+1
0x0319	0x3420 ;?ICS_line3a+2
0x031A	0x3441 ;?ICS_line3a+3
0x031B	0x346E ;?ICS_line3a+4
0x031C	0x3468 ;?ICS_line3a+5
0x031D	0x3420 ;?ICS_line3a+6
0x031E	0x3402 ;?ICS_line3a+7
0x031F	0x3403 ;?ICS_line3a+8
0x0320	0x3463 ;?ICS_line3a+9
; end of ?ICS_line3a
;Baitap2_Tuan5.c,0 :: ?ICS_line3b
0x0321	0x3448 ;?ICS_line3b+0
0x0322	0x3404 ;?ICS_line3b+1
0x0323	0x3463 ;?ICS_line3b+2
0x0324	0x3420 ;?ICS_line3b+3
0x0325	0x3474 ;?ICS_line3b+4
0x0326	0x3405 ;?ICS_line3b+5
0x0327	0x3474 ;?ICS_line3b+6
0x0328	0x3420 ;?ICS_line3b+7
0x0329	0x346E ;?ICS_line3b+8
0x032A	0x3468 ;?ICS_line3b+9
0x032B	0x3406 ;?ICS_line3b+10
; end of ?ICS_line3b
;Baitap2_Tuan5.c,0 :: ?lstr_1_Baitap2_Tuan5
0x032C	0x3466 ;?lstr_1_Baitap2_Tuan5+0
0x032D	0x343D ;?lstr_1_Baitap2_Tuan5+1
0x032E	0x3435 ;?lstr_1_Baitap2_Tuan5+2
0x032F	0x344B ;?lstr_1_Baitap2_Tuan5+3
0x0330	0x3448 ;?lstr_1_Baitap2_Tuan5+4
0x0331	0x347A ;?lstr_1_Baitap2_Tuan5+5
0x0332	0x3400 ;?lstr_1_Baitap2_Tuan5+6
; end of ?lstr_1_Baitap2_Tuan5
;Baitap2_Tuan5.c,0 :: ?lstr_2_Baitap2_Tuan5
0x0333	0x3466 ;?lstr_2_Baitap2_Tuan5+0
0x0334	0x343D ;?lstr_2_Baitap2_Tuan5+1
0x0335	0x3435 ;?lstr_2_Baitap2_Tuan5+2
0x0336	0x344B ;?lstr_2_Baitap2_Tuan5+3
0x0337	0x3448 ;?lstr_2_Baitap2_Tuan5+4
0x0338	0x347A ;?lstr_2_Baitap2_Tuan5+5
0x0339	0x3400 ;?lstr_2_Baitap2_Tuan5+6
; end of ?lstr_2_Baitap2_Tuan5
Symbol List:
//** Routines locations **
//ADDRESS    SIZE    PROCEDURE
//----------------------------------------------
0x0003      [41]    _lcd_put_nibble
0x002C      [41]    _lcd_put_byte
0x0055      [21]    _lcd_gotoxy
0x006A       [7]    _____DoICP
0x0071      [73]    _lcd_putc
0x00BA      [29]    _lcd_puts
0x00D7      [42]    _LCD_1
0x0101      [12]    ___CC2DW
0x010D      [29]    _napkitudacbiet
0x012A      [59]    _PWM1_init
0x0165      [53]    _LCD_3
0x019A      [42]    _LCD_2
0x01C4      [10]    _IO_init
0x01CE     [133]    _lcd_init
0x0253     [121]    _main
//** Variables locations ** 
//ADDRESS    SIZE    VARIABLE
//----------------------------------------------
0x0000       [1]    INDF
0x0002       [1]    PCL
0x0003       [1]    STATUS
0x0004       [1]    FSR
0x0006       [0]    RB3_bit
0x0006       [0]    RB4_bit
0x0006       [0]    RB2_bit
0x0006       [0]    RB1_bit
0x0006       [0]    RB0_bit
0x0006       [0]    RB5_bit
0x0008       [0]    RD1_bit
0x0008       [0]    RD0_bit
0x0008       [0]    RD2_bit
0x000A       [1]    PCLATH
0x000C       [0]    TMR2IF_bit
0x0012       [0]    T2CKPS1_bit
0x0012       [0]    TMR2ON_bit
0x0012       [0]    T2CKPS0_bit
0x0015       [1]    CCPR1L
0x0017       [1]    CCP1CON
0x0017       [0]    DC1B1_bit
0x0017       [0]    DC1B0_bit
0x0020       [2]    _trangthai
0x0022       [5]    _line2b
0x0027       [5]    _line1b
0x002C      [57]    _kitudacbiet
0x0065      [10]    _line3a
0x006F       [1]    LCD_1_i_L0
0x006F       [1]    LCD_2_i_L0
0x006F       [1]    LCD_3_i_L0
0x006F       [1]    napkitudacbiet_i_L0
0x0070       [1]    R0
0x0071       [1]    R1
0x0072       [1]    R2
0x0073       [1]    R3
0x0074       [1]    R4
0x0075       [1]    R5
0x0076       [1]    R6
0x0077       [1]    R7
0x0078       [1]    R8
0x0079       [1]    R9
0x007A       [1]    R10
0x007B       [1]    R11
0x007C       [1]    R12
0x007D       [1]    R13
0x007E       [1]    R14
0x007F       [1]    R15
0x0086       [0]    TRISB5_bit
0x0086       [0]    TRISB1_bit
0x0086       [0]    TRISB2_bit
0x0086       [0]    TRISB3_bit
0x0086       [0]    TRISB0_bit
0x0086       [0]    TRISB4_bit
0x0087       [0]    TRISC2_bit
0x0087       [1]    TRISC
0x0088       [1]    TRISD
0x00A0      [11]    _line3b
0x00AB       [2]    ___DoICPAddr
0x00AD       [2]    FARG_PWM1_init_pr2
0x00AF       [2]    FARG_PWM1_init_duty_reg
0x00B1       [2]    FARG_lcd_puts_s
0x00B3       [1]    FARG_lcd_putc_c
0x00B4       [1]    FARG_lcd_gotoxy_col
0x00B5       [1]    FARG_lcd_gotoxy_row
0x00B6       [1]    lcd_gotoxy_address_L0
0x00B7       [1]    FARG_lcd_put_byte_rs
0x00B8       [1]    FARG_lcd_put_byte_b
0x00B9       [1]    FARG_lcd_put_nibble_b
0x0188       [1]    ANSEL
0x0189       [1]    ANSELH
//** Constants locations ** 
//ADDRESS    SIZE    CONSTANT
//----------------------------------------------
0x02D2       [2]    ?ICS_trangthai
0x02D4       [5]    ?ICS_line2b
0x02D9       [5]    ?ICS_line1b
0x02DE      [57]    ?ICS_kitudacbiet
0x0317      [10]    ?ICS_line3a
0x0321      [11]    ?ICS_line3b
0x032C       [7]    ?lstr_1_Baitap2_Tuan5
0x0333       [7]    ?lstr_2_Baitap2_Tuan5
