;  LST file generated by mikroListExporter - v.2.0 
; Date/Time: 10/28/2025 8:26:29 AM
;----------------------------------------------

;Address Opcode 	ASM
0x0000	0x2A43      	GOTO       579
_RES032:
;__Lib_MathDouble.c,123 :: 		
;__Lib_MathDouble.c,128 :: 		
0x0003	0x01F2      	CLRF       R2
;__Lib_MathDouble.c,129 :: 		
0x0004	0x01F1      	CLRF       R1
;__Lib_MathDouble.c,130 :: 		
0x0005	0x01F0      	CLRF       R0
;__Lib_MathDouble.c,131 :: 		
0x0006	0x01F8      	CLRF       R8
;__Lib_MathDouble.c,132 :: 		
0x0007	0x01F3      	CLRF       R3
;__Lib_MathDouble.c,133 :: 		
0x0008	0x3000      	MOVLW      0
;__Lib_MathDouble.c,135 :: 		
L_end_RES032:
0x0009	0x0008      	RETURN
; end of _RES032
_FIXSIGN32:
;__Lib_MathDouble.c,112 :: 		
;__Lib_MathDouble.c,116 :: 		
0x000A	0x1FFA      	BTFSS      R10, 7
;__Lib_MathDouble.c,117 :: 		
0x000B	0x13F2      	BCF        R2, 7
;__Lib_MathDouble.c,118 :: 		
0x000C	0x3000      	MOVLW      0
;__Lib_MathDouble.c,120 :: 		
L_end_FIXSIGN32:
0x000D	0x0008      	RETURN
; end of _FIXSIGN32
_SETFUN32:
;__Lib_MathDouble.c,138 :: 		
;__Lib_MathDouble.c,145 :: 		
0x000E	0x157B      	BSF        R11, 2
;__Lib_MathDouble.c,146 :: 		
0x000F	0x1FFB      	BTFSS      R11, 7
;__Lib_MathDouble.c,147 :: 		
0x0010	0x2818      	GOTO       SETFUN32EEE
;__Lib_MathDouble.c,148 :: 		
0x0011	0x3001      	MOVLW      1
;__Lib_MathDouble.c,149 :: 		
0x0012	0x00F3      	MOVWF      R3
;__Lib_MathDouble.c,150 :: 		
0x0013	0x01F2      	CLRF       R2
;__Lib_MathDouble.c,151 :: 		
0x0014	0x01F1      	CLRF       R1
;__Lib_MathDouble.c,152 :: 		
0x0015	0x01F0      	CLRF       R0
;__Lib_MathDouble.c,153 :: 		
0x0016	0x0DFA      	RLF        R10, 1
;__Lib_MathDouble.c,154 :: 		
0x0017	0x0CF2      	RRF        R2, 1
;__Lib_MathDouble.c,155 :: 		
SETFUN32EEE:
;__Lib_MathDouble.c,156 :: 		
0x0018	0x30FF      	MOVLW      255
;__Lib_MathDouble.c,158 :: 		
L_end_SETFUN32:
0x0019	0x0008      	RETURN
; end of _SETFUN32
_SETFDZ32:
;__Lib_MathDouble.c,102 :: 		
;__Lib_MathDouble.c,105 :: 		
0x001A	0x15FB      	BSF        R11, 3
;__Lib_MathDouble.c,106 :: 		
0x001B	0x30FF      	MOVLW      255
;__Lib_MathDouble.c,108 :: 		
L_end_SETFDZ32:
0x001C	0x0008      	RETURN
; end of _SETFDZ32
_SETIOV3224:
;__Lib_MathDouble.c,1000 :: 		
;__Lib_MathDouble.c,1006 :: 		
0x001D	0x147B      	BSF        R11, 0
;__Lib_MathDouble.c,1007 :: 		
0x001E	0x1FFB      	BTFSS      R11, 7
;__Lib_MathDouble.c,1008 :: 		
0x001F	0x2828      	GOTO       SETIOV3224EEE
;__Lib_MathDouble.c,1010 :: 		
0x0020	0x01F2      	CLRF       R2
;__Lib_MathDouble.c,1011 :: 		
0x0021	0x1FFA      	BTFSS      R10, 7
;__Lib_MathDouble.c,1012 :: 		
0x0022	0x30FF      	MOVLW      255
;__Lib_MathDouble.c,1013 :: 		
0x0023	0x00F2      	MOVWF      R2
;__Lib_MathDouble.c,1014 :: 		
0x0024	0x00F1      	MOVWF      R1
;__Lib_MathDouble.c,1015 :: 		
0x0025	0x00F0      	MOVWF      R0
;__Lib_MathDouble.c,1016 :: 		
0x0026	0x0DFA      	RLF        R10, 1
;__Lib_MathDouble.c,1017 :: 		
0x0027	0x0CF2      	RRF        R2, 1
;__Lib_MathDouble.c,1018 :: 		
SETIOV3224EEE:
;__Lib_MathDouble.c,1019 :: 		
0x0028	0x30FF      	MOVLW      255
;__Lib_MathDouble.c,1021 :: 		
L_end_SETIOV3224:
0x0029	0x0008      	RETURN
; end of _SETIOV3224
_NRM3232:
;__Lib_MathDouble.c,167 :: 		
;__Lib_MathDouble.c,173 :: 		
;__Lib_MathDouble.c,175 :: 		
0x002A	0x01A0      	CLRF       __math_tempbD
;__Lib_MathDouble.c,176 :: 		
0x002B	0x0872      	MOVF       R2, 0
;__Lib_MathDouble.c,177 :: 		
0x002C	0x1D03      	BTFSS      STATUS, 2
;__Lib_MathDouble.c,178 :: 		
0x002D	0x283F      	GOTO       NORM3232
;__Lib_MathDouble.c,179 :: 		
0x002E	0x0871      	MOVF       R1, 0
;__Lib_MathDouble.c,180 :: 		
0x002F	0x00F2      	MOVWF      R2
;__Lib_MathDouble.c,181 :: 		
0x0030	0x0870      	MOVF       R0, 0
;__Lib_MathDouble.c,182 :: 		
0x0031	0x00F1      	MOVWF      R1
;__Lib_MathDouble.c,183 :: 		
0x0032	0x01F0      	CLRF       R0
;__Lib_MathDouble.c,184 :: 		
0x0033	0x15A0      	BSF        __math_tempbD, 3
;__Lib_MathDouble.c,186 :: 		
0x0034	0x0872      	MOVF       R2, 0
;__Lib_MathDouble.c,187 :: 		
0x0035	0x1D03      	BTFSS      STATUS, 2
;__Lib_MathDouble.c,188 :: 		
0x0036	0x283F      	GOTO       NORM3232
;__Lib_MathDouble.c,189 :: 		
0x0037	0x0871      	MOVF       R1, 0
;__Lib_MathDouble.c,190 :: 		
0x0038	0x00F2      	MOVWF      R2
;__Lib_MathDouble.c,191 :: 		
0x0039	0x01F1      	CLRF       R1
;__Lib_MathDouble.c,192 :: 		
0x003A	0x11A0      	BCF        __math_tempbD, 3
;__Lib_MathDouble.c,193 :: 		
0x003B	0x1620      	BSF        __math_tempbD, 4
;__Lib_MathDouble.c,195 :: 		
0x003C	0x0872      	MOVF       R2, 0
;__Lib_MathDouble.c,196 :: 		
0x003D	0x1903      	BTFSC      STATUS, 2
;__Lib_MathDouble.c,197 :: 		
0x003E	0x284D      	GOTO       JPNRES032
;__Lib_MathDouble.c,198 :: 		
NORM3232:
;__Lib_MathDouble.c,199 :: 		
0x003F	0x0820      	MOVF       __math_tempbD, 0
;__Lib_MathDouble.c,200 :: 		
0x0040	0x02F3      	SUBWF      R3, 1
;__Lib_MathDouble.c,201 :: 		
0x0041	0x1D03      	BTFSS      STATUS, 2
;__Lib_MathDouble.c,202 :: 		
0x0042	0x1C03      	BTFSS      STATUS, 0
;__Lib_MathDouble.c,203 :: 		
0x0043	0x2851      	GOTO       JPNSETFUN32
;__Lib_MathDouble.c,204 :: 		
0x0044	0x1003      	BCF        STATUS, 0
;__Lib_MathDouble.c,205 :: 		
NORM3232A:
;__Lib_MathDouble.c,206 :: 		
0x0045	0x1BF2      	BTFSC      R2, 7
;__Lib_MathDouble.c,207 :: 		
0x0046	0x2855      	GOTO       JMPNFIXSIGN32
;__Lib_MathDouble.c,208 :: 		
0x0047	0x0DF0      	RLF        R0, 1
;__Lib_MathDouble.c,209 :: 		
0x0048	0x0DF1      	RLF        R1, 1
;__Lib_MathDouble.c,210 :: 		
0x0049	0x0DF2      	RLF        R2, 1
;__Lib_MathDouble.c,211 :: 		
0x004A	0x0BF3      	DECFSZ     R3, 1
;__Lib_MathDouble.c,212 :: 		
0x004B	0x2845      	GOTO       NORM3232A
;__Lib_MathDouble.c,213 :: 		
0x004C	0x2851      	GOTO       JPNSETFUN32
;__Lib_MathDouble.c,214 :: 		
JPNRES032:
;__Lib_MathDouble.c,215 :: 		
0x004D	0x3001      	MOVLW      1
;__Lib_MathDouble.c,216 :: 		
0x004E	0x00FC      	MOVWF      R12
;__Lib_MathDouble.c,218 :: 		
0x004F	0x2003      	CALL       _RES032
;__Lib_MathDouble.c,220 :: 		
0x0050	0x2858      	GOTO       NORM32EEE
;__Lib_MathDouble.c,221 :: 		
JPNSETFUN32:
;__Lib_MathDouble.c,222 :: 		
0x0051	0x3002      	MOVLW      2
;__Lib_MathDouble.c,223 :: 		
0x0052	0x00FC      	MOVWF      R12
;__Lib_MathDouble.c,225 :: 		
0x0053	0x200E      	CALL       _SETFUN32
;__Lib_MathDouble.c,227 :: 		
0x0054	0x2858      	GOTO       NORM32EEE
;__Lib_MathDouble.c,228 :: 		
JMPNFIXSIGN32:
;__Lib_MathDouble.c,229 :: 		
0x0055	0x3004      	MOVLW      4
;__Lib_MathDouble.c,230 :: 		
0x0056	0x00FC      	MOVWF      R12
;__Lib_MathDouble.c,232 :: 		
0x0057	0x200A      	CALL       _FIXSIGN32
;__Lib_MathDouble.c,234 :: 		
NORM32EEE:
;__Lib_MathDouble.c,236 :: 		
L_end_NRM3232:
0x0058	0x0008      	RETURN
; end of _NRM3232
_SETFOV32:
;__Lib_MathDouble.c,79 :: 		
;__Lib_MathDouble.c,86 :: 		
0x0059	0x14FB      	BSF        R11, 1
;__Lib_MathDouble.c,87 :: 		
0x005A	0x1FFB      	BTFSS      R11, 7
;__Lib_MathDouble.c,88 :: 		
0x005B	0x2863      	GOTO       SETFOV32EEE
;__Lib_MathDouble.c,89 :: 		
0x005C	0x30FF      	MOVLW      255
;__Lib_MathDouble.c,90 :: 		
0x005D	0x00F3      	MOVWF      R3
;__Lib_MathDouble.c,91 :: 		
0x005E	0x00F2      	MOVWF      R2
;__Lib_MathDouble.c,92 :: 		
0x005F	0x00F1      	MOVWF      R1
;__Lib_MathDouble.c,93 :: 		
0x0060	0x00F0      	MOVWF      R0
;__Lib_MathDouble.c,94 :: 		
0x0061	0x0DFA      	RLF        R10, 1
;__Lib_MathDouble.c,95 :: 		
0x0062	0x0CF2      	RRF        R2, 1
;__Lib_MathDouble.c,96 :: 		
SETFOV32EEE:
;__Lib_MathDouble.c,97 :: 		
0x0063	0x30FF      	MOVLW      255
;__Lib_MathDouble.c,99 :: 		
L_end_SETFOV32:
0x0064	0x0008      	RETURN
; end of _SETFOV32
_word2double:
;__Lib_MathDouble.c,1862 :: 		
;__Lib_MathDouble.c,1868 :: 		
0x0065	0x1283      	BCF        STATUS, 5
;__Lib_MathDouble.c,1869 :: 		
0x0066	0x1303      	BCF        STATUS, 6
;__Lib_MathDouble.c,1870 :: 		
0x0067	0x0870      	MOVF       R0, 0
;__Lib_MathDouble.c,1871 :: 		
0x0068	0x00F8      	MOVWF      R8
;__Lib_MathDouble.c,1872 :: 		
0x0069	0x0871      	MOVF       R1, 0
;__Lib_MathDouble.c,1873 :: 		
0x006A	0x00F0      	MOVWF      R0
;__Lib_MathDouble.c,1874 :: 		
0x006B	0x01F1      	CLRF       R1
;__Lib_MathDouble.c,1875 :: 		
0x006C	0x01F2      	CLRF       R2
;__Lib_MathDouble.c,1876 :: 		
0x006D	0x01F3      	CLRF       R3
;__Lib_MathDouble.c,1879 :: 		
0x006E	0x01FB      	CLRF       R11
;__Lib_MathDouble.c,1880 :: 		
0x006F	0x01FC      	CLRF       R12
;__Lib_MathDouble.c,1882 :: 		
0x0070	0x3096      	MOVLW      150
;__Lib_MathDouble.c,1883 :: 		
0x0071	0x00F3      	MOVWF      R3
;__Lib_MathDouble.c,1884 :: 		
0x0072	0x01FA      	CLRF       R10
;__Lib_MathDouble.c,1886 :: 		
0x0073	0x0870      	MOVF       R0, 0
;__Lib_MathDouble.c,1887 :: 		
0x0074	0x00F1      	MOVWF      R1
;__Lib_MathDouble.c,1888 :: 		
0x0075	0x0878      	MOVF       R8, 0
;__Lib_MathDouble.c,1889 :: 		
0x0076	0x00F0      	MOVWF      R0
;__Lib_MathDouble.c,1890 :: 		
0x0077	0x01F8      	CLRF       R8
;__Lib_MathDouble.c,1891 :: 		
0x0078	0x01F2      	CLRF       R2
;__Lib_MathDouble.c,1893 :: 		
0x0079	0x202A      	CALL       _NRM3232
;__Lib_MathDouble.c,1894 :: 		
L_end_word2double:
0x007A	0x0008      	RETURN
; end of _word2double
_Mul_32x32_FP:
;__Lib_MathDouble.c,610 :: 		
;__Lib_MathDouble.c,622 :: 		
;__Lib_MathDouble.c,624 :: 		
0x007B	0x1283      	BCF        STATUS, 5
;__Lib_MathDouble.c,625 :: 		
0x007C	0x1303      	BCF        STATUS, 6
;__Lib_MathDouble.c,627 :: 		
0x007D	0x01FB      	CLRF       R11
;__Lib_MathDouble.c,628 :: 		
0x007E	0x0873      	MOVF       R3, 0
;__Lib_MathDouble.c,629 :: 		
0x007F	0x1D03      	BTFSS      STATUS, 2
;__Lib_MathDouble.c,630 :: 		
0x0080	0x0877      	MOVF       R7, 0
;__Lib_MathDouble.c,631 :: 		
0x0081	0x1903      	BTFSC      STATUS, 2
;__Lib_MathDouble.c,632 :: 		
0x0082	0x28D2      	GOTO       JPMRES032
;__Lib_MathDouble.c,634 :: 		
0x0083	0x0872      	MOVF       R2, 0
;__Lib_MathDouble.c,635 :: 		
0x0084	0x0676      	XORWF      R6, 0
;__Lib_MathDouble.c,636 :: 		
0x0085	0x00FA      	MOVWF      R10
;__Lib_MathDouble.c,637 :: 		
0x0086	0x0877      	MOVF       R7, 0
;__Lib_MathDouble.c,638 :: 		
0x0087	0x07F3      	ADDWF      R3, 1
;__Lib_MathDouble.c,639 :: 		
0x0088	0x307E      	MOVLW      126
;__Lib_MathDouble.c,640 :: 		
0x0089	0x1C03      	BTFSS      STATUS, 0
;__Lib_MathDouble.c,641 :: 		
0x008A	0x288F      	GOTO       MTUN32
;__Lib_MathDouble.c,642 :: 		
0x008B	0x02F3      	SUBWF      R3, 1
;__Lib_MathDouble.c,643 :: 		
0x008C	0x1803      	BTFSC      STATUS, 0
;__Lib_MathDouble.c,644 :: 		
0x008D	0x28D5      	GOTO       JPMSETFOV32
;__Lib_MathDouble.c,645 :: 		
0x008E	0x2892      	GOTO       MOK32
;__Lib_MathDouble.c,646 :: 		
MTUN32:
;__Lib_MathDouble.c,647 :: 		
0x008F	0x02F3      	SUBWF      R3, 1
;__Lib_MathDouble.c,648 :: 		
0x0090	0x1C03      	BTFSS      STATUS, 0
;__Lib_MathDouble.c,649 :: 		
0x0091	0x28D8      	GOTO       JPMSETFUN32
;__Lib_MathDouble.c,650 :: 		
MOK32:
;__Lib_MathDouble.c,651 :: 		
0x0092	0x0872      	MOVF       R2, 0
;__Lib_MathDouble.c,652 :: 		
0x0093	0x00F8      	MOVWF      R8
;__Lib_MathDouble.c,653 :: 		
0x0094	0x0871      	MOVF       R1, 0
;__Lib_MathDouble.c,654 :: 		
0x0095	0x00FC      	MOVWF      R12
;__Lib_MathDouble.c,655 :: 		
0x0096	0x0870      	MOVF       R0, 0
;__Lib_MathDouble.c,656 :: 		
0x0097	0x00FD      	MOVWF      R13
;__Lib_MathDouble.c,657 :: 		
0x0098	0x17F8      	BSF        R8, 7
;__Lib_MathDouble.c,658 :: 		
0x0099	0x17F6      	BSF        R6, 7
;__Lib_MathDouble.c,659 :: 		
0x009A	0x1003      	BCF        STATUS, 0
;__Lib_MathDouble.c,660 :: 		
0x009B	0x01F2      	CLRF       R2
;__Lib_MathDouble.c,661 :: 		
0x009C	0x01F1      	CLRF       R1
;__Lib_MathDouble.c,662 :: 		
0x009D	0x01F0      	CLRF       R0
;__Lib_MathDouble.c,663 :: 		
0x009E	0x3018      	MOVLW      24
;__Lib_MathDouble.c,664 :: 		
0x009F	0x00A0      	MOVWF      __math_tempbD
;__Lib_MathDouble.c,665 :: 		
MLOOP32:
;__Lib_MathDouble.c,666 :: 		
0x00A0	0x1C7D      	BTFSS      R13, 0
;__Lib_MathDouble.c,667 :: 		
0x00A1	0x28AC      	GOTO       MNOADD32
;__Lib_MathDouble.c,669 :: 		
0x00A2	0x0874      	MOVF       R4, 0
;__Lib_MathDouble.c,670 :: 		
0x00A3	0x07F0      	ADDWF      R0, 1
;__Lib_MathDouble.c,671 :: 		
0x00A4	0x0875      	MOVF       R5, 0
;__Lib_MathDouble.c,672 :: 		
0x00A5	0x1803      	BTFSC      STATUS, 0
;__Lib_MathDouble.c,673 :: 		
0x00A6	0x0F75      	INCFSZ     R5, 0
;__Lib_MathDouble.c,674 :: 		
0x00A7	0x07F1      	ADDWF      R1, 1
;__Lib_MathDouble.c,675 :: 		
0x00A8	0x0876      	MOVF       R6, 0
;__Lib_MathDouble.c,676 :: 		
0x00A9	0x1803      	BTFSC      STATUS, 0
;__Lib_MathDouble.c,677 :: 		
0x00AA	0x0F76      	INCFSZ     R6, 0
;__Lib_MathDouble.c,678 :: 		
0x00AB	0x07F2      	ADDWF      R2, 1
;__Lib_MathDouble.c,679 :: 		
MNOADD32:
;__Lib_MathDouble.c,680 :: 		
0x00AC	0x0CF2      	RRF        R2, 1
;__Lib_MathDouble.c,681 :: 		
0x00AD	0x0CF1      	RRF        R1, 1
;__Lib_MathDouble.c,682 :: 		
0x00AE	0x0CF0      	RRF        R0, 1
;__Lib_MathDouble.c,683 :: 		
0x00AF	0x0CF8      	RRF        R8, 1
;__Lib_MathDouble.c,684 :: 		
0x00B0	0x0CFC      	RRF        R12, 1
;__Lib_MathDouble.c,685 :: 		
0x00B1	0x0CFD      	RRF        R13, 1
;__Lib_MathDouble.c,686 :: 		
0x00B2	0x1003      	BCF        STATUS, 0
;__Lib_MathDouble.c,687 :: 		
0x00B3	0x0BA0      	DECFSZ     __math_tempbD, 1
;__Lib_MathDouble.c,688 :: 		
0x00B4	0x28A0      	GOTO       MLOOP32
;__Lib_MathDouble.c,689 :: 		
0x00B5	0x1BF2      	BTFSC      R2, 7
;__Lib_MathDouble.c,690 :: 		
0x00B6	0x28BC      	GOTO       MROUND32
;__Lib_MathDouble.c,691 :: 		
0x00B7	0x0DF8      	RLF        R8, 1
;__Lib_MathDouble.c,692 :: 		
0x00B8	0x0DF0      	RLF        R0, 1
;__Lib_MathDouble.c,693 :: 		
0x00B9	0x0DF1      	RLF        R1, 1
;__Lib_MathDouble.c,694 :: 		
0x00BA	0x0DF2      	RLF        R2, 1
;__Lib_MathDouble.c,695 :: 		
0x00BB	0x03F3      	DECF       R3, 1
;__Lib_MathDouble.c,696 :: 		
MROUND32:
;__Lib_MathDouble.c,697 :: 		
0x00BC	0x1B7B      	BTFSC      R11, 6
;__Lib_MathDouble.c,698 :: 		
0x00BD	0x1C70      	BTFSS      R0, 0
;__Lib_MathDouble.c,699 :: 		
0x00BE	0x28CE      	GOTO       MUL32OK
;__Lib_MathDouble.c,700 :: 		
0x00BF	0x1FF8      	BTFSS      R8, 7
;__Lib_MathDouble.c,701 :: 		
0x00C0	0x28CE      	GOTO       MUL32OK
;__Lib_MathDouble.c,702 :: 		
0x00C1	0x0AF0      	INCF       R0, 1
;__Lib_MathDouble.c,703 :: 		
0x00C2	0x1903      	BTFSC      STATUS, 2
;__Lib_MathDouble.c,704 :: 		
0x00C3	0x0AF1      	INCF       R1, 1
;__Lib_MathDouble.c,705 :: 		
0x00C4	0x1903      	BTFSC      STATUS, 2
;__Lib_MathDouble.c,706 :: 		
0x00C5	0x0AF2      	INCF       R2, 1
;__Lib_MathDouble.c,707 :: 		
0x00C6	0x1D03      	BTFSS      STATUS, 2
;__Lib_MathDouble.c,708 :: 		
0x00C7	0x28CE      	GOTO       MUL32OK
;__Lib_MathDouble.c,709 :: 		
0x00C8	0x0CF2      	RRF        R2, 1
;__Lib_MathDouble.c,710 :: 		
0x00C9	0x0CF1      	RRF        R1, 1
;__Lib_MathDouble.c,711 :: 		
0x00CA	0x0CF0      	RRF        R0, 1
;__Lib_MathDouble.c,712 :: 		
0x00CB	0x0AF3      	INCF       R3, 1
;__Lib_MathDouble.c,713 :: 		
0x00CC	0x1903      	BTFSC      STATUS, 2
;__Lib_MathDouble.c,714 :: 		
0x00CD	0x28D5      	GOTO       JPMSETFOV32
;__Lib_MathDouble.c,715 :: 		
MUL32OK:
;__Lib_MathDouble.c,716 :: 		
0x00CE	0x1FFA      	BTFSS      R10, 7
;__Lib_MathDouble.c,717 :: 		
0x00CF	0x13F2      	BCF        R2, 7
;__Lib_MathDouble.c,718 :: 		
0x00D0	0x3000      	MOVLW      0
;__Lib_MathDouble.c,720 :: 		
0x00D1	0x28DA      	GOTO       MUL32EEE
;__Lib_MathDouble.c,721 :: 		
JPMRES032:
;__Lib_MathDouble.c,722 :: 		
0x00D2	0x3001      	MOVLW      1
;__Lib_MathDouble.c,725 :: 		
0x00D3	0x2003      	CALL       _RES032
;__Lib_MathDouble.c,727 :: 		
0x00D4	0x28DA      	GOTO       MUL32EEE
;__Lib_MathDouble.c,728 :: 		
JPMSETFOV32:
;__Lib_MathDouble.c,729 :: 		
0x00D5	0x3002      	MOVLW      2
;__Lib_MathDouble.c,732 :: 		
0x00D6	0x2059      	CALL       _SETFOV32
;__Lib_MathDouble.c,734 :: 		
0x00D7	0x28DA      	GOTO       MUL32EEE
;__Lib_MathDouble.c,735 :: 		
JPMSETFUN32:
;__Lib_MathDouble.c,736 :: 		
0x00D8	0x3004      	MOVLW      4
;__Lib_MathDouble.c,739 :: 		
0x00D9	0x200E      	CALL       _SETFUN32
;__Lib_MathDouble.c,741 :: 		
MUL32EEE:
;__Lib_MathDouble.c,742 :: 		
0x00DA	0x0000      	NOP
;__Lib_MathDouble.c,749 :: 		
L_end_Mul_32x32_FP:
0x00DB	0x0008      	RETURN
; end of _Mul_32x32_FP
_____DoICP:
;__Lib_System.c,6 :: 		
;__Lib_System.c,9 :: 		
0x00DC	0x1283      	BCF        STATUS, 5
0x00DD	0x1303      	BCF        STATUS, 6
0x00DE	0x0825      	MOVF       ___DoICPAddr+1, 0
0x00DF	0x008A      	MOVWF      PCLATH
;__Lib_System.c,10 :: 		
0x00E0	0x0824      	MOVF       ___DoICPAddr, 0
0x00E1	0x0082      	MOVWF      PCL
;__Lib_System.c,12 :: 		
L_end_____DoICP:
0x00E2	0x0008      	RETURN
; end of _____DoICP
_double2byte:
;__Lib_MathDouble.c,1670 :: 		
;__Lib_MathDouble.c,1677 :: 		
0x00E3	0x1283      	BCF        STATUS, 5
;__Lib_MathDouble.c,1678 :: 		
0x00E4	0x1303      	BCF        STATUS, 6
;__Lib_MathDouble.c,1680 :: 		
0x00E5	0x01FB      	CLRF       R11
;__Lib_MathDouble.c,1681 :: 		
0x00E6	0x01FC      	CLRF       R12
;__Lib_MathDouble.c,1682 :: 		
0x00E7	0x01FA      	CLRF       R10
;__Lib_MathDouble.c,1684 :: 		
0x00E8	0x0873      	MOVF       R3, 0
;__Lib_MathDouble.c,1685 :: 		
0x00E9	0x1903      	BTFSC      STATUS, 2
;__Lib_MathDouble.c,1686 :: 		
0x00EA	0x2910      	GOTO       IRES008
;__Lib_MathDouble.c,1688 :: 		
0x00EB	0x13FA      	BCF        R10, 7
;__Lib_MathDouble.c,1689 :: 		
0x00EC	0x17F2      	BSF        R2, 7
;__Lib_MathDouble.c,1691 :: 		
0x00ED	0x3086      	MOVLW      134
;__Lib_MathDouble.c,1692 :: 		
0x00EE	0x02F3      	SUBWF      R3, 1
;__Lib_MathDouble.c,1693 :: 		
0x00EF	0x1BF3      	BTFSC      R3, 7
;__Lib_MathDouble.c,1694 :: 		
0x00F0	0x28F4      	GOTO       SETEXP08
;__Lib_MathDouble.c,1695 :: 		
0x00F1	0x1903      	BTFSC      STATUS, 2
;__Lib_MathDouble.c,1696 :: 		
0x00F2	0x28F4      	GOTO       SETEXP08
;__Lib_MathDouble.c,1697 :: 		
0x00F3	0x2912      	GOTO       SETIOV08
;__Lib_MathDouble.c,1698 :: 		
SETEXP08:
;__Lib_MathDouble.c,1699 :: 		
0x00F4	0x09F3      	COMF       R3, 1
;__Lib_MathDouble.c,1700 :: 		
0x00F5	0x0AF3      	INCF       R3, 1
;__Lib_MathDouble.c,1702 :: 		
0x00F6	0x3008      	MOVLW      8
;__Lib_MathDouble.c,1703 :: 		
0x00F7	0x0273      	SUBWF      R3, 0
;__Lib_MathDouble.c,1704 :: 		
0x00F8	0x1C03      	BTFSS      STATUS, 0
;__Lib_MathDouble.c,1705 :: 		
0x00F9	0x2901      	GOTO       TSHIFT3208
;__Lib_MathDouble.c,1706 :: 		
0x00FA	0x00F3      	MOVWF      R3
;__Lib_MathDouble.c,1707 :: 		
0x00FB	0x0DF2      	RLF        R2, 1
;__Lib_MathDouble.c,1708 :: 		
0x00FC	0x01F2      	CLRF       R2
;__Lib_MathDouble.c,1710 :: 		
0x00FD	0x0873      	MOVF       R3, 0
;__Lib_MathDouble.c,1711 :: 		
0x00FE	0x1D03      	BTFSS      STATUS, 2
;__Lib_MathDouble.c,1712 :: 		
0x00FF	0x1003      	BCF        STATUS, 0
;__Lib_MathDouble.c,1713 :: 		
0x0100	0x2908      	GOTO       SHIFT3208OK
;__Lib_MathDouble.c,1714 :: 		
TSHIFT3208:
;__Lib_MathDouble.c,1715 :: 		
0x0101	0x0873      	MOVF       R3, 0
;__Lib_MathDouble.c,1716 :: 		
0x0102	0x1903      	BTFSC      STATUS, 2
;__Lib_MathDouble.c,1717 :: 		
0x0103	0x2908      	GOTO       SHIFT3208OK
;__Lib_MathDouble.c,1718 :: 		
SHIFT3208:
;__Lib_MathDouble.c,1719 :: 		
0x0104	0x1003      	BCF        STATUS, 0
;__Lib_MathDouble.c,1720 :: 		
0x0105	0x0CF2      	RRF        R2, 1
;__Lib_MathDouble.c,1721 :: 		
0x0106	0x0BF3      	DECFSZ     R3, 1
;__Lib_MathDouble.c,1722 :: 		
0x0107	0x2904      	GOTO       SHIFT3208
;__Lib_MathDouble.c,1723 :: 		
SHIFT3208OK:
;__Lib_MathDouble.c,1724 :: 		
0x0108	0x1B7B      	BTFSC      R11, 6
;__Lib_MathDouble.c,1725 :: 		
0x0109	0x1C72      	BTFSS      R2, 0
;__Lib_MathDouble.c,1726 :: 		
0x010A	0x2910      	GOTO       INT3208OK
;__Lib_MathDouble.c,1727 :: 		
0x010B	0x1C03      	BTFSS      STATUS, 0
;__Lib_MathDouble.c,1728 :: 		
0x010C	0x2910      	GOTO       INT3208OK
;__Lib_MathDouble.c,1729 :: 		
0x010D	0x0AF2      	INCF       R2, 1
;__Lib_MathDouble.c,1730 :: 		
0x010E	0x1903      	BTFSC      STATUS, 2
;__Lib_MathDouble.c,1731 :: 		
0x010F	0x2917      	GOTO       D2B_JPKSETIOV3224
;__Lib_MathDouble.c,1732 :: 		
INT3208OK:
;__Lib_MathDouble.c,1733 :: 		
IRES008:
;__Lib_MathDouble.c,1734 :: 		
0x0110	0x01F1      	CLRF       R1
;__Lib_MathDouble.c,1735 :: 		
0x0111	0x291A      	GOTO       INT3208EOK
;__Lib_MathDouble.c,1736 :: 		
SETIOV08:
;__Lib_MathDouble.c,1737 :: 		
0x0112	0x147B      	BSF        R11, 0
;__Lib_MathDouble.c,1738 :: 		
0x0113	0x1FFB      	BTFSS      R11, 7
;__Lib_MathDouble.c,1739 :: 		
0x0114	0x291D      	GOTO       INT3208EER
;__Lib_MathDouble.c,1741 :: 		
0x0115	0x01F1      	CLRF       R1
;__Lib_MathDouble.c,1742 :: 		
0x0116	0x291D      	GOTO       INT3208EER
;__Lib_MathDouble.c,1743 :: 		
D2B_JPKSETIOV3224:
;__Lib_MathDouble.c,1744 :: 		
0x0117	0x3001      	MOVLW      1
;__Lib_MathDouble.c,1745 :: 		
0x0118	0x00FC      	MOVWF      R12
;__Lib_MathDouble.c,1746 :: 		
0x0119	0x291F      	GOTO       INT3208EEE
;__Lib_MathDouble.c,1747 :: 		
INT3208EOK:
;__Lib_MathDouble.c,1748 :: 		
0x011A	0x3000      	MOVLW      0
;__Lib_MathDouble.c,1749 :: 		
0x011B	0x00FC      	MOVWF      R12
;__Lib_MathDouble.c,1750 :: 		
0x011C	0x291F      	GOTO       INT3208EEE
;__Lib_MathDouble.c,1751 :: 		
INT3208EER:
;__Lib_MathDouble.c,1752 :: 		
0x011D	0x30FF      	MOVLW      255
;__Lib_MathDouble.c,1753 :: 		
0x011E	0x00FC      	MOVWF      R12
;__Lib_MathDouble.c,1754 :: 		
INT3208EEE:
;__Lib_MathDouble.c,1757 :: 		
0x011F	0x08FC      	MOVF       R12, 1
;__Lib_MathDouble.c,1759 :: 		
0x0120	0x1903      	BTFSC      STATUS, 2
;__Lib_MathDouble.c,1760 :: 		
0x0121	0x2923      	GOTO       L_Double2Byte_0
;__Lib_MathDouble.c,1762 :: 		
0x0122	0x201D      	CALL       _SETIOV3224
;__Lib_MathDouble.c,1764 :: 		
L_Double2Byte_0:
;__Lib_MathDouble.c,1765 :: 		
0x0123	0x0872      	MOVF       R2, 0
;__Lib_MathDouble.c,1766 :: 		
0x0124	0x00F0      	MOVWF      R0
;__Lib_MathDouble.c,1770 :: 		
L_end_double2byte:
0x0125	0x0008      	RETURN
; end of _double2byte
_Div_32x32_FP:
;__Lib_MathDouble.c,761 :: 		
;__Lib_MathDouble.c,773 :: 		
;__Lib_MathDouble.c,776 :: 		
0x0126	0x1283      	BCF        STATUS, 5
0x0127	0x1303      	BCF        STATUS, 6
0x0128	0x0874      	MOVF       R4, 0
0x0129	0x3A00      	XORLW      0
0x012A	0x1D03      	BTFSS      STATUS, 2
0x012B	0x2941      	GOTO       L_Div_32x32_FP7
;__Lib_MathDouble.c,777 :: 		
0x012C	0x0875      	MOVF       R5, 0
0x012D	0x3A00      	XORLW      0
0x012E	0x1D03      	BTFSS      STATUS, 2
0x012F	0x2941      	GOTO       L_Div_32x32_FP8
;__Lib_MathDouble.c,778 :: 		
0x0130	0x0876      	MOVF       R6, 0
0x0131	0x3A00      	XORLW      0
0x0132	0x1D03      	BTFSS      STATUS, 2
0x0133	0x2941      	GOTO       L_Div_32x32_FP9
;__Lib_MathDouble.c,779 :: 		
0x0134	0x0877      	MOVF       R7, 0
0x0135	0x3A00      	XORLW      0
0x0136	0x1D03      	BTFSS      STATUS, 2
0x0137	0x2941      	GOTO       L_Div_32x32_FP10
;__Lib_MathDouble.c,780 :: 		
0x0138	0x30FF      	MOVLW      255
0x0139	0x00F0      	MOVWF      R0
;__Lib_MathDouble.c,781 :: 		
0x013A	0x30FF      	MOVLW      255
0x013B	0x00F1      	MOVWF      R1
;__Lib_MathDouble.c,782 :: 		
0x013C	0x307F      	MOVLW      127
0x013D	0x00F2      	MOVWF      R2
;__Lib_MathDouble.c,783 :: 		
0x013E	0x30FF      	MOVLW      255
0x013F	0x00F3      	MOVWF      R3
;__Lib_MathDouble.c,784 :: 		
0x0140	0x29DC      	GOTO       L_end_Div_32x32_FP
;__Lib_MathDouble.c,785 :: 		
L_Div_32x32_FP10:
L_Div_32x32_FP9:
L_Div_32x32_FP8:
L_Div_32x32_FP7:
;__Lib_MathDouble.c,788 :: 		
0x0141	0x1283      	BCF        STATUS, 5
;__Lib_MathDouble.c,789 :: 		
0x0142	0x1303      	BCF        STATUS, 6
;__Lib_MathDouble.c,791 :: 		
0x0143	0x0877      	MOVF       R7, 0
;__Lib_MathDouble.c,792 :: 		
0x0144	0x1903      	BTFSC      STATUS, 2
;__Lib_MathDouble.c,793 :: 		
0x0145	0x29D0      	GOTO       JPDSETFDZ32
;__Lib_MathDouble.c,795 :: 		
0x0146	0x0873      	MOVF       R3, 0
;__Lib_MathDouble.c,796 :: 		
0x0147	0x1903      	BTFSC      STATUS, 2
;__Lib_MathDouble.c,797 :: 		
0x0148	0x29D3      	GOTO       JPDRES032
;__Lib_MathDouble.c,799 :: 		
0x0149	0x0872      	MOVF       R2, 0
;__Lib_MathDouble.c,800 :: 		
0x014A	0x0676      	XORWF      R6, 0
;__Lib_MathDouble.c,801 :: 		
0x014B	0x3980      	ANDLW      128
;__Lib_MathDouble.c,802 :: 		
0x014C	0x00FA      	MOVWF      R10
;__Lib_MathDouble.c,803 :: 		
0x014D	0x17F2      	BSF        R2, 7
;__Lib_MathDouble.c,804 :: 		
0x014E	0x17F6      	BSF        R6, 7
;__Lib_MathDouble.c,806 :: 		
0x014F	0x01A0      	CLRF       __math_tempbD
;__Lib_MathDouble.c,807 :: 		
0x0150	0x0872      	MOVF       R2, 0
;__Lib_MathDouble.c,808 :: 		
0x0151	0x00F8      	MOVWF      R8
;__Lib_MathDouble.c,809 :: 		
0x0152	0x0871      	MOVF       R1, 0
;__Lib_MathDouble.c,810 :: 		
0x0153	0x00FC      	MOVWF      R12
;__Lib_MathDouble.c,811 :: 		
0x0154	0x0870      	MOVF       R0, 0
;__Lib_MathDouble.c,812 :: 		
0x0155	0x00FD      	MOVWF      R13
;__Lib_MathDouble.c,814 :: 		
0x0156	0x0874      	MOVF       R4, 0
;__Lib_MathDouble.c,815 :: 		
0x0157	0x02FD      	SUBWF      R13, 1
;__Lib_MathDouble.c,816 :: 		
0x0158	0x0875      	MOVF       R5, 0
;__Lib_MathDouble.c,817 :: 		
0x0159	0x1C03      	BTFSS      STATUS, 0
;__Lib_MathDouble.c,818 :: 		
0x015A	0x0F75      	INCFSZ     R5, 0
;__Lib_MathDouble.c,820 :: 		
0x015B	0x02FC      	SUBWF      R12, 1
;__Lib_MathDouble.c,821 :: 		
0x015C	0x0876      	MOVF       R6, 0
;__Lib_MathDouble.c,822 :: 		
0x015D	0x1C03      	BTFSS      STATUS, 0
;__Lib_MathDouble.c,823 :: 		
0x015E	0x0F76      	INCFSZ     R6, 0
;__Lib_MathDouble.c,825 :: 		
0x015F	0x02F8      	SUBWF      R8, 1
;__Lib_MathDouble.c,826 :: 		
0x0160	0x01F8      	CLRF       R8
;__Lib_MathDouble.c,827 :: 		
0x0161	0x01FC      	CLRF       R12
;__Lib_MathDouble.c,828 :: 		
0x0162	0x01FD      	CLRF       R13
;__Lib_MathDouble.c,829 :: 		
0x0163	0x1C03      	BTFSS      STATUS, 0
;__Lib_MathDouble.c,830 :: 		
0x0164	0x296C      	GOTO       DALIGN32OK
;__Lib_MathDouble.c,832 :: 		
0x0165	0x1003      	BCF        STATUS, 0
;__Lib_MathDouble.c,833 :: 		
0x0166	0x0CF2      	RRF        R2, 1
;__Lib_MathDouble.c,834 :: 		
0x0167	0x0CF1      	RRF        R1, 1
;__Lib_MathDouble.c,835 :: 		
0x0168	0x0CF0      	RRF        R0, 1
;__Lib_MathDouble.c,836 :: 		
0x0169	0x0CF8      	RRF        R8, 1
;__Lib_MathDouble.c,837 :: 		
0x016A	0x3001      	MOVLW      1
;__Lib_MathDouble.c,838 :: 		
0x016B	0x00A0      	MOVWF      __math_tempbD
;__Lib_MathDouble.c,839 :: 		
DALIGN32OK:
;__Lib_MathDouble.c,840 :: 		
0x016C	0x0877      	MOVF       R7, 0
;__Lib_MathDouble.c,841 :: 		
0x016D	0x02F3      	SUBWF      R3, 1
;__Lib_MathDouble.c,842 :: 		
0x016E	0x1C03      	BTFSS      STATUS, 0
;__Lib_MathDouble.c,843 :: 		
0x016F	0x2976      	GOTO       ALTB32
;__Lib_MathDouble.c,845 :: 		
0x0170	0x307E      	MOVLW      126
;__Lib_MathDouble.c,846 :: 		
0x0171	0x0720      	ADDWF      __math_tempbD, 0
;__Lib_MathDouble.c,847 :: 		
0x0172	0x07F3      	ADDWF      R3, 1
;__Lib_MathDouble.c,848 :: 		
0x0173	0x1803      	BTFSC      STATUS, 0
;__Lib_MathDouble.c,849 :: 		
0x0174	0x29D6      	GOTO       JPDSETFOV32
;__Lib_MathDouble.c,850 :: 		
0x0175	0x297B      	GOTO       DARGOK32
;__Lib_MathDouble.c,851 :: 		
ALTB32:
;__Lib_MathDouble.c,852 :: 		
0x0176	0x307E      	MOVLW      126
;__Lib_MathDouble.c,853 :: 		
0x0177	0x0720      	ADDWF      __math_tempbD, 0
;__Lib_MathDouble.c,854 :: 		
0x0178	0x07F3      	ADDWF      R3, 1
;__Lib_MathDouble.c,855 :: 		
0x0179	0x1C03      	BTFSS      STATUS, 0
;__Lib_MathDouble.c,856 :: 		
0x017A	0x29D9      	GOTO       JPDSETFUN32
;__Lib_MathDouble.c,857 :: 		
DARGOK32:
;__Lib_MathDouble.c,858 :: 		
0x017B	0x3018      	MOVLW      24
;__Lib_MathDouble.c,860 :: 		
0x017C	0x07FA      	ADDWF      R10, 1
;__Lib_MathDouble.c,861 :: 		
DLOOP32:
;__Lib_MathDouble.c,862 :: 		
0x017D	0x0DFD      	RLF        R13, 1
;__Lib_MathDouble.c,863 :: 		
0x017E	0x0DFC      	RLF        R12, 1
;__Lib_MathDouble.c,864 :: 		
0x017F	0x0DF8      	RLF        R8, 1
;__Lib_MathDouble.c,865 :: 		
0x0180	0x0DF0      	RLF        R0, 1
;__Lib_MathDouble.c,866 :: 		
0x0181	0x0DF1      	RLF        R1, 1
;__Lib_MathDouble.c,867 :: 		
0x0182	0x0DF2      	RLF        R2, 1
;__Lib_MathDouble.c,868 :: 		
0x0183	0x0DA0      	RLF        __math_tempbD, 1
;__Lib_MathDouble.c,870 :: 		
0x0184	0x0874      	MOVF       R4, 0
;__Lib_MathDouble.c,871 :: 		
0x0185	0x02F0      	SUBWF      R0, 1
;__Lib_MathDouble.c,872 :: 		
0x0186	0x0875      	MOVF       R5, 0
;__Lib_MathDouble.c,873 :: 		
0x0187	0x1C03      	BTFSS      STATUS, 0
;__Lib_MathDouble.c,874 :: 		
0x0188	0x0F75      	INCFSZ     R5, 0
;__Lib_MathDouble.c,876 :: 		
0x0189	0x02F1      	SUBWF      R1, 1
;__Lib_MathDouble.c,877 :: 		
0x018A	0x0876      	MOVF       R6, 0
;__Lib_MathDouble.c,878 :: 		
0x018B	0x1C03      	BTFSS      STATUS, 0
;__Lib_MathDouble.c,879 :: 		
0x018C	0x0F76      	INCFSZ     R6, 0
;__Lib_MathDouble.c,881 :: 		
0x018D	0x02F2      	SUBWF      R2, 1
;__Lib_MathDouble.c,882 :: 		
0x018E	0x0D76      	RLF        R6, 0
;__Lib_MathDouble.c,883 :: 		
0x018F	0x04A0      	IORWF      __math_tempbD, 1
;__Lib_MathDouble.c,884 :: 		
0x0190	0x1C20      	BTFSS      __math_tempbD, 0
;__Lib_MathDouble.c,885 :: 		
0x0191	0x2994      	GOTO       DREST32
;__Lib_MathDouble.c,886 :: 		
0x0192	0x147D      	BSF        R13, 0
;__Lib_MathDouble.c,887 :: 		
0x0193	0x299F      	GOTO       DOK32
;__Lib_MathDouble.c,888 :: 		
DREST32:
;__Lib_MathDouble.c,889 :: 		
0x0194	0x0874      	MOVF       R4, 0
;__Lib_MathDouble.c,890 :: 		
0x0195	0x07F0      	ADDWF      R0, 1
;__Lib_MathDouble.c,891 :: 		
0x0196	0x0875      	MOVF       R5, 0
;__Lib_MathDouble.c,892 :: 		
0x0197	0x1803      	BTFSC      STATUS, 0
;__Lib_MathDouble.c,893 :: 		
0x0198	0x0F75      	INCFSZ     R5, 0
;__Lib_MathDouble.c,895 :: 		
0x0199	0x07F1      	ADDWF      R1, 1
;__Lib_MathDouble.c,896 :: 		
0x019A	0x0876      	MOVF       R6, 0
;__Lib_MathDouble.c,897 :: 		
0x019B	0x1803      	BTFSC      STATUS, 0
;__Lib_MathDouble.c,898 :: 		
0x019C	0x0A76      	INCF       R6, 0
;__Lib_MathDouble.c,899 :: 		
0x019D	0x07F2      	ADDWF      R2, 1
;__Lib_MathDouble.c,900 :: 		
0x019E	0x107D      	BCF        R13, 0
;__Lib_MathDouble.c,901 :: 		
DOK32:
;__Lib_MathDouble.c,903 :: 		
0x019F	0x03FA      	DECF       R10, 1
;__Lib_MathDouble.c,904 :: 		
0x01A0	0x301F      	MOVLW      31
;__Lib_MathDouble.c,905 :: 		
0x01A1	0x057A      	ANDWF      R10, 0
;__Lib_MathDouble.c,906 :: 		
0x01A2	0x1D03      	BTFSS      STATUS, 2
;__Lib_MathDouble.c,907 :: 		
0x01A3	0x297D      	GOTO       DLOOP32
;__Lib_MathDouble.c,909 :: 		
0x01A4	0x1B7B      	BTFSC      R11, 6
;__Lib_MathDouble.c,910 :: 		
0x01A5	0x1C7D      	BTFSS      R13, 0
;__Lib_MathDouble.c,911 :: 		
0x01A6	0x29C6      	GOTO       DIV32OK
;__Lib_MathDouble.c,912 :: 		
0x01A7	0x1003      	BCF        STATUS, 0
;__Lib_MathDouble.c,913 :: 		
0x01A8	0x0DF0      	RLF        R0, 1
;__Lib_MathDouble.c,914 :: 		
0x01A9	0x0DF1      	RLF        R1, 1
;__Lib_MathDouble.c,915 :: 		
0x01AA	0x0DF2      	RLF        R2, 1
;__Lib_MathDouble.c,916 :: 		
0x01AB	0x0DA0      	RLF        __math_tempbD, 1
;__Lib_MathDouble.c,918 :: 		
0x01AC	0x0874      	MOVF       R4, 0
;__Lib_MathDouble.c,919 :: 		
0x01AD	0x02F0      	SUBWF      R0, 1
;__Lib_MathDouble.c,920 :: 		
0x01AE	0x0875      	MOVF       R5, 0
;__Lib_MathDouble.c,921 :: 		
0x01AF	0x1C03      	BTFSS      STATUS, 0
;__Lib_MathDouble.c,922 :: 		
0x01B0	0x0F75      	INCFSZ     R5, 0
;__Lib_MathDouble.c,923 :: 		
0x01B1	0x02F1      	SUBWF      R1, 1
;__Lib_MathDouble.c,924 :: 		
0x01B2	0x0876      	MOVF       R6, 0
;__Lib_MathDouble.c,925 :: 		
0x01B3	0x1C03      	BTFSS      STATUS, 0
;__Lib_MathDouble.c,926 :: 		
0x01B4	0x0F76      	INCFSZ     R6, 0
;__Lib_MathDouble.c,927 :: 		
0x01B5	0x02F2      	SUBWF      R2, 1
;__Lib_MathDouble.c,928 :: 		
0x01B6	0x0D76      	RLF        R6, 0
;__Lib_MathDouble.c,929 :: 		
0x01B7	0x0420      	IORWF      __math_tempbD, 0
;__Lib_MathDouble.c,930 :: 		
0x01B8	0x3901      	ANDLW      1
;__Lib_MathDouble.c,931 :: 		
0x01B9	0x07FD      	ADDWF      R13, 1
;__Lib_MathDouble.c,932 :: 		
0x01BA	0x1803      	BTFSC      STATUS, 0
;__Lib_MathDouble.c,933 :: 		
0x01BB	0x0AFC      	INCF       R12, 1
;__Lib_MathDouble.c,934 :: 		
0x01BC	0x1903      	BTFSC      STATUS, 2
;__Lib_MathDouble.c,935 :: 		
0x01BD	0x0AF8      	INCF       R8, 1
;__Lib_MathDouble.c,936 :: 		
0x01BE	0x1D03      	BTFSS      STATUS, 2
;__Lib_MathDouble.c,937 :: 		
0x01BF	0x29C6      	GOTO       DIV32OK
;__Lib_MathDouble.c,938 :: 		
0x01C0	0x0CF8      	RRF        R8, 1
;__Lib_MathDouble.c,939 :: 		
0x01C1	0x0CFC      	RRF        R12, 1
;__Lib_MathDouble.c,940 :: 		
0x01C2	0x0CFD      	RRF        R13, 1
;__Lib_MathDouble.c,941 :: 		
0x01C3	0x0AF3      	INCF       R3, 1
;__Lib_MathDouble.c,942 :: 		
0x01C4	0x1903      	BTFSC      STATUS, 2
;__Lib_MathDouble.c,943 :: 		
0x01C5	0x29D6      	GOTO       JPDSETFOV32
;__Lib_MathDouble.c,944 :: 		
DIV32OK:
;__Lib_MathDouble.c,945 :: 		
0x01C6	0x1FFA      	BTFSS      R10, 7
;__Lib_MathDouble.c,946 :: 		
0x01C7	0x13F8      	BCF        R8, 7
;__Lib_MathDouble.c,947 :: 		
0x01C8	0x0878      	MOVF       R8, 0
;__Lib_MathDouble.c,948 :: 		
0x01C9	0x00F2      	MOVWF      R2
;__Lib_MathDouble.c,949 :: 		
0x01CA	0x087C      	MOVF       R12, 0
;__Lib_MathDouble.c,950 :: 		
0x01CB	0x00F1      	MOVWF      R1
;__Lib_MathDouble.c,951 :: 		
0x01CC	0x087D      	MOVF       R13, 0
;__Lib_MathDouble.c,952 :: 		
0x01CD	0x00F0      	MOVWF      R0
;__Lib_MathDouble.c,954 :: 		
0x01CE	0x3000      	MOVLW      0
;__Lib_MathDouble.c,956 :: 		
0x01CF	0x29DB      	GOTO       DIV32EEE
;__Lib_MathDouble.c,957 :: 		
JPDSETFDZ32:
;__Lib_MathDouble.c,958 :: 		
0x01D0	0x3001      	MOVLW      1
;__Lib_MathDouble.c,961 :: 		
0x01D1	0x201A      	CALL       _SETFDZ32
;__Lib_MathDouble.c,963 :: 		
0x01D2	0x29DB      	GOTO       DIV32EEE
;__Lib_MathDouble.c,964 :: 		
JPDRES032:
;__Lib_MathDouble.c,965 :: 		
0x01D3	0x3002      	MOVLW      2
;__Lib_MathDouble.c,968 :: 		
0x01D4	0x2003      	CALL       _RES032
;__Lib_MathDouble.c,970 :: 		
0x01D5	0x29DB      	GOTO       DIV32EEE
;__Lib_MathDouble.c,971 :: 		
JPDSETFOV32:
;__Lib_MathDouble.c,972 :: 		
0x01D6	0x3004      	MOVLW      4
;__Lib_MathDouble.c,975 :: 		
0x01D7	0x2059      	CALL       _SETFOV32
;__Lib_MathDouble.c,977 :: 		
0x01D8	0x29DB      	GOTO       DIV32EEE
;__Lib_MathDouble.c,978 :: 		
JPDSETFUN32:
;__Lib_MathDouble.c,979 :: 		
0x01D9	0x3008      	MOVLW      8
;__Lib_MathDouble.c,982 :: 		
0x01DA	0x200E      	CALL       _SETFUN32
;__Lib_MathDouble.c,984 :: 		
DIV32EEE:
;__Lib_MathDouble.c,985 :: 		
0x01DB	0x0000      	NOP
;__Lib_MathDouble.c,994 :: 		
L_end_Div_32x32_FP:
0x01DC	0x0008      	RETURN
; end of _Div_32x32_FP
_ADC_Read:
;Baitap2_Tuan6.c,44 :: 		unsigned int ADC_Read(void)
;Baitap2_Tuan6.c,46 :: 		delay_us(50);
0x01DD	0x3021      	MOVLW      33
0x01DE	0x1283      	BCF        STATUS, 5
0x01DF	0x1303      	BCF        STATUS, 6
0x01E0	0x00FD      	MOVWF      R13
L_ADC_Read0:
0x01E1	0x0BFD      	DECFSZ     R13, 1
0x01E2	0x29E1      	GOTO       L_ADC_Read0
;Baitap2_Tuan6.c,47 :: 		GO_DONE_BIT = 1;
0x01E3	0x149F      	BSF        GO_DONE_bit, BitPos(GO_DONE_bit+0)
;Baitap2_Tuan6.c,48 :: 		while(GO_DONE_BIT == 1);
L_ADC_Read1:
0x01E4	0x1C9F      	BTFSS      GO_DONE_bit, BitPos(GO_DONE_bit+0)
0x01E5	0x29E7      	GOTO       L_ADC_Read2
0x01E6	0x29E4      	GOTO       L_ADC_Read1
L_ADC_Read2:
;Baitap2_Tuan6.c,49 :: 		return (unsigned int)(ADRESH << 8| ADRESL);
0x01E7	0x081E      	MOVF       ADRESH, 0
0x01E8	0x00F1      	MOVWF      R0+1
0x01E9	0x01F0      	CLRF       R0
0x01EA	0x1683      	BSF        STATUS, 5
0x01EB	0x081E      	MOVF       ADRESL, 0
0x01EC	0x04F0      	IORWF      R0, 1
0x01ED	0x3000      	MOVLW      0
0x01EE	0x04F1      	IORWF      R0+1, 1
;Baitap2_Tuan6.c,51 :: 		}
L_end_ADC_Read:
0x01EF	0x0008      	RETURN
; end of _ADC_Read
_ADC_init:
;Baitap2_Tuan6.c,27 :: 		void ADC_init()
;Baitap2_Tuan6.c,30 :: 		ADCS1_BIT = 1;
0x01F0	0x1283      	BCF        STATUS, 5
0x01F1	0x1303      	BCF        STATUS, 6
0x01F2	0x179F      	BSF        ADCS1_bit, BitPos(ADCS1_bit+0)
;Baitap2_Tuan6.c,31 :: 		ADCS0_BIT = 0;
0x01F3	0x131F      	BCF        ADCS0_bit, BitPos(ADCS0_bit+0)
;Baitap2_Tuan6.c,33 :: 		CHS3_BIT = 0;
0x01F4	0x129F      	BCF        CHS3_bit, BitPos(CHS3_bit+0)
;Baitap2_Tuan6.c,34 :: 		CHS2_BIT = 1;
0x01F5	0x161F      	BSF        CHS2_bit, BitPos(CHS2_bit+0)
;Baitap2_Tuan6.c,35 :: 		CHS1_BIT = 1;
0x01F6	0x159F      	BSF        CHS1_bit, BitPos(CHS1_bit+0)
;Baitap2_Tuan6.c,36 :: 		CHS0_BIT = 0;
0x01F7	0x111F      	BCF        CHS0_bit, BitPos(CHS0_bit+0)
;Baitap2_Tuan6.c,38 :: 		GO_DONE_BIT = 0;
0x01F8	0x109F      	BCF        GO_DONE_bit, BitPos(GO_DONE_bit+0)
;Baitap2_Tuan6.c,39 :: 		ADON_BIT = 1;
0x01F9	0x141F      	BSF        ADON_bit, BitPos(ADON_bit+0)
;Baitap2_Tuan6.c,41 :: 		ADCON1 = 0x80;
0x01FA	0x3080      	MOVLW      128
0x01FB	0x1683      	BSF        STATUS, 5
0x01FC	0x009F      	MOVWF      ADCON1
;Baitap2_Tuan6.c,42 :: 		}
L_end_ADC_init:
0x01FD	0x0008      	RETURN
; end of _ADC_init
_LED_init:
;Baitap2_Tuan6.c,53 :: 		void LED_init(unsigned int value)
;Baitap2_Tuan6.c,56 :: 		if ( value > 1023 ) value = 1023;
0x01FE	0x1283      	BCF        STATUS, 5
0x01FF	0x1303      	BCF        STATUS, 6
0x0200	0x0827      	MOVF       FARG_LED_init_value+1, 0
0x0201	0x3C03      	SUBLW      3
0x0202	0x1D03      	BTFSS      STATUS, 2
0x0203	0x2A06      	GOTO       L__LED_init10
0x0204	0x0826      	MOVF       FARG_LED_init_value, 0
0x0205	0x3CFF      	SUBLW      255
L__LED_init10:
0x0206	0x1803      	BTFSC      STATUS, 0
0x0207	0x2A0C      	GOTO       L_LED_init3
0x0208	0x30FF      	MOVLW      255
0x0209	0x00A6      	MOVWF      FARG_LED_init_value
0x020A	0x3003      	MOVLW      3
0x020B	0x00A7      	MOVWF      FARG_LED_init_value+1
L_LED_init3:
;Baitap2_Tuan6.c,60 :: 		temperture = (float)(value * 511.0)/1023.0;
0x020C	0x0826      	MOVF       FARG_LED_init_value, 0
0x020D	0x00F0      	MOVWF      R0
0x020E	0x0827      	MOVF       FARG_LED_init_value+1, 0
0x020F	0x00F1      	MOVWF      R0+1
0x0210	0x2065      	CALL       _word2double
0x0211	0x3000      	MOVLW      0
0x0212	0x00F4      	MOVWF      R4
0x0213	0x3080      	MOVLW      128
0x0214	0x00F5      	MOVWF      R4+1
0x0215	0x307F      	MOVLW      127
0x0216	0x00F6      	MOVWF      R4+2
0x0217	0x3087      	MOVLW      135
0x0218	0x00F7      	MOVWF      R4+3
0x0219	0x207B      	CALL       _Mul_32x32_FP
0x021A	0x3000      	MOVLW      0
0x021B	0x00F4      	MOVWF      R4
0x021C	0x30C0      	MOVLW      192
0x021D	0x00F5      	MOVWF      R4+1
0x021E	0x307F      	MOVLW      127
0x021F	0x00F6      	MOVWF      R4+2
0x0220	0x3088      	MOVLW      136
0x0221	0x00F7      	MOVWF      R4+3
0x0222	0x2126      	CALL       _Div_32x32_FP
0x0223	0x20E3      	CALL       _double2byte
0x0224	0x0870      	MOVF       R0, 0
0x0225	0x00A3      	MOVWF      _temperture
;Baitap2_Tuan6.c,62 :: 		PORTD = (unsigned char)(int)temperture;
0x0226	0x3000      	MOVLW      0
0x0227	0x00F1      	MOVWF      R0+1
0x0228	0x0870      	MOVF       R0, 0
0x0229	0x0088      	MOVWF      PORTD
;Baitap2_Tuan6.c,64 :: 		}
L_end_LED_init:
0x022A	0x0008      	RETURN
; end of _LED_init
_IO_init:
;Baitap2_Tuan6.c,17 :: 		void IO_init()
;Baitap2_Tuan6.c,19 :: 		ANSEL = ANSELH = 0;
0x022B	0x1683      	BSF        STATUS, 5
0x022C	0x1703      	BSF        STATUS, 6
0x022D	0x0189      	CLRF       ANSELH
0x022E	0x0188      	CLRF       ANSEL
;Baitap2_Tuan6.c,20 :: 		TRISD = 0;
0x022F	0x1303      	BCF        STATUS, 6
0x0230	0x0188      	CLRF       TRISD
;Baitap2_Tuan6.c,21 :: 		TRISC = 0;
0x0231	0x0187      	CLRF       TRISC
;Baitap2_Tuan6.c,22 :: 		TRISB = 0;
0x0232	0x0186      	CLRF       TRISB
;Baitap2_Tuan6.c,23 :: 		TRISE1_BIT = 1;
0x0233	0x1489      	BSF        TRISE1_bit, BitPos(TRISE1_bit+0)
;Baitap2_Tuan6.c,24 :: 		ANS6_BIT = 1;
0x0234	0x1703      	BSF        STATUS, 6
0x0235	0x1708      	BSF        ANS6_bit, BitPos(ANS6_bit+0)
;Baitap2_Tuan6.c,25 :: 		}
L_end_IO_init:
0x0236	0x0008      	RETURN
; end of _IO_init
___CC2DW:
;__Lib_System.c,134 :: 		
;__Lib_System.c,137 :: 		
_CC2D_Loop1:
;__Lib_System.c,139 :: 		
0x0237	0x20DC      	CALL       _____DoICP
0x0238	0x118A      	BCF        PCLATH, 3
0x0239	0x120A      	BCF        PCLATH, 4
;__Lib_System.c,141 :: 		
0x023A	0x0080      	MOVWF      INDF
;__Lib_System.c,142 :: 		
0x023B	0x0A84      	INCF       FSR, 1
;__Lib_System.c,143 :: 		
0x023C	0x0AA4      	INCF       ___DoICPAddr, 1
;__Lib_System.c,145 :: 		
0x023D	0x1903      	BTFSC      STATUS, 2
;__Lib_System.c,146 :: 		
0x023E	0x0AA5      	INCF       ___DoICPAddr+1, 1
;__Lib_System.c,147 :: 		
0x023F	0x03F0      	DECF       R0, 1
;__Lib_System.c,149 :: 		
0x0240	0x1D03      	BTFSS      STATUS, 2
;__Lib_System.c,150 :: 		
0x0241	0x2A37      	GOTO       _CC2D_Loop1
;__Lib_System.c,152 :: 		
L_end___CC2DW:
0x0242	0x0008      	RETURN
; end of ___CC2DW
_main:
0x0243	0x1283      	BCF        STATUS, 5
0x0244	0x1303      	BCF        STATUS, 6
0x0245	0x01A1      	CLRF       _value
0x0246	0x01A2      	CLRF       34
0x0247	0x01A3      	CLRF       _temperture
;Baitap2_Tuan6.c,65 :: 		void main() {
;Baitap2_Tuan6.c,66 :: 		IO_init();
0x0248	0x222B      	CALL       _IO_init
;Baitap2_Tuan6.c,67 :: 		ADC_init();
0x0249	0x21F0      	CALL       _ADC_init
;Baitap2_Tuan6.c,69 :: 		while(1)
L_main4:
;Baitap2_Tuan6.c,71 :: 		value = ADC_Read();
0x024A	0x21DD      	CALL       _ADC_Read
0x024B	0x0870      	MOVF       R0, 0
0x024C	0x1283      	BCF        STATUS, 5
0x024D	0x00A1      	MOVWF      _value
0x024E	0x0871      	MOVF       R0+1, 0
0x024F	0x00A2      	MOVWF      _value+1
;Baitap2_Tuan6.c,72 :: 		LED_init(value);
0x0250	0x0870      	MOVF       R0, 0
0x0251	0x00A6      	MOVWF      FARG_LED_init_value
0x0252	0x0871      	MOVF       R0+1, 0
0x0253	0x00A7      	MOVWF      FARG_LED_init_value+1
0x0254	0x21FE      	CALL       _LED_init
;Baitap2_Tuan6.c,74 :: 		}
0x0255	0x2A4A      	GOTO       L_main4
;Baitap2_Tuan6.c,76 :: 		}
L_end_main:
0x0256	0x2A56      	GOTO       $+0
; end of _main
Symbol List:
//** Routines locations **
//ADDRESS    SIZE    PROCEDURE
//----------------------------------------------
0x0003       [7]    _RES032
0x000A       [4]    _FIXSIGN32
0x000E      [12]    _SETFUN32
0x001A       [3]    _SETFDZ32
0x001D      [13]    _SETIOV3224
0x002A      [47]    _NRM3232
0x0059      [12]    _SETFOV32
0x0065      [22]    _word2double
0x007B      [97]    _Mul_32x32_FP
0x00DC       [7]    _____DoICP
0x00E3      [67]    _double2byte
0x0126     [183]    _Div_32x32_FP
0x01DD      [19]    _ADC_Read
0x01F0      [14]    _ADC_init
0x01FE      [45]    _LED_init
0x022B      [12]    _IO_init
0x0237      [12]    ___CC2DW
0x0243      [20]    _main
//** Variables locations ** 
//ADDRESS    SIZE    VARIABLE
//----------------------------------------------
0x0000       [1]    INDF
0x0002       [1]    PCL
0x0003       [1]    STATUS
0x0004       [1]    FSR
0x0008       [1]    PORTD
0x000A       [1]    PCLATH
0x001E       [1]    ADRESH
0x001F       [0]    CHS1_bit
0x001F       [0]    ADON_bit
0x001F       [0]    ADCS0_bit
0x001F       [0]    CHS0_bit
0x001F       [0]    CHS3_bit
0x001F       [0]    ADCS1_bit
0x001F       [0]    CHS2_bit
0x001F       [0]    GO_DONE_bit
0x0020       [1]    __math_tempbD
0x0021       [2]    _value
0x0023       [1]    _temperture
0x0024       [2]    ___DoICPAddr
0x0026       [2]    FARG_LED_init_value
0x0070       [1]    R0
0x0071       [1]    R1
0x0072       [1]    R2
0x0073       [1]    R3
0x0074       [1]    R4
0x0075       [1]    R5
0x0076       [1]    R6
0x0077       [1]    R7
0x0078       [1]    R8
0x0079       [1]    R9
0x007A       [1]    R10
0x007B       [1]    R11
0x007C       [1]    R12
0x007D       [1]    R13
0x007E       [1]    R14
0x007F       [1]    R15
0x0086       [1]    TRISB
0x0087       [1]    TRISC
0x0088       [1]    TRISD
0x0089       [0]    TRISE1_bit
0x009E       [1]    ADRESL
0x009F       [1]    ADCON1
0x0188       [1]    ANSEL
0x0188       [0]    ANS6_bit
0x0189       [1]    ANSELH
