;  LST file generated by mikroListExporter - v.2.0 
; Date/Time: 20/10/2025 10:04:42 PM
;----------------------------------------------

;Address Opcode 	ASM
0x0000	0x2834      	GOTO       52
_IO_init:
;Baitap1_Tuan5.c,12 :: 		void IO_init(void)
;Baitap1_Tuan5.c,14 :: 		ANSEL = ANSELH = 0;
0x0003	0x1683      	BSF        STATUS, 5
0x0004	0x1703      	BSF        STATUS, 6
0x0005	0x0189      	CLRF       ANSELH
0x0006	0x0188      	CLRF       ANSEL
;Baitap1_Tuan5.c,15 :: 		}
L_end_IO_init:
0x0007	0x0008      	RETURN
; end of _IO_init
_PWM2_init:
;Baitap1_Tuan5.c,38 :: 		void PWM2_init(void)
;Baitap1_Tuan5.c,40 :: 		TRISC1_BIT = 1;
0x0008	0x1683      	BSF        STATUS, 5
0x0009	0x1303      	BCF        STATUS, 6
0x000A	0x1487      	BSF        TRISC1_bit, BitPos(TRISC1_bit+0)
;Baitap1_Tuan5.c,41 :: 		PR2 = 124;
0x000B	0x307C      	MOVLW      124
0x000C	0x0092      	MOVWF      PR2
;Baitap1_Tuan5.c,43 :: 		TMR2IF_BIT = 0;
0x000D	0x1283      	BCF        STATUS, 5
0x000E	0x108C      	BCF        TMR2IF_bit, BitPos(TMR2IF_bit+0)
;Baitap1_Tuan5.c,44 :: 		T2CKPS0_BIT = 1;
0x000F	0x1412      	BSF        T2CKPS0_bit, BitPos(T2CKPS0_bit+0)
;Baitap1_Tuan5.c,45 :: 		T2CKPS1_BIT = 0;
0x0010	0x1092      	BCF        T2CKPS1_bit, BitPos(T2CKPS1_bit+0)
;Baitap1_Tuan5.c,46 :: 		TMR2ON_BIT = 1;
0x0011	0x1512      	BSF        TMR2ON_bit, BitPos(TMR2ON_bit+0)
;Baitap1_Tuan5.c,48 :: 		CCP2CON = 0x0C;
0x0012	0x300C      	MOVLW      12
0x0013	0x009D      	MOVWF      CCP2CON
;Baitap1_Tuan5.c,49 :: 		CCPR2L = (unsigned char)( 125 >> 2 & 0xFF );
0x0014	0x301F      	MOVLW      31
0x0015	0x009B      	MOVWF      CCPR2L
;Baitap1_Tuan5.c,50 :: 		DC2B0_BIT = ( 125 & 0x01 );
0x0016	0x161D      	BSF        DC2B0_bit, BitPos(DC2B0_bit+0)
;Baitap1_Tuan5.c,51 :: 		DC2B1_BIT = ( 125 >> 1 & 0x01 );
0x0017	0x129D      	BCF        DC2B1_bit, BitPos(DC2B1_bit+0)
;Baitap1_Tuan5.c,53 :: 		while( TMR2IF_BIT == 0 );
L_PWM2_init2:
0x0018	0x188C      	BTFSC      TMR2IF_bit, BitPos(TMR2IF_bit+0)
0x0019	0x281B      	GOTO       L_PWM2_init3
0x001A	0x2818      	GOTO       L_PWM2_init2
L_PWM2_init3:
;Baitap1_Tuan5.c,54 :: 		TRISC1_BIT = 0;
0x001B	0x1683      	BSF        STATUS, 5
0x001C	0x1087      	BCF        TRISC1_bit, BitPos(TRISC1_bit+0)
;Baitap1_Tuan5.c,56 :: 		}
L_end_PWM2_init:
0x001D	0x0008      	RETURN
; end of _PWM2_init
_PWM1_init:
;Baitap1_Tuan5.c,17 :: 		void PWM1_init(void)
;Baitap1_Tuan5.c,19 :: 		TRISC2_BIT = 1;
0x001E	0x1683      	BSF        STATUS, 5
0x001F	0x1303      	BCF        STATUS, 6
0x0020	0x1507      	BSF        TRISC2_bit, BitPos(TRISC2_bit+0)
;Baitap1_Tuan5.c,20 :: 		PR2 = 124;
0x0021	0x307C      	MOVLW      124
0x0022	0x0092      	MOVWF      PR2
;Baitap1_Tuan5.c,23 :: 		TMR2IF_BIT = 0;
0x0023	0x1283      	BCF        STATUS, 5
0x0024	0x108C      	BCF        TMR2IF_bit, BitPos(TMR2IF_bit+0)
;Baitap1_Tuan5.c,24 :: 		T2CKPS0_BIT = 1;
0x0025	0x1412      	BSF        T2CKPS0_bit, BitPos(T2CKPS0_bit+0)
;Baitap1_Tuan5.c,25 :: 		T2CKPS1_BIT = 0;
0x0026	0x1092      	BCF        T2CKPS1_bit, BitPos(T2CKPS1_bit+0)
;Baitap1_Tuan5.c,26 :: 		TMR2ON_BIT = 1;
0x0027	0x1512      	BSF        TMR2ON_bit, BitPos(TMR2ON_bit+0)
;Baitap1_Tuan5.c,28 :: 		CCP1CON = 0x0C;
0x0028	0x300C      	MOVLW      12
0x0029	0x0097      	MOVWF      CCP1CON
;Baitap1_Tuan5.c,29 :: 		CCPR1L = (unsigned char)( 375 >> 2 & 0xFF );
0x002A	0x305D      	MOVLW      93
0x002B	0x0095      	MOVWF      CCPR1L
;Baitap1_Tuan5.c,30 :: 		DC1B0_BIT = ( 375 & 0x01 );
0x002C	0x1617      	BSF        DC1B0_bit, BitPos(DC1B0_bit+0)
;Baitap1_Tuan5.c,31 :: 		DC1B1_BIT = ( 375 >> 1 & 0x01 );
0x002D	0x1697      	BSF        DC1B1_bit, BitPos(DC1B1_bit+0)
;Baitap1_Tuan5.c,33 :: 		while( TMR2IF_BIT == 0 );
L_PWM1_init0:
0x002E	0x188C      	BTFSC      TMR2IF_bit, BitPos(TMR2IF_bit+0)
0x002F	0x2831      	GOTO       L_PWM1_init1
0x0030	0x282E      	GOTO       L_PWM1_init0
L_PWM1_init1:
;Baitap1_Tuan5.c,34 :: 		TRISC2_BIT = 0;
0x0031	0x1683      	BSF        STATUS, 5
0x0032	0x1107      	BCF        TRISC2_bit, BitPos(TRISC2_bit+0)
;Baitap1_Tuan5.c,36 :: 		}
L_end_PWM1_init:
0x0033	0x0008      	RETURN
; end of _PWM1_init
_main:
;Baitap1_Tuan5.c,58 :: 		void main(void)
;Baitap1_Tuan5.c,60 :: 		IO_init();
0x0034	0x2003      	CALL       _IO_init
;Baitap1_Tuan5.c,61 :: 		PWM1_init();
0x0035	0x201E      	CALL       _PWM1_init
;Baitap1_Tuan5.c,62 :: 		PWM2_init();
0x0036	0x2008      	CALL       _PWM2_init
;Baitap1_Tuan5.c,63 :: 		}
L_end_main:
0x0037	0x2837      	GOTO       $+0
; end of _main
Symbol List:
//** Routines locations **
//ADDRESS    SIZE    PROCEDURE
//----------------------------------------------
0x0003       [5]    _IO_init
0x0008      [22]    _PWM2_init
0x001E      [22]    _PWM1_init
0x0034       [4]    _main
//** Variables locations ** 
//ADDRESS    SIZE    VARIABLE
//----------------------------------------------
0x0000       [1]    INDF
0x0003       [1]    STATUS
0x0004       [1]    FSR
0x000A       [1]    PCLATH
0x000C       [0]    TMR2IF_bit
0x0012       [0]    T2CKPS1_bit
0x0012       [0]    TMR2ON_bit
0x0012       [0]    T2CKPS0_bit
0x0015       [1]    CCPR1L
0x0017       [1]    CCP1CON
0x0017       [0]    DC1B1_bit
0x0017       [0]    DC1B0_bit
0x001B       [1]    CCPR2L
0x001D       [1]    CCP2CON
0x001D       [0]    DC2B1_bit
0x001D       [0]    DC2B0_bit
0x0020       [2]    ___DoICPAddr
0x0070       [1]    R0
0x0071       [1]    R1
0x0072       [1]    R2
0x0073       [1]    R3
0x0074       [1]    R4
0x0075       [1]    R5
0x0076       [1]    R6
0x0077       [1]    R7
0x0078       [1]    R8
0x0079       [1]    R9
0x007A       [1]    R10
0x007B       [1]    R11
0x007C       [1]    R12
0x007D       [1]    R13
0x007E       [1]    R14
0x007F       [1]    R15
0x0087       [0]    TRISC2_bit
0x0087       [0]    TRISC1_bit
0x0092       [1]    PR2
0x0188       [1]    ANSEL
0x0189       [1]    ANSELH
