;  LST file generated by mikroListExporter - v.2.0 
; Date/Time: 9/23/2025 9:10:45 AM
;----------------------------------------------

;Address Opcode 	ASM
0x0000	0x283C      	GOTO       60
_Vidu1_sangduoi:
;Vidu1.c,2 :: 		void Vidu1_sangduoi(unsigned char start)
;Vidu1.c,5 :: 		PORTD = start;
0x0003	0x1283      	BCF        STATUS, 5
0x0004	0x1303      	BCF        STATUS, 6
0x0005	0x0822      	MOVF       FARG_Vidu1_sangduoi_start, 0
0x0006	0x0088      	MOVWF      PORTD
;Vidu1.c,6 :: 		delay_ms(400);
0x0007	0x3005      	MOVLW      5
0x0008	0x00FB      	MOVWF      R11
0x0009	0x300F      	MOVLW      15
0x000A	0x00FC      	MOVWF      R12
0x000B	0x30F1      	MOVLW      241
0x000C	0x00FD      	MOVWF      R13
L_Vidu1_sangduoi0:
0x000D	0x0BFD      	DECFSZ     R13, 1
0x000E	0x280D      	GOTO       L_Vidu1_sangduoi0
0x000F	0x0BFC      	DECFSZ     R12, 1
0x0010	0x280D      	GOTO       L_Vidu1_sangduoi0
0x0011	0x0BFB      	DECFSZ     R11, 1
0x0012	0x280D      	GOTO       L_Vidu1_sangduoi0
;Vidu1.c,8 :: 		for ( i = 0; i < 8; i++ )
0x0013	0x01F4      	CLRF       R4
L_Vidu1_sangduoi1:
0x0014	0x3008      	MOVLW      8
0x0015	0x0274      	SUBWF      R4, 0
0x0016	0x1803      	BTFSC      STATUS, 0
0x0017	0x283B      	GOTO       L_Vidu1_sangduoi2
;Vidu1.c,10 :: 		PORTD = (unsigned char)( (PORTD >> 1) | ((PORTD & 0x01) << 7) );
0x0018	0x0808      	MOVF       PORTD, 0
0x0019	0x00F3      	MOVWF      R3
0x001A	0x0CF3      	RRF        R3, 1
0x001B	0x13F3      	BCF        R3, 7
0x001C	0x3001      	MOVLW      1
0x001D	0x0508      	ANDWF      PORTD, 0
0x001E	0x00F2      	MOVWF      R2
0x001F	0x3007      	MOVLW      7
0x0020	0x00F1      	MOVWF      R1
0x0021	0x0872      	MOVF       R2, 0
0x0022	0x00F0      	MOVWF      R0
0x0023	0x0871      	MOVF       R1, 0
L__Vidu1_sangduoi8:
0x0024	0x1903      	BTFSC      STATUS, 2
0x0025	0x282A      	GOTO       L__Vidu1_sangduoi9
0x0026	0x0DF0      	RLF        R0, 1
0x0027	0x1070      	BCF        R0, 0
0x0028	0x3EFF      	ADDLW      255
0x0029	0x2824      	GOTO       L__Vidu1_sangduoi8
L__Vidu1_sangduoi9:
0x002A	0x0870      	MOVF       R0, 0
0x002B	0x0473      	IORWF      R3, 0
0x002C	0x0088      	MOVWF      PORTD
;Vidu1.c,11 :: 		delay_ms(400);
0x002D	0x3005      	MOVLW      5
0x002E	0x00FB      	MOVWF      R11
0x002F	0x300F      	MOVLW      15
0x0030	0x00FC      	MOVWF      R12
0x0031	0x30F1      	MOVLW      241
0x0032	0x00FD      	MOVWF      R13
L_Vidu1_sangduoi4:
0x0033	0x0BFD      	DECFSZ     R13, 1
0x0034	0x2833      	GOTO       L_Vidu1_sangduoi4
0x0035	0x0BFC      	DECFSZ     R12, 1
0x0036	0x2833      	GOTO       L_Vidu1_sangduoi4
0x0037	0x0BFB      	DECFSZ     R11, 1
0x0038	0x2833      	GOTO       L_Vidu1_sangduoi4
;Vidu1.c,8 :: 		for ( i = 0; i < 8; i++ )
0x0039	0x0AF4      	INCF       R4, 1
;Vidu1.c,12 :: 		}
0x003A	0x2814      	GOTO       L_Vidu1_sangduoi1
L_Vidu1_sangduoi2:
;Vidu1.c,14 :: 		}
L_end_Vidu1_sangduoi:
0x003B	0x0008      	RETURN
; end of _Vidu1_sangduoi
_main:
;Vidu1.c,15 :: 		void main() {
;Vidu1.c,16 :: 		ANSEL = ANSELH = 0;
0x003C	0x1683      	BSF        STATUS, 5
0x003D	0x1703      	BSF        STATUS, 6
0x003E	0x0189      	CLRF       ANSELH
0x003F	0x0188      	CLRF       ANSEL
;Vidu1.c,17 :: 		TRISD = 0;
0x0040	0x1303      	BCF        STATUS, 6
0x0041	0x0188      	CLRF       TRISD
;Vidu1.c,19 :: 		while(1)
L_main5:
;Vidu1.c,21 :: 		Vidu1_sangduoi(0x80);
0x0042	0x3080      	MOVLW      128
0x0043	0x1283      	BCF        STATUS, 5
0x0044	0x00A2      	MOVWF      FARG_Vidu1_sangduoi_start
0x0045	0x2003      	CALL       _Vidu1_sangduoi
;Vidu1.c,22 :: 		}
0x0046	0x2842      	GOTO       L_main5
;Vidu1.c,25 :: 		}
L_end_main:
0x0047	0x2847      	GOTO       $+0
; end of _main
Symbol List:
//** Routines locations **
//ADDRESS    SIZE    PROCEDURE
//----------------------------------------------
0x0003      [57]    _Vidu1_sangduoi
0x003C      [12]    _main
//** Variables locations ** 
//ADDRESS    SIZE    VARIABLE
//----------------------------------------------
0x0000       [1]    INDF
0x0003       [1]    STATUS
0x0004       [1]    FSR
0x0008       [1]    PORTD
0x000A       [1]    PCLATH
0x0020       [2]    ___DoICPAddr
0x0022       [1]    FARG_Vidu1_sangduoi_start
0x0070       [1]    R0
0x0071       [1]    R1
0x0072       [1]    R2
0x0073       [1]    R3
0x0074       [1]    R4
0x0075       [1]    R5
0x0076       [1]    R6
0x0077       [1]    R7
0x0078       [1]    R8
0x0079       [1]    R9
0x007A       [1]    R10
0x007B       [1]    R11
0x007C       [1]    R12
0x007D       [1]    R13
0x007E       [1]    R14
0x0088       [1]    TRISD
0x0188       [1]    ANSEL
0x0189       [1]    ANSELH
