;  LST file generated by mikroListExporter - v.2.0 
; Date/Time: 10/7/2025 8:02:45 AM
;----------------------------------------------

;Address Opcode 	ASM
0x0000	0x2A06      	GOTO       518
_interrupt:
0x0004	0x00FF      	MOVWF      R15
0x0005	0x0E03      	SWAPF      STATUS, 0
0x0006	0x0183      	CLRF       STATUS
0x0007	0x1683      	BSF        STATUS, 5
0x0008	0x00A2      	MOVWF      ___saveSTATUS
0x0009	0x080A      	MOVF       PCLATH, 0
0x000A	0x00A1      	MOVWF      ___savePCLATH
0x000B	0x018A      	CLRF       PCLATH
0x000C	0x0870      	MOVF       R0, 0
0x000D	0x1283      	BCF        STATUS, 5
0x000E	0x00A3      	MOVWF      35
0x000F	0x087B      	MOVF       R11, 0
0x0010	0x00A2      	MOVWF      34
0x0011	0x087C      	MOVF       R12, 0
0x0012	0x00A1      	MOVWF      33
0x0013	0x087D      	MOVF       R13, 0
0x0014	0x00A0      	MOVWF      32
;Baitap3.c,28 :: 		void interrupt()
;Baitap3.c,31 :: 		RBIF_BIT = 0;
0x0015	0x100B      	BCF        RBIF_bit, BitPos(RBIF_bit+0)
;Baitap3.c,32 :: 		temp = PORTB;
0x0016	0x0806      	MOVF       PORTB, 0
0x0017	0x00EF      	MOVWF      _temp
;Baitap3.c,33 :: 		if ( !RB6_BIT )
0x0018	0x1B06      	BTFSC      RB6_bit, BitPos(RB6_bit+0)
0x0019	0x2820      	GOTO       L_interrupt4
;Baitap3.c,35 :: 		while(!RB6_BIT);
L_interrupt5:
0x001A	0x1B06      	BTFSC      RB6_bit, BitPos(RB6_bit+0)
0x001B	0x281D      	GOTO       L_interrupt6
0x001C	0x281A      	GOTO       L_interrupt5
L_interrupt6:
;Baitap3.c,36 :: 		if ( RB6_BIT == 1)
0x001D	0x1F06      	BTFSS      RB6_bit, BitPos(RB6_bit+0)
0x001E	0x2820      	GOTO       L_interrupt7
;Baitap3.c,37 :: 		sangduoi();
0x001F	0x21DC      	CALL       _sangduoi
L_interrupt7:
;Baitap3.c,39 :: 		}
L_interrupt4:
;Baitap3.c,40 :: 		if ( !RB7_BIT )
0x0020	0x1283      	BCF        STATUS, 5
0x0021	0x1B86      	BTFSC      RB7_bit, BitPos(RB7_bit+0)
0x0022	0x2829      	GOTO       L_interrupt8
;Baitap3.c,42 :: 		while(!RB7_BIT);
L_interrupt9:
0x0023	0x1B86      	BTFSC      RB7_bit, BitPos(RB7_bit+0)
0x0024	0x2826      	GOTO       L_interrupt10
0x0025	0x2823      	GOTO       L_interrupt9
L_interrupt10:
;Baitap3.c,43 :: 		if ( RB7_BIT == 1);
0x0026	0x1F86      	BTFSS      RB7_bit, BitPos(RB7_bit+0)
0x0027	0x2828      	GOTO       L_interrupt11
L_interrupt11:
;Baitap3.c,44 :: 		sangduoi();
0x0028	0x21DC      	CALL       _sangduoi
;Baitap3.c,46 :: 		}
L_interrupt8:
;Baitap3.c,48 :: 		}
L_end_interrupt:
L__interrupt28:
0x0029	0x1283      	BCF        STATUS, 5
0x002A	0x0823      	MOVF       35, 0
0x002B	0x00F0      	MOVWF      R0
0x002C	0x0822      	MOVF       34, 0
0x002D	0x00FB      	MOVWF      R11
0x002E	0x0821      	MOVF       33, 0
0x002F	0x00FC      	MOVWF      R12
0x0030	0x0820      	MOVF       32, 0
0x0031	0x00FD      	MOVWF      R13
0x0032	0x1683      	BSF        STATUS, 5
0x0033	0x0821      	MOVF       ___savePCLATH, 0
0x0034	0x008A      	MOVWF      PCLATH
0x0035	0x0E22      	SWAPF      ___saveSTATUS, 0
0x0036	0x0083      	MOVWF      STATUS
0x0037	0x0EFF      	SWAPF      R15, 1
0x0038	0x0E7F      	SWAPF      R15, 0
0x0039	0x0009      	RETFIE
; end of _interrupt
_lcd_put_nibble:
;lcd.c,103 :: 		void lcd_put_nibble(unsigned char b)
;lcd.c,109 :: 		LCD_DATA4_TRIS = 0;                // Cau hinh cac chan ket noi LCD.
0x003A	0x1683      	BSF        STATUS, 5
0x003B	0x1303      	BCF        STATUS, 6
0x003C	0x1006      	BCF        TRISB0_bit, BitPos(TRISB0_bit+0)
;lcd.c,110 :: 		LCD_DATA5_TRIS = 0;
0x003D	0x1086      	BCF        TRISB1_bit, BitPos(TRISB1_bit+0)
;lcd.c,111 :: 		LCD_DATA6_TRIS = 0;
0x003E	0x1106      	BCF        TRISB2_bit, BitPos(TRISB2_bit+0)
;lcd.c,112 :: 		LCD_DATA7_TRIS = 0;
0x003F	0x1186      	BCF        TRISB3_bit, BitPos(TRISB3_bit+0)
;lcd.c,114 :: 		temp.Val = b;
0x0040	0x082A      	MOVF       FARG_lcd_put_nibble_b, 0
0x0041	0x00F0      	MOVWF      R0
;lcd.c,116 :: 		LCD_DATA4 = temp.bits.b0;        // Gui 4 bit thap.
0x0042	0x1870      	BTFSC      R0, 0
0x0043	0x2847      	GOTO       L__lcd_put_nibble69
0x0044	0x1283      	BCF        STATUS, 5
0x0045	0x1006      	BCF        RB0_bit, BitPos(RB0_bit+0)
0x0046	0x2849      	GOTO       L__lcd_put_nibble70
L__lcd_put_nibble69:
0x0047	0x1283      	BCF        STATUS, 5
0x0048	0x1406      	BSF        RB0_bit, BitPos(RB0_bit+0)
L__lcd_put_nibble70:
;lcd.c,117 :: 		LCD_DATA5 = temp.bits.b1;
0x0049	0x18F0      	BTFSC      R0, 1
0x004A	0x284D      	GOTO       L__lcd_put_nibble71
0x004B	0x1086      	BCF        RB1_bit, BitPos(RB1_bit+0)
0x004C	0x284E      	GOTO       L__lcd_put_nibble72
L__lcd_put_nibble71:
0x004D	0x1486      	BSF        RB1_bit, BitPos(RB1_bit+0)
L__lcd_put_nibble72:
;lcd.c,118 :: 		LCD_DATA6 = temp.bits.b2;
0x004E	0x1970      	BTFSC      R0, 2
0x004F	0x2852      	GOTO       L__lcd_put_nibble73
0x0050	0x1106      	BCF        RB2_bit, BitPos(RB2_bit+0)
0x0051	0x2853      	GOTO       L__lcd_put_nibble74
L__lcd_put_nibble73:
0x0052	0x1506      	BSF        RB2_bit, BitPos(RB2_bit+0)
L__lcd_put_nibble74:
;lcd.c,119 :: 		LCD_DATA7 = temp.bits.b3;
0x0053	0x19F0      	BTFSC      R0, 3
0x0054	0x2857      	GOTO       L__lcd_put_nibble75
0x0055	0x1186      	BCF        RB3_bit, BitPos(RB3_bit+0)
0x0056	0x2858      	GOTO       L__lcd_put_nibble76
L__lcd_put_nibble75:
0x0057	0x1586      	BSF        RB3_bit, BitPos(RB3_bit+0)
L__lcd_put_nibble76:
;lcd.c,121 :: 		delay_us(20);
0x0058	0x300D      	MOVLW      13
0x0059	0x00FD      	MOVWF      R13
L_lcd_put_nibble11:
0x005A	0x0BFD      	DECFSZ     R13, 1
0x005B	0x285A      	GOTO       L_lcd_put_nibble11
;lcd.c,122 :: 		LCD_EN =  1;
0x005C	0x1686      	BSF        RB5_bit, BitPos(RB5_bit+0)
;lcd.c,123 :: 		delay_us(20);
0x005D	0x300D      	MOVLW      13
0x005E	0x00FD      	MOVWF      R13
L_lcd_put_nibble12:
0x005F	0x0BFD      	DECFSZ     R13, 1
0x0060	0x285F      	GOTO       L_lcd_put_nibble12
;lcd.c,124 :: 		LCD_EN = 0;
0x0061	0x1286      	BCF        RB5_bit, BitPos(RB5_bit+0)
;lcd.c,125 :: 		}
L_end_lcd_put_nibble:
0x0062	0x0008      	RETURN
; end of _lcd_put_nibble
_lcd_put_byte:
;lcd.c,134 :: 		void lcd_put_byte(unsigned char rs, unsigned char b)
;lcd.c,139 :: 		LCD_DATA4_TRIS = 0;                // Cau hinh cac chan ket noi LCD.
0x0063	0x1683      	BSF        STATUS, 5
0x0064	0x1303      	BCF        STATUS, 6
0x0065	0x1006      	BCF        TRISB0_bit, BitPos(TRISB0_bit+0)
;lcd.c,140 :: 		LCD_DATA5_TRIS = 0;
0x0066	0x1086      	BCF        TRISB1_bit, BitPos(TRISB1_bit+0)
;lcd.c,141 :: 		LCD_DATA6_TRIS = 0;
0x0067	0x1106      	BCF        TRISB2_bit, BitPos(TRISB2_bit+0)
;lcd.c,142 :: 		LCD_DATA7_TRIS = 0;
0x0068	0x1186      	BCF        TRISB3_bit, BitPos(TRISB3_bit+0)
;lcd.c,144 :: 		if(rs)
0x0069	0x0828      	MOVF       FARG_lcd_put_byte_rs, 0
0x006A	0x1903      	BTFSC      STATUS, 2
0x006B	0x286F      	GOTO       L_lcd_put_byte13
;lcd.c,145 :: 		LCD_RS = 1;
0x006C	0x1283      	BCF        STATUS, 5
0x006D	0x1606      	BSF        RB4_bit, BitPos(RB4_bit+0)
0x006E	0x2871      	GOTO       L_lcd_put_byte14
L_lcd_put_byte13:
0x006F	0x1283      	BCF        STATUS, 5
;lcd.c,147 :: 		LCD_RS = 0;
0x0070	0x1206      	BCF        RB4_bit, BitPos(RB4_bit+0)
L_lcd_put_byte14:
;lcd.c,148 :: 		delay_us(20);
0x0071	0x300D      	MOVLW      13
0x0072	0x00FD      	MOVWF      R13
L_lcd_put_byte15:
0x0073	0x0BFD      	DECFSZ     R13, 1
0x0074	0x2873      	GOTO       L_lcd_put_byte15
;lcd.c,151 :: 		delay_us(20);
0x0075	0x300D      	MOVLW      13
0x0076	0x00FD      	MOVWF      R13
L_lcd_put_byte16:
0x0077	0x0BFD      	DECFSZ     R13, 1
0x0078	0x2877      	GOTO       L_lcd_put_byte16
;lcd.c,153 :: 		LCD_EN = 0;
0x0079	0x1286      	BCF        RB5_bit, BitPos(RB5_bit+0)
;lcd.c,155 :: 		lcd_put_nibble(b >> 4);                // Gui 4 bit cao.
0x007A	0x1683      	BSF        STATUS, 5
0x007B	0x0829      	MOVF       FARG_lcd_put_byte_b, 0
0x007C	0x00AA      	MOVWF      FARG_lcd_put_nibble_b
0x007D	0x0CAA      	RRF        FARG_lcd_put_nibble_b, 1
0x007E	0x13AA      	BCF        FARG_lcd_put_nibble_b, 7
0x007F	0x0CAA      	RRF        FARG_lcd_put_nibble_b, 1
0x0080	0x13AA      	BCF        FARG_lcd_put_nibble_b, 7
0x0081	0x0CAA      	RRF        FARG_lcd_put_nibble_b, 1
0x0082	0x13AA      	BCF        FARG_lcd_put_nibble_b, 7
0x0083	0x0CAA      	RRF        FARG_lcd_put_nibble_b, 1
0x0084	0x13AA      	BCF        FARG_lcd_put_nibble_b, 7
0x0085	0x203A      	CALL       _lcd_put_nibble
;lcd.c,157 :: 		lcd_put_nibble(b & 0xf);        // Gui 4 bit thap.
0x0086	0x300F      	MOVLW      15
0x0087	0x1683      	BSF        STATUS, 5
0x0088	0x0529      	ANDWF      FARG_lcd_put_byte_b, 0
0x0089	0x00AA      	MOVWF      FARG_lcd_put_nibble_b
0x008A	0x203A      	CALL       _lcd_put_nibble
;lcd.c,158 :: 		}
L_end_lcd_put_byte:
0x008B	0x0008      	RETURN
; end of _lcd_put_byte
_lcd_gotoxy:
;lcd.c,167 :: 		void lcd_gotoxy(unsigned char col, unsigned char row)
;lcd.c,173 :: 		if(row!=0)                // Xac dinh ma qui dinh dia chi dong.
0x008C	0x1683      	BSF        STATUS, 5
0x008D	0x1303      	BCF        STATUS, 6
0x008E	0x0826      	MOVF       FARG_lcd_gotoxy_row, 0
0x008F	0x3A00      	XORLW      0
0x0090	0x1903      	BTFSC      STATUS, 2
0x0091	0x2895      	GOTO       L_lcd_gotoxy17
;lcd.c,174 :: 		address=0x40;        // Dong duoi.
0x0092	0x3040      	MOVLW      64
0x0093	0x00A7      	MOVWF      lcd_gotoxy_address_L0
0x0094	0x2896      	GOTO       L_lcd_gotoxy18
L_lcd_gotoxy17:
;lcd.c,176 :: 		address=0;                // Dong tren.
0x0095	0x01A7      	CLRF       lcd_gotoxy_address_L0
L_lcd_gotoxy18:
;lcd.c,178 :: 		address += col;
0x0096	0x0825      	MOVF       FARG_lcd_gotoxy_col, 0
0x0097	0x0727      	ADDWF      lcd_gotoxy_address_L0, 0
0x0098	0x00F0      	MOVWF      R0
0x0099	0x0870      	MOVF       R0, 0
0x009A	0x00A7      	MOVWF      lcd_gotoxy_address_L0
;lcd.c,180 :: 		lcd_put_byte(0,0x80|address);        // Gui lenh dieu khien sang LCD.
0x009B	0x01A8      	CLRF       FARG_lcd_put_byte_rs
0x009C	0x3080      	MOVLW      128
0x009D	0x0470      	IORWF      R0, 0
0x009E	0x00A9      	MOVWF      FARG_lcd_put_byte_b
0x009F	0x2063      	CALL       _lcd_put_byte
;lcd.c,182 :: 		}
L_end_lcd_gotoxy:
0x00A0	0x0008      	RETURN
; end of _lcd_gotoxy
_lcd_putc:
;lcd.c,190 :: 		void lcd_putc(char c)
;lcd.c,195 :: 		switch(c)
0x00A1	0x28DA      	GOTO       L_lcd_putc19
;lcd.c,197 :: 		case '\f':                        // Xoa man hinh.
L_lcd_putc21:
;lcd.c,198 :: 		lcd_put_byte(0,1);
0x00A2	0x1683      	BSF        STATUS, 5
0x00A3	0x1303      	BCF        STATUS, 6
0x00A4	0x01A8      	CLRF       FARG_lcd_put_byte_rs
0x00A5	0x3001      	MOVLW      1
0x00A6	0x00A9      	MOVWF      FARG_lcd_put_byte_b
0x00A7	0x2063      	CALL       _lcd_put_byte
;lcd.c,199 :: 		delay_ms(5);
0x00A8	0x300D      	MOVLW      13
0x00A9	0x00FC      	MOVWF      R12
0x00AA	0x30FB      	MOVLW      251
0x00AB	0x00FD      	MOVWF      R13
L_lcd_putc22:
0x00AC	0x0BFD      	DECFSZ     R13, 1
0x00AD	0x28AC      	GOTO       L_lcd_putc22
0x00AE	0x0BFC      	DECFSZ     R12, 1
0x00AF	0x28AC      	GOTO       L_lcd_putc22
0x00B0	0x0000      	NOP
0x00B1	0x0000      	NOP
;lcd.c,200 :: 		break;
0x00B2	0x28E9      	GOTO       L_lcd_putc20
;lcd.c,201 :: 		case '\n':                        // Xuong dong va dua con tro ve dau dong.
L_lcd_putc23:
;lcd.c,202 :: 		lcd_gotoxy(0,1);
0x00B3	0x1683      	BSF        STATUS, 5
0x00B4	0x01A5      	CLRF       FARG_lcd_gotoxy_col
0x00B5	0x3001      	MOVLW      1
0x00B6	0x00A6      	MOVWF      FARG_lcd_gotoxy_row
0x00B7	0x208C      	CALL       _lcd_gotoxy
;lcd.c,203 :: 		break;
0x00B8	0x28E9      	GOTO       L_lcd_putc20
;lcd.c,204 :: 		case '\b':
L_lcd_putc24:
;lcd.c,205 :: 		lcd_put_byte(0,0x10);
0x00B9	0x1683      	BSF        STATUS, 5
0x00BA	0x01A8      	CLRF       FARG_lcd_put_byte_rs
0x00BB	0x3010      	MOVLW      16
0x00BC	0x00A9      	MOVWF      FARG_lcd_put_byte_b
0x00BD	0x2063      	CALL       _lcd_put_byte
;lcd.c,206 :: 		delay_ms(5);
0x00BE	0x300D      	MOVLW      13
0x00BF	0x00FC      	MOVWF      R12
0x00C0	0x30FB      	MOVLW      251
0x00C1	0x00FD      	MOVWF      R13
L_lcd_putc25:
0x00C2	0x0BFD      	DECFSZ     R13, 1
0x00C3	0x28C2      	GOTO       L_lcd_putc25
0x00C4	0x0BFC      	DECFSZ     R12, 1
0x00C5	0x28C2      	GOTO       L_lcd_putc25
0x00C6	0x0000      	NOP
0x00C7	0x0000      	NOP
;lcd.c,207 :: 		break;
0x00C8	0x28E9      	GOTO       L_lcd_putc20
;lcd.c,208 :: 		default:        // Hien thi tat ca ky tu mac dinh trong LCD (c: dia chi HEX cua ky tu)
L_lcd_putc26:
;lcd.c,211 :: 		lcd_put_byte(1,c);
0x00C9	0x3001      	MOVLW      1
0x00CA	0x1683      	BSF        STATUS, 5
0x00CB	0x00A8      	MOVWF      FARG_lcd_put_byte_rs
0x00CC	0x0824      	MOVF       FARG_lcd_putc_c, 0
0x00CD	0x00A9      	MOVWF      FARG_lcd_put_byte_b
0x00CE	0x2063      	CALL       _lcd_put_byte
;lcd.c,212 :: 		delay_ms(5);
0x00CF	0x300D      	MOVLW      13
0x00D0	0x00FC      	MOVWF      R12
0x00D1	0x30FB      	MOVLW      251
0x00D2	0x00FD      	MOVWF      R13
L_lcd_putc27:
0x00D3	0x0BFD      	DECFSZ     R13, 1
0x00D4	0x28D3      	GOTO       L_lcd_putc27
0x00D5	0x0BFC      	DECFSZ     R12, 1
0x00D6	0x28D3      	GOTO       L_lcd_putc27
0x00D7	0x0000      	NOP
0x00D8	0x0000      	NOP
;lcd.c,215 :: 		}
0x00D9	0x28E9      	GOTO       L_lcd_putc20
L_lcd_putc19:
0x00DA	0x1683      	BSF        STATUS, 5
0x00DB	0x1303      	BCF        STATUS, 6
0x00DC	0x0824      	MOVF       FARG_lcd_putc_c, 0
0x00DD	0x3A0C      	XORLW      12
0x00DE	0x1903      	BTFSC      STATUS, 2
0x00DF	0x28A2      	GOTO       L_lcd_putc21
0x00E0	0x0824      	MOVF       FARG_lcd_putc_c, 0
0x00E1	0x3A0A      	XORLW      10
0x00E2	0x1903      	BTFSC      STATUS, 2
0x00E3	0x28B3      	GOTO       L_lcd_putc23
0x00E4	0x0824      	MOVF       FARG_lcd_putc_c, 0
0x00E5	0x3A08      	XORLW      8
0x00E6	0x1903      	BTFSC      STATUS, 2
0x00E7	0x28B9      	GOTO       L_lcd_putc24
0x00E8	0x28C9      	GOTO       L_lcd_putc26
L_lcd_putc20:
;lcd.c,216 :: 		}
L_end_lcd_putc:
0x00E9	0x0008      	RETURN
; end of _lcd_putc
_____DoICP:
;__Lib_System.c,6 :: 		
;__Lib_System.c,9 :: 		
0x00EA	0x1283      	BCF        STATUS, 5
0x00EB	0x1303      	BCF        STATUS, 6
0x00EC	0x086E      	MOVF       ___DoICPAddr+1, 0
0x00ED	0x008A      	MOVWF      PCLATH
;__Lib_System.c,10 :: 		
0x00EE	0x086D      	MOVF       ___DoICPAddr, 0
0x00EF	0x0082      	MOVWF      PCL
;__Lib_System.c,12 :: 		
L_end_____DoICP:
0x00F0	0x0008      	RETURN
; end of _____DoICP
_hienthilcd:
;Baitap3.c,64 :: 		void hienthilcd()
;Baitap3.c,67 :: 		lcd_putc('\f');
0x00F1	0x300C      	MOVLW      12
0x00F2	0x1683      	BSF        STATUS, 5
0x00F3	0x1303      	BCF        STATUS, 6
0x00F4	0x00A4      	MOVWF      FARG_lcd_putc_c
0x00F5	0x20A1      	CALL       _lcd_putc
;Baitap3.c,68 :: 		lcd_gotoxy(0,0);
0x00F6	0x1683      	BSF        STATUS, 5
0x00F7	0x1303      	BCF        STATUS, 6
0x00F8	0x01A5      	CLRF       FARG_lcd_gotoxy_col
0x00F9	0x01A6      	CLRF       FARG_lcd_gotoxy_row
0x00FA	0x208C      	CALL       _lcd_gotoxy
;Baitap3.c,69 :: 		for(i = 0; i < len1; i++) lcd_putc(line1[i]);
0x00FB	0x1683      	BSF        STATUS, 5
0x00FC	0x01A3      	CLRF       hienthilcd_i_L0
L_hienthilcd14:
0x00FD	0x1283      	BCF        STATUS, 5
0x00FE	0x0855      	MOVF       _len1, 0
0x00FF	0x1683      	BSF        STATUS, 5
0x0100	0x0223      	SUBWF      hienthilcd_i_L0, 0
0x0101	0x1803      	BTFSC      STATUS, 0
0x0102	0x290D      	GOTO       L_hienthilcd15
0x0103	0x0823      	MOVF       hienthilcd_i_L0, 0
0x0104	0x3E56      	ADDLW      _line1
0x0105	0x0084      	MOVWF      FSR
0x0106	0x0800      	MOVF       INDF, 0
0x0107	0x00A4      	MOVWF      FARG_lcd_putc_c
0x0108	0x20A1      	CALL       _lcd_putc
0x0109	0x1683      	BSF        STATUS, 5
0x010A	0x1303      	BCF        STATUS, 6
0x010B	0x0AA3      	INCF       hienthilcd_i_L0, 1
0x010C	0x28FD      	GOTO       L_hienthilcd14
L_hienthilcd15:
;Baitap3.c,71 :: 		lcd_gotoxy(0,1);
0x010D	0x01A5      	CLRF       FARG_lcd_gotoxy_col
0x010E	0x3001      	MOVLW      1
0x010F	0x00A6      	MOVWF      FARG_lcd_gotoxy_row
0x0110	0x208C      	CALL       _lcd_gotoxy
;Baitap3.c,72 :: 		for(i = 0; i< len2 ; i++) lcd_putc(line2[i]);
0x0111	0x1683      	BSF        STATUS, 5
0x0112	0x01A3      	CLRF       hienthilcd_i_L0
L_hienthilcd17:
0x0113	0x1283      	BCF        STATUS, 5
0x0114	0x0862      	MOVF       _len2, 0
0x0115	0x1683      	BSF        STATUS, 5
0x0116	0x0223      	SUBWF      hienthilcd_i_L0, 0
0x0117	0x1803      	BTFSC      STATUS, 0
0x0118	0x2923      	GOTO       L_hienthilcd18
0x0119	0x0823      	MOVF       hienthilcd_i_L0, 0
0x011A	0x3E63      	ADDLW      _line2
0x011B	0x0084      	MOVWF      FSR
0x011C	0x0800      	MOVF       INDF, 0
0x011D	0x00A4      	MOVWF      FARG_lcd_putc_c
0x011E	0x20A1      	CALL       _lcd_putc
0x011F	0x1683      	BSF        STATUS, 5
0x0120	0x1303      	BCF        STATUS, 6
0x0121	0x0AA3      	INCF       hienthilcd_i_L0, 1
0x0122	0x2913      	GOTO       L_hienthilcd17
L_hienthilcd18:
;Baitap3.c,74 :: 		delay_ms(400);
0x0123	0x3005      	MOVLW      5
0x0124	0x00FB      	MOVWF      R11
0x0125	0x300F      	MOVLW      15
0x0126	0x00FC      	MOVWF      R12
0x0127	0x30F1      	MOVLW      241
0x0128	0x00FD      	MOVWF      R13
L_hienthilcd20:
0x0129	0x0BFD      	DECFSZ     R13, 1
0x012A	0x2929      	GOTO       L_hienthilcd20
0x012B	0x0BFC      	DECFSZ     R12, 1
0x012C	0x2929      	GOTO       L_hienthilcd20
0x012D	0x0BFB      	DECFSZ     R11, 1
0x012E	0x2929      	GOTO       L_hienthilcd20
;Baitap3.c,75 :: 		}
L_end_hienthilcd:
0x012F	0x0008      	RETURN
; end of _hienthilcd
_napkitudacbiet:
;Baitap3.c,51 :: 		void napkitudacbiet()
;Baitap3.c,53 :: 		char i = 0;
0x0130	0x1683      	BSF        STATUS, 5
0x0131	0x1303      	BCF        STATUS, 6
0x0132	0x01A3      	CLRF       napkitudacbiet_i_L0
;Baitap3.c,54 :: 		lcd_put_byte(0, 0x40);
0x0133	0x01A8      	CLRF       FARG_lcd_put_byte_rs
0x0134	0x3040      	MOVLW      64
0x0135	0x00A9      	MOVWF      FARG_lcd_put_byte_b
0x0136	0x2063      	CALL       _lcd_put_byte
;Baitap3.c,56 :: 		while( kitudacbiet[i] != 0x99 )
L_napkitudacbiet12:
0x0137	0x1683      	BSF        STATUS, 5
0x0138	0x0823      	MOVF       napkitudacbiet_i_L0, 0
0x0139	0x3E24      	ADDLW      _kitudacbiet
0x013A	0x0084      	MOVWF      FSR
0x013B	0x0800      	MOVF       INDF, 0
0x013C	0x3A99      	XORLW      153
0x013D	0x1903      	BTFSC      STATUS, 2
0x013E	0x294A      	GOTO       L_napkitudacbiet13
;Baitap3.c,58 :: 		lcd_put_byte(1, kitudacbiet[i]);
0x013F	0x3001      	MOVLW      1
0x0140	0x00A8      	MOVWF      FARG_lcd_put_byte_rs
0x0141	0x0823      	MOVF       napkitudacbiet_i_L0, 0
0x0142	0x3E24      	ADDLW      _kitudacbiet
0x0143	0x0084      	MOVWF      FSR
0x0144	0x0800      	MOVF       INDF, 0
0x0145	0x00A9      	MOVWF      FARG_lcd_put_byte_b
0x0146	0x2063      	CALL       _lcd_put_byte
;Baitap3.c,59 :: 		i++;
0x0147	0x1683      	BSF        STATUS, 5
0x0148	0x0AA3      	INCF       napkitudacbiet_i_L0, 1
;Baitap3.c,60 :: 		}
0x0149	0x2937      	GOTO       L_napkitudacbiet12
L_napkitudacbiet13:
;Baitap3.c,62 :: 		}
L_end_napkitudacbiet:
0x014A	0x0008      	RETURN
; end of _napkitudacbiet
___CC2DW:
;__Lib_System.c,134 :: 		
;__Lib_System.c,137 :: 		
_CC2D_Loop1:
;__Lib_System.c,139 :: 		
0x014B	0x20EA      	CALL       _____DoICP
0x014C	0x118A      	BCF        PCLATH, 3
0x014D	0x120A      	BCF        PCLATH, 4
;__Lib_System.c,141 :: 		
0x014E	0x0080      	MOVWF      INDF
;__Lib_System.c,142 :: 		
0x014F	0x0A84      	INCF       FSR, 1
;__Lib_System.c,143 :: 		
0x0150	0x0AED      	INCF       ___DoICPAddr, 1
;__Lib_System.c,145 :: 		
0x0151	0x1903      	BTFSC      STATUS, 2
;__Lib_System.c,146 :: 		
0x0152	0x0AEE      	INCF       ___DoICPAddr+1, 1
;__Lib_System.c,147 :: 		
0x0153	0x03F0      	DECF       R0, 1
;__Lib_System.c,149 :: 		
0x0154	0x1D03      	BTFSS      STATUS, 2
;__Lib_System.c,150 :: 		
0x0155	0x294B      	GOTO       _CC2D_Loop1
;__Lib_System.c,152 :: 		
L_end___CC2DW:
0x0156	0x0008      	RETURN
; end of ___CC2DW
_lcd_init:
;lcd.c,241 :: 		void lcd_init()
;lcd.c,247 :: 		LCD_EN_TRIS = 0;                // Cau hinh cac chan ket noi LCD.
0x0157	0x1683      	BSF        STATUS, 5
0x0158	0x1303      	BCF        STATUS, 6
0x0159	0x1286      	BCF        TRISB5_bit, BitPos(TRISB5_bit+0)
;lcd.c,248 :: 		LCD_RS_TRIS = 0;
0x015A	0x1206      	BCF        TRISB4_bit, BitPos(TRISB4_bit+0)
;lcd.c,250 :: 		LCD_DATA4_TRIS = 0;
0x015B	0x1006      	BCF        TRISB0_bit, BitPos(TRISB0_bit+0)
;lcd.c,251 :: 		LCD_DATA5_TRIS = 0;
0x015C	0x1086      	BCF        TRISB1_bit, BitPos(TRISB1_bit+0)
;lcd.c,252 :: 		LCD_DATA6_TRIS = 0;
0x015D	0x1106      	BCF        TRISB2_bit, BitPos(TRISB2_bit+0)
;lcd.c,253 :: 		LCD_DATA7_TRIS = 0;
0x015E	0x1186      	BCF        TRISB3_bit, BitPos(TRISB3_bit+0)
;lcd.c,255 :: 		delay_ms(15);                // Tao tre cho cap nguon LCD on dinh.
0x015F	0x3027      	MOVLW      39
0x0160	0x00FC      	MOVWF      R12
0x0161	0x30F5      	MOVLW      245
0x0162	0x00FD      	MOVWF      R13
L_lcd_init30:
0x0163	0x0BFD      	DECFSZ     R13, 1
0x0164	0x2963      	GOTO       L_lcd_init30
0x0165	0x0BFC      	DECFSZ     R12, 1
0x0166	0x2963      	GOTO       L_lcd_init30
;lcd.c,257 :: 		LCD_RS = 0;
0x0167	0x1283      	BCF        STATUS, 5
0x0168	0x1206      	BCF        RB4_bit, BitPos(RB4_bit+0)
;lcd.c,259 :: 		LCD_EN = 0;
0x0169	0x1286      	BCF        RB5_bit, BitPos(RB5_bit+0)
;lcd.c,261 :: 		lcd_put_nibble(3);        // Reset LCD
0x016A	0x3003      	MOVLW      3
0x016B	0x1683      	BSF        STATUS, 5
0x016C	0x00AA      	MOVWF      FARG_lcd_put_nibble_b
0x016D	0x203A      	CALL       _lcd_put_nibble
;lcd.c,262 :: 		delay_ms(10);
0x016E	0x301A      	MOVLW      26
0x016F	0x00FC      	MOVWF      R12
0x0170	0x30F8      	MOVLW      248
0x0171	0x00FD      	MOVWF      R13
L_lcd_init31:
0x0172	0x0BFD      	DECFSZ     R13, 1
0x0173	0x2972      	GOTO       L_lcd_init31
0x0174	0x0BFC      	DECFSZ     R12, 1
0x0175	0x2972      	GOTO       L_lcd_init31
0x0176	0x0000      	NOP
;lcd.c,263 :: 		lcd_put_nibble(3);
0x0177	0x3003      	MOVLW      3
0x0178	0x1683      	BSF        STATUS, 5
0x0179	0x00AA      	MOVWF      FARG_lcd_put_nibble_b
0x017A	0x203A      	CALL       _lcd_put_nibble
;lcd.c,264 :: 		delay_ms(10);
0x017B	0x301A      	MOVLW      26
0x017C	0x00FC      	MOVWF      R12
0x017D	0x30F8      	MOVLW      248
0x017E	0x00FD      	MOVWF      R13
L_lcd_init32:
0x017F	0x0BFD      	DECFSZ     R13, 1
0x0180	0x297F      	GOTO       L_lcd_init32
0x0181	0x0BFC      	DECFSZ     R12, 1
0x0182	0x297F      	GOTO       L_lcd_init32
0x0183	0x0000      	NOP
;lcd.c,265 :: 		lcd_put_nibble(3);
0x0184	0x3003      	MOVLW      3
0x0185	0x1683      	BSF        STATUS, 5
0x0186	0x00AA      	MOVWF      FARG_lcd_put_nibble_b
0x0187	0x203A      	CALL       _lcd_put_nibble
;lcd.c,266 :: 		delay_ms(10);
0x0188	0x301A      	MOVLW      26
0x0189	0x00FC      	MOVWF      R12
0x018A	0x30F8      	MOVLW      248
0x018B	0x00FD      	MOVWF      R13
L_lcd_init33:
0x018C	0x0BFD      	DECFSZ     R13, 1
0x018D	0x298C      	GOTO       L_lcd_init33
0x018E	0x0BFC      	DECFSZ     R12, 1
0x018F	0x298C      	GOTO       L_lcd_init33
0x0190	0x0000      	NOP
;lcd.c,268 :: 		lcd_put_nibble(2);
0x0191	0x3002      	MOVLW      2
0x0192	0x1683      	BSF        STATUS, 5
0x0193	0x00AA      	MOVWF      FARG_lcd_put_nibble_b
0x0194	0x203A      	CALL       _lcd_put_nibble
;lcd.c,269 :: 		delay_ms(1);//while(lcd_busy());
0x0195	0x3003      	MOVLW      3
0x0196	0x00FC      	MOVWF      R12
0x0197	0x3097      	MOVLW      151
0x0198	0x00FD      	MOVWF      R13
L_lcd_init34:
0x0199	0x0BFD      	DECFSZ     R13, 1
0x019A	0x2999      	GOTO       L_lcd_init34
0x019B	0x0BFC      	DECFSZ     R12, 1
0x019C	0x2999      	GOTO       L_lcd_init34
0x019D	0x0000      	NOP
0x019E	0x0000      	NOP
;lcd.c,271 :: 		lcd_put_byte(0,FOUR_BIT & LINES_5X7);                // Loai LCD.
0x019F	0x1683      	BSF        STATUS, 5
0x01A0	0x01A8      	CLRF       FARG_lcd_put_byte_rs
0x01A1	0x3028      	MOVLW      40
0x01A2	0x00A9      	MOVWF      FARG_lcd_put_byte_b
0x01A3	0x2063      	CALL       _lcd_put_byte
;lcd.c,272 :: 		delay_ms(1);//while(lcd_busy());
0x01A4	0x3003      	MOVLW      3
0x01A5	0x00FC      	MOVWF      R12
0x01A6	0x3097      	MOVLW      151
0x01A7	0x00FD      	MOVWF      R13
L_lcd_init35:
0x01A8	0x0BFD      	DECFSZ     R13, 1
0x01A9	0x29A8      	GOTO       L_lcd_init35
0x01AA	0x0BFC      	DECFSZ     R12, 1
0x01AB	0x29A8      	GOTO       L_lcd_init35
0x01AC	0x0000      	NOP
0x01AD	0x0000      	NOP
;lcd.c,274 :: 		lcd_put_byte(0,DON & CURSOR_OFF & BLINK_OFF);        // Bat hien thi, tat con tro, tat chop tat con tro.
0x01AE	0x1683      	BSF        STATUS, 5
0x01AF	0x01A8      	CLRF       FARG_lcd_put_byte_rs
0x01B0	0x300C      	MOVLW      12
0x01B1	0x00A9      	MOVWF      FARG_lcd_put_byte_b
0x01B2	0x2063      	CALL       _lcd_put_byte
;lcd.c,275 :: 		delay_ms(1);//while(lcd_busy());
0x01B3	0x3003      	MOVLW      3
0x01B4	0x00FC      	MOVWF      R12
0x01B5	0x3097      	MOVLW      151
0x01B6	0x00FD      	MOVWF      R13
L_lcd_init36:
0x01B7	0x0BFD      	DECFSZ     R13, 1
0x01B8	0x29B7      	GOTO       L_lcd_init36
0x01B9	0x0BFC      	DECFSZ     R12, 1
0x01BA	0x29B7      	GOTO       L_lcd_init36
0x01BB	0x0000      	NOP
0x01BC	0x0000      	NOP
;lcd.c,277 :: 		lcd_put_byte(0,0x01);                                 // Xoa man hinh va dua con tro ve dau dong.
0x01BD	0x1683      	BSF        STATUS, 5
0x01BE	0x01A8      	CLRF       FARG_lcd_put_byte_rs
0x01BF	0x3001      	MOVLW      1
0x01C0	0x00A9      	MOVWF      FARG_lcd_put_byte_b
0x01C1	0x2063      	CALL       _lcd_put_byte
;lcd.c,278 :: 		delay_ms(1);//while(lcd_busy());
0x01C2	0x3003      	MOVLW      3
0x01C3	0x00FC      	MOVWF      R12
0x01C4	0x3097      	MOVLW      151
0x01C5	0x00FD      	MOVWF      R13
L_lcd_init37:
0x01C6	0x0BFD      	DECFSZ     R13, 1
0x01C7	0x29C6      	GOTO       L_lcd_init37
0x01C8	0x0BFC      	DECFSZ     R12, 1
0x01C9	0x29C6      	GOTO       L_lcd_init37
0x01CA	0x0000      	NOP
0x01CB	0x0000      	NOP
;lcd.c,280 :: 		lcd_put_byte(0,SHIFT_DISP_LEFT);                        // Che do dich chuyen con tro.
0x01CC	0x1683      	BSF        STATUS, 5
0x01CD	0x01A8      	CLRF       FARG_lcd_put_byte_rs
0x01CE	0x3006      	MOVLW      6
0x01CF	0x00A9      	MOVWF      FARG_lcd_put_byte_b
0x01D0	0x2063      	CALL       _lcd_put_byte
;lcd.c,281 :: 		delay_ms(1);//while(lcd_busy());
0x01D1	0x3003      	MOVLW      3
0x01D2	0x00FC      	MOVWF      R12
0x01D3	0x3097      	MOVLW      151
0x01D4	0x00FD      	MOVWF      R13
L_lcd_init38:
0x01D5	0x0BFD      	DECFSZ     R13, 1
0x01D6	0x29D5      	GOTO       L_lcd_init38
0x01D7	0x0BFC      	DECFSZ     R12, 1
0x01D8	0x29D5      	GOTO       L_lcd_init38
0x01D9	0x0000      	NOP
0x01DA	0x0000      	NOP
;lcd.c,282 :: 		}
L_end_lcd_init:
0x01DB	0x0008      	RETURN
; end of _lcd_init
_sangduoi:
;Baitap3.c,19 :: 		void sangduoi()
;Baitap3.c,21 :: 		for( dem = 0; dem < 8; dem ++ )
0x01DC	0x1683      	BSF        STATUS, 5
0x01DD	0x1303      	BCF        STATUS, 6
0x01DE	0x01A0      	CLRF       _dem
L_sangduoi0:
0x01DF	0x3008      	MOVLW      8
0x01E0	0x0220      	SUBWF      _dem, 0
0x01E1	0x1803      	BTFSC      STATUS, 0
0x01E2	0x2A05      	GOTO       L_sangduoi1
;Baitap3.c,23 :: 		PORTD = (unsigned char)( 0x80 >> dem);
0x01E3	0x0820      	MOVF       _dem, 0
0x01E4	0x00F1      	MOVWF      R1
0x01E5	0x3080      	MOVLW      128
0x01E6	0x00F0      	MOVWF      R0
0x01E7	0x0871      	MOVF       R1, 0
L__sangduoi25:
0x01E8	0x1903      	BTFSC      STATUS, 2
0x01E9	0x29EE      	GOTO       L__sangduoi26
0x01EA	0x0CF0      	RRF        R0, 1
0x01EB	0x13F0      	BCF        R0, 7
0x01EC	0x3EFF      	ADDLW      255
0x01ED	0x29E8      	GOTO       L__sangduoi25
L__sangduoi26:
0x01EE	0x0870      	MOVF       R0, 0
0x01EF	0x1283      	BCF        STATUS, 5
0x01F0	0x0088      	MOVWF      PORTD
;Baitap3.c,24 :: 		delay_ms(500);
0x01F1	0x3006      	MOVLW      6
0x01F2	0x00FB      	MOVWF      R11
0x01F3	0x3013      	MOVLW      19
0x01F4	0x00FC      	MOVWF      R12
0x01F5	0x30AD      	MOVLW      173
0x01F6	0x00FD      	MOVWF      R13
L_sangduoi3:
0x01F7	0x0BFD      	DECFSZ     R13, 1
0x01F8	0x29F7      	GOTO       L_sangduoi3
0x01F9	0x0BFC      	DECFSZ     R12, 1
0x01FA	0x29F7      	GOTO       L_sangduoi3
0x01FB	0x0BFB      	DECFSZ     R11, 1
0x01FC	0x29F7      	GOTO       L_sangduoi3
0x01FD	0x0000      	NOP
0x01FE	0x0000      	NOP
;Baitap3.c,21 :: 		for( dem = 0; dem < 8; dem ++ )
0x01FF	0x1683      	BSF        STATUS, 5
0x0200	0x0A20      	INCF       _dem, 0
0x0201	0x00F0      	MOVWF      R0
0x0202	0x0870      	MOVF       R0, 0
0x0203	0x00A0      	MOVWF      _dem
;Baitap3.c,26 :: 		}
0x0204	0x29DF      	GOTO       L_sangduoi0
L_sangduoi1:
;Baitap3.c,27 :: 		}
L_end_sangduoi:
0x0205	0x0008      	RETURN
; end of _sangduoi
_main:
0x0206	0x227C      	CALL       636
;Baitap3.c,77 :: 		void main() {
;Baitap3.c,78 :: 		ANSEL = ANSELH = 0;
0x0207	0x1683      	BSF        STATUS, 5
0x0208	0x1703      	BSF        STATUS, 6
0x0209	0x0189      	CLRF       ANSELH
0x020A	0x0188      	CLRF       ANSEL
;Baitap3.c,79 :: 		TRISB = 0xC0;
0x020B	0x30C0      	MOVLW      192
0x020C	0x0086      	MOVWF      TRISB
;Baitap3.c,80 :: 		TRISD = 0;
0x020D	0x1303      	BCF        STATUS, 6
0x020E	0x0188      	CLRF       TRISD
;Baitap3.c,82 :: 		GIE_BIT = 1;
0x020F	0x178B      	BSF        GIE_bit, BitPos(GIE_bit+0)
;Baitap3.c,83 :: 		RBIE_BIT = 1;
0x0210	0x158B      	BSF        RBIE_bit, BitPos(RBIE_bit+0)
;Baitap3.c,84 :: 		RBIF_BIT = 0;
0x0211	0x100B      	BCF        RBIF_bit, BitPos(RBIF_bit+0)
;Baitap3.c,86 :: 		NOT_RBPU_BIT = 0;
0x0212	0x1381      	BCF        NOT_RBPU_bit, BitPos(NOT_RBPU_bit+0)
;Baitap3.c,87 :: 		WPUB = 0xC0;
0x0213	0x30C0      	MOVLW      192
0x0214	0x0095      	MOVWF      WPUB
;Baitap3.c,88 :: 		IOCB = 0xC0;
0x0215	0x30C0      	MOVLW      192
0x0216	0x0096      	MOVWF      IOCB
;Baitap3.c,90 :: 		lcd_init();
0x0217	0x2157      	CALL       _lcd_init
;Baitap3.c,91 :: 		napkitudacbiet();
0x0218	0x2130      	CALL       _napkitudacbiet
;Baitap3.c,92 :: 		PORTD = 0x00;
0x0219	0x1283      	BCF        STATUS, 5
0x021A	0x0188      	CLRF       PORTD
;Baitap3.c,93 :: 		temp = PORTB;
0x021B	0x0806      	MOVF       PORTB, 0
0x021C	0x00EF      	MOVWF      _temp
;Baitap3.c,95 :: 		while(1)
L_main21:
;Baitap3.c,97 :: 		hienthilcd();
0x021D	0x20F1      	CALL       _hienthilcd
;Baitap3.c,98 :: 		delay_ms(500);
0x021E	0x3006      	MOVLW      6
0x021F	0x00FB      	MOVWF      R11
0x0220	0x3013      	MOVLW      19
0x0221	0x00FC      	MOVWF      R12
0x0222	0x30AD      	MOVLW      173
0x0223	0x00FD      	MOVWF      R13
L_main23:
0x0224	0x0BFD      	DECFSZ     R13, 1
0x0225	0x2A24      	GOTO       L_main23
0x0226	0x0BFC      	DECFSZ     R12, 1
0x0227	0x2A24      	GOTO       L_main23
0x0228	0x0BFB      	DECFSZ     R11, 1
0x0229	0x2A24      	GOTO       L_main23
0x022A	0x0000      	NOP
0x022B	0x0000      	NOP
;Baitap3.c,99 :: 		}
0x022C	0x2A1D      	GOTO       L_main21
;Baitap3.c,100 :: 		}
L_end_main:
0x022D	0x2A2D      	GOTO       $+0
; end of _main
0x027C	0x3024      	MOVLW      36
0x027D	0x0084      	MOVWF      FSR
0x027E	0x3049      	MOVLW      73
0x027F	0x1283      	BCF        STATUS, 5
0x0280	0x1303      	BCF        STATUS, 6
0x0281	0x00F0      	MOVWF      R0
0x0282	0x3033      	MOVLW      51
0x0283	0x00ED      	MOVWF      ___DoICPAddr
0x0284	0x3002      	MOVLW      2
0x0285	0x00EE      	MOVWF      110
0x0286	0x214B      	CALL       331
0x0287	0x0008      	RETURN
;Baitap3.c,0 :: ?ICS_kitudacbiet
0x0233	0x3408 ;?ICS_kitudacbiet+0
0x0234	0x3404 ;?ICS_kitudacbiet+1
0x0235	0x340E ;?ICS_kitudacbiet+2
0x0236	0x3401 ;?ICS_kitudacbiet+3
0x0237	0x340F ;?ICS_kitudacbiet+4
0x0238	0x3411 ;?ICS_kitudacbiet+5
0x0239	0x340F ;?ICS_kitudacbiet+6
0x023A	0x3400 ;?ICS_kitudacbiet+7
0x023B	0x340E ;?ICS_kitudacbiet+8
0x023C	0x3411 ;?ICS_kitudacbiet+9
0x023D	0x340E ;?ICS_kitudacbiet+10
0x023E	0x3401 ;?ICS_kitudacbiet+11
0x023F	0x340F ;?ICS_kitudacbiet+12
0x0240	0x3411 ;?ICS_kitudacbiet+13
0x0241	0x340F ;?ICS_kitudacbiet+14
0x0242	0x3404 ;?ICS_kitudacbiet+15
0x0243	0x3402 ;?ICS_kitudacbiet+16
0x0244	0x3415 ;?ICS_kitudacbiet+17
0x0245	0x340E ;?ICS_kitudacbiet+18
0x0246	0x3401 ;?ICS_kitudacbiet+19
0x0247	0x340F ;?ICS_kitudacbiet+20
0x0248	0x3411 ;?ICS_kitudacbiet+21
0x0249	0x340F ;?ICS_kitudacbiet+22
0x024A	0x3400 ;?ICS_kitudacbiet+23
0x024B	0x3402 ;?ICS_kitudacbiet+24
0x024C	0x3404 ;?ICS_kitudacbiet+25
0x024D	0x3409 ;?ICS_kitudacbiet+26
0x024E	0x3413 ;?ICS_kitudacbiet+27
0x024F	0x3412 ;?ICS_kitudacbiet+28
0x0250	0x3412 ;?ICS_kitudacbiet+29
0x0251	0x341F ;?ICS_kitudacbiet+30
0x0252	0x3400 ;?ICS_kitudacbiet+31
0x0253	0x340E ;?ICS_kitudacbiet+32
0x0254	0x3411 ;?ICS_kitudacbiet+33
0x0255	0x340E ;?ICS_kitudacbiet+34
0x0256	0x3411 ;?ICS_kitudacbiet+35
0x0257	0x341F ;?ICS_kitudacbiet+36
0x0258	0x3410 ;?ICS_kitudacbiet+37
0x0259	0x340F ;?ICS_kitudacbiet+38
0x025A	0x3400 ;?ICS_kitudacbiet+39
0x025B	0x340E ;?ICS_kitudacbiet+40
0x025C	0x3409 ;?ICS_kitudacbiet+41
0x025D	0x3409 ;?ICS_kitudacbiet+42
0x025E	0x341D ;?ICS_kitudacbiet+43
0x025F	0x3409 ;?ICS_kitudacbiet+44
0x0260	0x3409 ;?ICS_kitudacbiet+45
0x0261	0x340E ;?ICS_kitudacbiet+46
0x0262	0x3400 ;?ICS_kitudacbiet+47
0x0263	0x3499 ;?ICS_kitudacbiet+48
; end of ?ICS_kitudacbiet
;Baitap3.c,0 :: ?ICS_len1
0x0264	0x340C ;?ICS_len1+0
; end of ?ICS_len1
;Baitap3.c,0 :: ?ICS_line1
0x0265	0x3442 ;?ICS_line1+0
0x0266	0x3400 ;?ICS_line1+1
0x0267	0x3469 ;?ICS_line1+2
0x0268	0x3420 ;?ICS_line1+3
0x0269	0x3454 ;?ICS_line1+4
0x026A	0x3401 ;?ICS_line1+5
0x026B	0x3470 ;?ICS_line1+6
0x026C	0x3420 ;?ICS_line1+7
0x026D	0x344E ;?ICS_line1+8
0x026E	0x3467 ;?ICS_line1+9
0x026F	0x3402 ;?ICS_line1+10
0x0270	0x3474 ;?ICS_line1+11
; end of ?ICS_line1
;Baitap3.c,0 :: ?ICS_len2
0x0271	0x340A ;?ICS_len2+0
; end of ?ICS_len2
;Baitap3.c,0 :: ?ICS_line2
0x0272	0x344C ;?ICS_line2+0
0x0273	0x3404 ;?ICS_line2+1
0x0274	0x3420 ;?ICS_line2+2
0x0275	0x3441 ;?ICS_line2+3
0x0276	0x346E ;?ICS_line2+4
0x0277	0x3468 ;?ICS_line2+5
0x0278	0x3420 ;?ICS_line2+6
0x0279	0x3405 ;?ICS_line2+7
0x027A	0x3403 ;?ICS_line2+8
0x027B	0x3463 ;?ICS_line2+9
; end of ?ICS_line2
Symbol List:
//** Routines locations **
//ADDRESS    SIZE    PROCEDURE
//----------------------------------------------
0x0004      [54]    _interrupt
0x003A      [41]    _lcd_put_nibble
0x0063      [41]    _lcd_put_byte
0x008C      [21]    _lcd_gotoxy
0x00A1      [73]    _lcd_putc
0x00EA       [7]    _____DoICP
0x00F1      [63]    _hienthilcd
0x0130      [27]    _napkitudacbiet
0x014B      [12]    ___CC2DW
0x0157     [133]    _lcd_init
0x01DC      [42]    _sangduoi
0x0206      [39]    _main
//** Variables locations ** 
//ADDRESS    SIZE    VARIABLE
//----------------------------------------------
0x0000       [1]    INDF
0x0002       [1]    PCL
0x0003       [1]    STATUS
0x0004       [1]    FSR
0x0006       [0]    RB5_bit
0x0006       [1]    PORTB
0x0006       [0]    RB6_bit
0x0006       [0]    RB7_bit
0x0006       [0]    RB2_bit
0x0006       [0]    RB1_bit
0x0006       [0]    RB0_bit
0x0006       [0]    RB4_bit
0x0006       [0]    RB3_bit
0x0008       [1]    PORTD
0x000A       [1]    PCLATH
0x000B       [0]    RBIE_bit
0x000B       [0]    RBIF_bit
0x000B       [0]    GIE_bit
0x0024      [49]    _kitudacbiet
0x0055       [1]    _len1
0x0056      [12]    _line1
0x0062       [1]    _len2
0x0063      [10]    _line2
0x006D       [2]    ___DoICPAddr
0x006F       [1]    _temp
0x0070       [1]    R0
0x0071       [1]    R1
0x0072       [1]    R2
0x0073       [1]    R3
0x0074       [1]    R4
0x0075       [1]    R5
0x0076       [1]    R6
0x0077       [1]    R7
0x0078       [1]    R8
0x0079       [1]    R9
0x007A       [1]    R10
0x007B       [1]    R11
0x007C       [1]    R12
0x007D       [1]    R13
0x007E       [1]    R14
0x007F       [1]    R15
0x0081       [0]    NOT_RBPU_bit
0x0086       [0]    TRISB5_bit
0x0086       [0]    TRISB4_bit
0x0086       [0]    TRISB0_bit
0x0086       [0]    TRISB2_bit
0x0086       [1]    TRISB
0x0086       [0]    TRISB3_bit
0x0086       [0]    TRISB1_bit
0x0088       [1]    TRISD
0x0095       [1]    WPUB
0x0096       [1]    IOCB
0x00A0       [1]    _dem
0x00A1       [1]    ___savePCLATH
0x00A2       [1]    ___saveSTATUS
0x00A3       [1]    hienthilcd_i_L0
0x00A3       [1]    napkitudacbiet_i_L0
0x00A4       [1]    FARG_lcd_putc_c
0x00A5       [1]    FARG_lcd_gotoxy_col
0x00A6       [1]    FARG_lcd_gotoxy_row
0x00A7       [1]    lcd_gotoxy_address_L0
0x00A8       [1]    FARG_lcd_put_byte_rs
0x00A9       [1]    FARG_lcd_put_byte_b
0x00AA       [1]    FARG_lcd_put_nibble_b
0x0188       [1]    ANSEL
0x0189       [1]    ANSELH
//** Constants locations ** 
//ADDRESS    SIZE    CONSTANT
//----------------------------------------------
0x0233      [49]    ?ICS_kitudacbiet
0x0264       [1]    ?ICS_len1
0x0265      [12]    ?ICS_line1
0x0271       [1]    ?ICS_len2
0x0272      [10]    ?ICS_line2
