;  LST file generated by mikroListExporter - v.2.0 
; Date/Time: 10/4/2025 11:57:12 AM
;----------------------------------------------

;Address Opcode 	ASM
0x0000	0x283C      	GOTO       60
_interrupt:
0x0004	0x00FF      	MOVWF      R15
0x0005	0x0E03      	SWAPF      STATUS, 0
0x0006	0x0183      	CLRF       STATUS
0x0007	0x00AE      	MOVWF      ___saveSTATUS
0x0008	0x080A      	MOVF       PCLATH, 0
0x0009	0x00AF      	MOVWF      ___savePCLATH
0x000A	0x018A      	CLRF       PCLATH
;Baitap1_Tuan3.c,17 :: 		void interrupt()
;Baitap1_Tuan3.c,19 :: 		if( INTF_BIT )
0x000B	0x1C8B      	BTFSS      INTF_bit, BitPos(INTF_bit+0)
0x000C	0x2811      	GOTO       L_interrupt0
;Baitap1_Tuan3.c,21 :: 		temp = PORTB;
0x000D	0x0806      	MOVF       PORTB, 0
0x000E	0x00AB      	MOVWF      _temp
;Baitap1_Tuan3.c,22 :: 		push_count++;
0x000F	0x0AAA      	INCF       Baitap1_Tuan3_push_count, 1
;Baitap1_Tuan3.c,23 :: 		INTF_BIT = 0;
0x0010	0x108B      	BCF        INTF_bit, BitPos(INTF_bit+0)
;Baitap1_Tuan3.c,24 :: 		}
L_interrupt0:
;Baitap1_Tuan3.c,25 :: 		}
L_end_interrupt:
L__interrupt4:
0x0011	0x082F      	MOVF       ___savePCLATH, 0
0x0012	0x008A      	MOVWF      PCLATH
0x0013	0x0E2E      	SWAPF      ___saveSTATUS, 0
0x0014	0x0083      	MOVWF      STATUS
0x0015	0x0EFF      	SWAPF      R15, 1
0x0016	0x0E7F      	SWAPF      R15, 0
0x0017	0x0009      	RETFIE
; end of _interrupt
_____DoICP:
;__Lib_System.c,6 :: 		
;__Lib_System.c,9 :: 		
0x0018	0x1283      	BCF        STATUS, 5
0x0019	0x1303      	BCF        STATUS, 6
0x001A	0x082D      	MOVF       ___DoICPAddr+1, 0
0x001B	0x008A      	MOVWF      PCLATH
;__Lib_System.c,10 :: 		
0x001C	0x082C      	MOVF       ___DoICPAddr, 0
0x001D	0x0082      	MOVWF      PCL
;__Lib_System.c,12 :: 		
L_end_____DoICP:
0x001E	0x0008      	RETURN
; end of _____DoICP
___CC2DW:
;__Lib_System.c,134 :: 		
;__Lib_System.c,137 :: 		
_CC2D_Loop1:
;__Lib_System.c,139 :: 		
0x001F	0x2018      	CALL       _____DoICP
0x0020	0x118A      	BCF        PCLATH, 3
0x0021	0x120A      	BCF        PCLATH, 4
;__Lib_System.c,141 :: 		
0x0022	0x0080      	MOVWF      INDF
;__Lib_System.c,142 :: 		
0x0023	0x0A84      	INCF       FSR, 1
;__Lib_System.c,143 :: 		
0x0024	0x0AAC      	INCF       ___DoICPAddr, 1
;__Lib_System.c,145 :: 		
0x0025	0x1903      	BTFSC      STATUS, 2
;__Lib_System.c,146 :: 		
0x0026	0x0AAD      	INCF       ___DoICPAddr+1, 1
;__Lib_System.c,147 :: 		
0x0027	0x03F0      	DECF       R0, 1
;__Lib_System.c,149 :: 		
0x0028	0x1D03      	BTFSS      STATUS, 2
;__Lib_System.c,150 :: 		
0x0029	0x281F      	GOTO       _CC2D_Loop1
;__Lib_System.c,152 :: 		
L_end___CC2DW:
0x002A	0x0008      	RETURN
; end of ___CC2DW
_Div_8X8_U:
;__Lib_Math.c,189 :: 		
;__Lib_Math.c,196 :: 		
0x002B	0x1283      	BCF        STATUS, 5
;__Lib_Math.c,197 :: 		
0x002C	0x1303      	BCF        STATUS, 6
;__Lib_Math.c,198 :: 		
0x002D	0x01F8      	CLRF       R8
;__Lib_Math.c,199 :: 		
0x002E	0x3008      	MOVLW      8
;__Lib_Math.c,200 :: 		
0x002F	0x00FC      	MOVWF      R12
;__Lib_Math.c,201 :: 		
0x0030	0x0D70      	RLF        R0, 0
;__Lib_Math.c,202 :: 		
0x0031	0x0DF8      	RLF        R8, 1
;__Lib_Math.c,203 :: 		
0x0032	0x0874      	MOVF       R4, 0
;__Lib_Math.c,204 :: 		
0x0033	0x02F8      	SUBWF      R8, 1
;__Lib_Math.c,205 :: 		
0x0034	0x1803      	BTFSC      STATUS, 0
;__Lib_Math.c,206 :: 		
0x0035	0x2838      	GOTO       $+3
;__Lib_Math.c,207 :: 		
0x0036	0x07F8      	ADDWF      R8, 1
;__Lib_Math.c,208 :: 		
0x0037	0x1003      	BCF        STATUS, 0
;__Lib_Math.c,209 :: 		
0x0038	0x0DF0      	RLF        R0, 1
;__Lib_Math.c,210 :: 		
0x0039	0x0BFC      	DECFSZ     R12, 1
;__Lib_Math.c,211 :: 		
0x003A	0x2830      	GOTO       $-10
;__Lib_Math.c,213 :: 		
L_end_Div_8X8_U:
0x003B	0x0008      	RETURN
; end of _Div_8X8_U
_main:
0x003C	0x303F      	MOVLW      63
0x003D	0x1283      	BCF        STATUS, 5
0x003E	0x1303      	BCF        STATUS, 6
0x003F	0x00A0      	MOVWF      _seven_LED
0x0040	0x3006      	MOVLW      6
0x0041	0x00A1      	MOVWF      33
0x0042	0x305B      	MOVLW      91
0x0043	0x00A2      	MOVWF      34
0x0044	0x304F      	MOVLW      79
0x0045	0x00A3      	MOVWF      35
0x0046	0x3066      	MOVLW      102
0x0047	0x00A4      	MOVWF      36
0x0048	0x306D      	MOVLW      109
0x0049	0x00A5      	MOVWF      37
0x004A	0x307D      	MOVLW      125
0x004B	0x00A6      	MOVWF      38
0x004C	0x3007      	MOVLW      7
0x004D	0x00A7      	MOVWF      39
0x004E	0x307F      	MOVLW      127
0x004F	0x00A8      	MOVWF      40
0x0050	0x306F      	MOVLW      111
0x0051	0x00A9      	MOVWF      41
;Baitap1_Tuan3.c,26 :: 		void main ()
;Baitap1_Tuan3.c,28 :: 		ANSEL = ANSELH = 0;
0x0052	0x1683      	BSF        STATUS, 5
0x0053	0x1703      	BSF        STATUS, 6
0x0054	0x0189      	CLRF       ANSELH
0x0055	0x0188      	CLRF       ANSEL
;Baitap1_Tuan3.c,29 :: 		TRISD = 0;
0x0056	0x1303      	BCF        STATUS, 6
0x0057	0x0188      	CLRF       TRISD
;Baitap1_Tuan3.c,30 :: 		TRISA = 0;
0x0058	0x0185      	CLRF       TRISA
;Baitap1_Tuan3.c,31 :: 		PORTA = 0x01;
0x0059	0x3001      	MOVLW      1
0x005A	0x1283      	BCF        STATUS, 5
0x005B	0x0085      	MOVWF      PORTA
;Baitap1_Tuan3.c,33 :: 		TRISB = 0x01;
0x005C	0x3001      	MOVLW      1
0x005D	0x1683      	BSF        STATUS, 5
0x005E	0x0086      	MOVWF      TRISB
;Baitap1_Tuan3.c,34 :: 		NOT_RBPU_BIT = 0;
0x005F	0x1381      	BCF        NOT_RBPU_bit, BitPos(NOT_RBPU_bit+0)
;Baitap1_Tuan3.c,35 :: 		WPUB = 0x01;
0x0060	0x3001      	MOVLW      1
0x0061	0x0095      	MOVWF      WPUB
;Baitap1_Tuan3.c,37 :: 		GIE_BIT = 1;
0x0062	0x178B      	BSF        GIE_bit, BitPos(GIE_bit+0)
;Baitap1_Tuan3.c,38 :: 		INTE_BIT = 1;
0x0063	0x160B      	BSF        INTE_bit, BitPos(INTE_bit+0)
;Baitap1_Tuan3.c,40 :: 		INTF_BIT = 0;
0x0064	0x108B      	BCF        INTF_bit, BitPos(INTF_bit+0)
;Baitap1_Tuan3.c,41 :: 		INTEDG_BIT = 1;
0x0065	0x1701      	BSF        INTEDG_bit, BitPos(INTEDG_bit+0)
;Baitap1_Tuan3.c,43 :: 		push_count = 0;
0x0066	0x1283      	BCF        STATUS, 5
0x0067	0x01AA      	CLRF       Baitap1_Tuan3_push_count
;Baitap1_Tuan3.c,44 :: 		temp = PORTB;
0x0068	0x0806      	MOVF       PORTB, 0
0x0069	0x00AB      	MOVWF      _temp
;Baitap1_Tuan3.c,45 :: 		while(1)
L_main1:
;Baitap1_Tuan3.c,47 :: 		PORTD = seven_LED[push_count%10];
0x006A	0x300A      	MOVLW      10
0x006B	0x00F4      	MOVWF      R4
0x006C	0x082A      	MOVF       Baitap1_Tuan3_push_count, 0
0x006D	0x00F0      	MOVWF      R0
0x006E	0x202B      	CALL       _Div_8X8_U
0x006F	0x0878      	MOVF       R8, 0
0x0070	0x00F0      	MOVWF      R0
0x0071	0x0870      	MOVF       R0, 0
0x0072	0x3E20      	ADDLW      _seven_LED
0x0073	0x0084      	MOVWF      FSR
0x0074	0x0800      	MOVF       INDF, 0
0x0075	0x0088      	MOVWF      PORTD
;Baitap1_Tuan3.c,48 :: 		}
0x0076	0x286A      	GOTO       L_main1
;Baitap1_Tuan3.c,49 :: 		}
L_end_main:
0x0077	0x2877      	GOTO       $+0
; end of _main
Symbol List:
//** Routines locations **
//ADDRESS    SIZE    PROCEDURE
//----------------------------------------------
0x0004      [20]    _interrupt
0x0018       [7]    _____DoICP
0x001F      [12]    ___CC2DW
0x002B      [17]    _Div_8X8_U
0x003C      [60]    _main
//** Variables locations ** 
//ADDRESS    SIZE    VARIABLE
//----------------------------------------------
0x0000       [1]    INDF
0x0002       [1]    PCL
0x0003       [1]    STATUS
0x0004       [1]    FSR
0x0005       [1]    PORTA
0x0006       [1]    PORTB
0x0008       [1]    PORTD
0x000A       [1]    PCLATH
0x000B       [0]    GIE_bit
0x000B       [0]    INTF_bit
0x000B       [0]    INTE_bit
0x0020      [10]    _seven_LED
0x002A       [1]    Baitap1_Tuan3_push_count
0x002B       [1]    _temp
0x002C       [2]    ___DoICPAddr
0x002E       [1]    ___saveSTATUS
0x002F       [1]    ___savePCLATH
0x0070       [1]    R0
0x0071       [1]    R1
0x0072       [1]    R2
0x0073       [1]    R3
0x0074       [1]    R4
0x0075       [1]    R5
0x0076       [1]    R6
0x0077       [1]    R7
0x0078       [1]    R8
0x0079       [1]    R9
0x007A       [1]    R10
0x007B       [1]    R11
0x007C       [1]    R12
0x007D       [1]    R13
0x007E       [1]    R14
0x007F       [1]    R15
0x0081       [0]    NOT_RBPU_bit
0x0081       [0]    INTEDG_bit
0x0085       [1]    TRISA
0x0086       [1]    TRISB
0x0088       [1]    TRISD
0x0095       [1]    WPUB
0x0188       [1]    ANSEL
0x0189       [1]    ANSELH
