;  LST file generated by mikroListExporter - v.2.0 
; Date/Time: 07/10/2025 1:31:14 AM
;----------------------------------------------

;Address Opcode 	ASM
0x0000	0x29B2      	GOTO       434
_lcd_put_nibble:
;lcd.c,103 :: 		void lcd_put_nibble(unsigned char b)
;lcd.c,109 :: 		LCD_DATA4_TRIS = 0;                // Cau hinh cac chan ket noi LCD.
0x0003	0x1683      	BSF        STATUS, 5
0x0004	0x1303      	BCF        STATUS, 6
0x0005	0x1006      	BCF        TRISB0_bit, BitPos(TRISB0_bit+0)
;lcd.c,110 :: 		LCD_DATA5_TRIS = 0;
0x0006	0x1086      	BCF        TRISB1_bit, BitPos(TRISB1_bit+0)
;lcd.c,111 :: 		LCD_DATA6_TRIS = 0;
0x0007	0x1106      	BCF        TRISB2_bit, BitPos(TRISB2_bit+0)
;lcd.c,112 :: 		LCD_DATA7_TRIS = 0;
0x0008	0x1186      	BCF        TRISB3_bit, BitPos(TRISB3_bit+0)
;lcd.c,114 :: 		temp.Val = b;
0x0009	0x1283      	BCF        STATUS, 5
0x000A	0x084F      	MOVF       FARG_lcd_put_nibble_b, 0
0x000B	0x00F0      	MOVWF      R0
;lcd.c,116 :: 		LCD_DATA4 = temp.bits.b0;        // Gui 4 bit thap.
0x000C	0x1870      	BTFSC      R0, 0
0x000D	0x2810      	GOTO       L__lcd_put_nibble69
0x000E	0x1006      	BCF        RB0_bit, BitPos(RB0_bit+0)
0x000F	0x2811      	GOTO       L__lcd_put_nibble70
L__lcd_put_nibble69:
0x0010	0x1406      	BSF        RB0_bit, BitPos(RB0_bit+0)
L__lcd_put_nibble70:
;lcd.c,117 :: 		LCD_DATA5 = temp.bits.b1;
0x0011	0x18F0      	BTFSC      R0, 1
0x0012	0x2815      	GOTO       L__lcd_put_nibble71
0x0013	0x1086      	BCF        RB1_bit, BitPos(RB1_bit+0)
0x0014	0x2816      	GOTO       L__lcd_put_nibble72
L__lcd_put_nibble71:
0x0015	0x1486      	BSF        RB1_bit, BitPos(RB1_bit+0)
L__lcd_put_nibble72:
;lcd.c,118 :: 		LCD_DATA6 = temp.bits.b2;
0x0016	0x1970      	BTFSC      R0, 2
0x0017	0x281A      	GOTO       L__lcd_put_nibble73
0x0018	0x1106      	BCF        RB2_bit, BitPos(RB2_bit+0)
0x0019	0x281B      	GOTO       L__lcd_put_nibble74
L__lcd_put_nibble73:
0x001A	0x1506      	BSF        RB2_bit, BitPos(RB2_bit+0)
L__lcd_put_nibble74:
;lcd.c,119 :: 		LCD_DATA7 = temp.bits.b3;
0x001B	0x19F0      	BTFSC      R0, 3
0x001C	0x281F      	GOTO       L__lcd_put_nibble75
0x001D	0x1186      	BCF        RB3_bit, BitPos(RB3_bit+0)
0x001E	0x2820      	GOTO       L__lcd_put_nibble76
L__lcd_put_nibble75:
0x001F	0x1586      	BSF        RB3_bit, BitPos(RB3_bit+0)
L__lcd_put_nibble76:
;lcd.c,121 :: 		delay_us(20);
0x0020	0x300D      	MOVLW      13
0x0021	0x00FD      	MOVWF      R13
L_lcd_put_nibble11:
0x0022	0x0BFD      	DECFSZ     R13, 1
0x0023	0x2822      	GOTO       L_lcd_put_nibble11
;lcd.c,122 :: 		LCD_EN =  1;
0x0024	0x1686      	BSF        RB5_bit, BitPos(RB5_bit+0)
;lcd.c,123 :: 		delay_us(20);
0x0025	0x300D      	MOVLW      13
0x0026	0x00FD      	MOVWF      R13
L_lcd_put_nibble12:
0x0027	0x0BFD      	DECFSZ     R13, 1
0x0028	0x2827      	GOTO       L_lcd_put_nibble12
;lcd.c,124 :: 		LCD_EN = 0;
0x0029	0x1286      	BCF        RB5_bit, BitPos(RB5_bit+0)
;lcd.c,125 :: 		}
L_end_lcd_put_nibble:
0x002A	0x0008      	RETURN
; end of _lcd_put_nibble
_lcd_put_byte:
;lcd.c,134 :: 		void lcd_put_byte(unsigned char rs, unsigned char b)
;lcd.c,139 :: 		LCD_DATA4_TRIS = 0;                // Cau hinh cac chan ket noi LCD.
0x002B	0x1683      	BSF        STATUS, 5
0x002C	0x1303      	BCF        STATUS, 6
0x002D	0x1006      	BCF        TRISB0_bit, BitPos(TRISB0_bit+0)
;lcd.c,140 :: 		LCD_DATA5_TRIS = 0;
0x002E	0x1086      	BCF        TRISB1_bit, BitPos(TRISB1_bit+0)
;lcd.c,141 :: 		LCD_DATA6_TRIS = 0;
0x002F	0x1106      	BCF        TRISB2_bit, BitPos(TRISB2_bit+0)
;lcd.c,142 :: 		LCD_DATA7_TRIS = 0;
0x0030	0x1186      	BCF        TRISB3_bit, BitPos(TRISB3_bit+0)
;lcd.c,144 :: 		if(rs)
0x0031	0x1283      	BCF        STATUS, 5
0x0032	0x084D      	MOVF       FARG_lcd_put_byte_rs, 0
0x0033	0x1903      	BTFSC      STATUS, 2
0x0034	0x2837      	GOTO       L_lcd_put_byte13
;lcd.c,145 :: 		LCD_RS = 1;
0x0035	0x1606      	BSF        RB4_bit, BitPos(RB4_bit+0)
0x0036	0x2838      	GOTO       L_lcd_put_byte14
L_lcd_put_byte13:
;lcd.c,147 :: 		LCD_RS = 0;
0x0037	0x1206      	BCF        RB4_bit, BitPos(RB4_bit+0)
L_lcd_put_byte14:
;lcd.c,148 :: 		delay_us(20);
0x0038	0x300D      	MOVLW      13
0x0039	0x00FD      	MOVWF      R13
L_lcd_put_byte15:
0x003A	0x0BFD      	DECFSZ     R13, 1
0x003B	0x283A      	GOTO       L_lcd_put_byte15
;lcd.c,151 :: 		delay_us(20);
0x003C	0x300D      	MOVLW      13
0x003D	0x00FD      	MOVWF      R13
L_lcd_put_byte16:
0x003E	0x0BFD      	DECFSZ     R13, 1
0x003F	0x283E      	GOTO       L_lcd_put_byte16
;lcd.c,153 :: 		LCD_EN = 0;
0x0040	0x1286      	BCF        RB5_bit, BitPos(RB5_bit+0)
;lcd.c,155 :: 		lcd_put_nibble(b >> 4);                // Gui 4 bit cao.
0x0041	0x084E      	MOVF       FARG_lcd_put_byte_b, 0
0x0042	0x00CF      	MOVWF      FARG_lcd_put_nibble_b
0x0043	0x0CCF      	RRF        FARG_lcd_put_nibble_b, 1
0x0044	0x13CF      	BCF        FARG_lcd_put_nibble_b, 7
0x0045	0x0CCF      	RRF        FARG_lcd_put_nibble_b, 1
0x0046	0x13CF      	BCF        FARG_lcd_put_nibble_b, 7
0x0047	0x0CCF      	RRF        FARG_lcd_put_nibble_b, 1
0x0048	0x13CF      	BCF        FARG_lcd_put_nibble_b, 7
0x0049	0x0CCF      	RRF        FARG_lcd_put_nibble_b, 1
0x004A	0x13CF      	BCF        FARG_lcd_put_nibble_b, 7
0x004B	0x2003      	CALL       _lcd_put_nibble
;lcd.c,157 :: 		lcd_put_nibble(b & 0xf);        // Gui 4 bit thap.
0x004C	0x300F      	MOVLW      15
0x004D	0x054E      	ANDWF      FARG_lcd_put_byte_b, 0
0x004E	0x00CF      	MOVWF      FARG_lcd_put_nibble_b
0x004F	0x2003      	CALL       _lcd_put_nibble
;lcd.c,158 :: 		}
L_end_lcd_put_byte:
0x0050	0x0008      	RETURN
; end of _lcd_put_byte
_lcd_gotoxy:
;lcd.c,167 :: 		void lcd_gotoxy(unsigned char col, unsigned char row)
;lcd.c,173 :: 		if(row!=0)                // Xac dinh ma qui dinh dia chi dong.
0x0051	0x1283      	BCF        STATUS, 5
0x0052	0x1303      	BCF        STATUS, 6
0x0053	0x084B      	MOVF       FARG_lcd_gotoxy_row, 0
0x0054	0x3A00      	XORLW      0
0x0055	0x1903      	BTFSC      STATUS, 2
0x0056	0x285A      	GOTO       L_lcd_gotoxy17
;lcd.c,174 :: 		address=0x40;        // Dong duoi.
0x0057	0x3040      	MOVLW      64
0x0058	0x00CC      	MOVWF      lcd_gotoxy_address_L0
0x0059	0x285B      	GOTO       L_lcd_gotoxy18
L_lcd_gotoxy17:
;lcd.c,176 :: 		address=0;                // Dong tren.
0x005A	0x01CC      	CLRF       lcd_gotoxy_address_L0
L_lcd_gotoxy18:
;lcd.c,178 :: 		address += col;
0x005B	0x084A      	MOVF       FARG_lcd_gotoxy_col, 0
0x005C	0x074C      	ADDWF      lcd_gotoxy_address_L0, 0
0x005D	0x00F0      	MOVWF      R0
0x005E	0x0870      	MOVF       R0, 0
0x005F	0x00CC      	MOVWF      lcd_gotoxy_address_L0
;lcd.c,180 :: 		lcd_put_byte(0,0x80|address);        // Gui lenh dieu khien sang LCD.
0x0060	0x01CD      	CLRF       FARG_lcd_put_byte_rs
0x0061	0x3080      	MOVLW      128
0x0062	0x0470      	IORWF      R0, 0
0x0063	0x00CE      	MOVWF      FARG_lcd_put_byte_b
0x0064	0x202B      	CALL       _lcd_put_byte
;lcd.c,182 :: 		}
L_end_lcd_gotoxy:
0x0065	0x0008      	RETURN
; end of _lcd_gotoxy
_lcd_putc:
;lcd.c,190 :: 		void lcd_putc(char c)
;lcd.c,195 :: 		switch(c)
0x0066	0x289C      	GOTO       L_lcd_putc19
;lcd.c,197 :: 		case '\f':                        // Xoa man hinh.
L_lcd_putc21:
;lcd.c,198 :: 		lcd_put_byte(0,1);
0x0067	0x1283      	BCF        STATUS, 5
0x0068	0x1303      	BCF        STATUS, 6
0x0069	0x01CD      	CLRF       FARG_lcd_put_byte_rs
0x006A	0x3001      	MOVLW      1
0x006B	0x00CE      	MOVWF      FARG_lcd_put_byte_b
0x006C	0x202B      	CALL       _lcd_put_byte
;lcd.c,199 :: 		delay_ms(5);
0x006D	0x300D      	MOVLW      13
0x006E	0x00FC      	MOVWF      R12
0x006F	0x30FB      	MOVLW      251
0x0070	0x00FD      	MOVWF      R13
L_lcd_putc22:
0x0071	0x0BFD      	DECFSZ     R13, 1
0x0072	0x2871      	GOTO       L_lcd_putc22
0x0073	0x0BFC      	DECFSZ     R12, 1
0x0074	0x2871      	GOTO       L_lcd_putc22
0x0075	0x0000      	NOP
0x0076	0x0000      	NOP
;lcd.c,200 :: 		break;
0x0077	0x28AB      	GOTO       L_lcd_putc20
;lcd.c,201 :: 		case '\n':                        // Xuong dong va dua con tro ve dau dong.
L_lcd_putc23:
;lcd.c,202 :: 		lcd_gotoxy(0,1);
0x0078	0x01CA      	CLRF       FARG_lcd_gotoxy_col
0x0079	0x3001      	MOVLW      1
0x007A	0x00CB      	MOVWF      FARG_lcd_gotoxy_row
0x007B	0x2051      	CALL       _lcd_gotoxy
;lcd.c,203 :: 		break;
0x007C	0x28AB      	GOTO       L_lcd_putc20
;lcd.c,204 :: 		case '\b':
L_lcd_putc24:
;lcd.c,205 :: 		lcd_put_byte(0,0x10);
0x007D	0x01CD      	CLRF       FARG_lcd_put_byte_rs
0x007E	0x3010      	MOVLW      16
0x007F	0x00CE      	MOVWF      FARG_lcd_put_byte_b
0x0080	0x202B      	CALL       _lcd_put_byte
;lcd.c,206 :: 		delay_ms(5);
0x0081	0x300D      	MOVLW      13
0x0082	0x00FC      	MOVWF      R12
0x0083	0x30FB      	MOVLW      251
0x0084	0x00FD      	MOVWF      R13
L_lcd_putc25:
0x0085	0x0BFD      	DECFSZ     R13, 1
0x0086	0x2885      	GOTO       L_lcd_putc25
0x0087	0x0BFC      	DECFSZ     R12, 1
0x0088	0x2885      	GOTO       L_lcd_putc25
0x0089	0x0000      	NOP
0x008A	0x0000      	NOP
;lcd.c,207 :: 		break;
0x008B	0x28AB      	GOTO       L_lcd_putc20
;lcd.c,208 :: 		default:        // Hien thi tat ca ky tu mac dinh trong LCD (c: dia chi HEX cua ky tu)
L_lcd_putc26:
;lcd.c,211 :: 		lcd_put_byte(1,c);
0x008C	0x3001      	MOVLW      1
0x008D	0x00CD      	MOVWF      FARG_lcd_put_byte_rs
0x008E	0x0849      	MOVF       FARG_lcd_putc_c, 0
0x008F	0x00CE      	MOVWF      FARG_lcd_put_byte_b
0x0090	0x202B      	CALL       _lcd_put_byte
;lcd.c,212 :: 		delay_ms(5);
0x0091	0x300D      	MOVLW      13
0x0092	0x00FC      	MOVWF      R12
0x0093	0x30FB      	MOVLW      251
0x0094	0x00FD      	MOVWF      R13
L_lcd_putc27:
0x0095	0x0BFD      	DECFSZ     R13, 1
0x0096	0x2895      	GOTO       L_lcd_putc27
0x0097	0x0BFC      	DECFSZ     R12, 1
0x0098	0x2895      	GOTO       L_lcd_putc27
0x0099	0x0000      	NOP
0x009A	0x0000      	NOP
;lcd.c,215 :: 		}
0x009B	0x28AB      	GOTO       L_lcd_putc20
L_lcd_putc19:
0x009C	0x1283      	BCF        STATUS, 5
0x009D	0x1303      	BCF        STATUS, 6
0x009E	0x0849      	MOVF       FARG_lcd_putc_c, 0
0x009F	0x3A0C      	XORLW      12
0x00A0	0x1903      	BTFSC      STATUS, 2
0x00A1	0x2867      	GOTO       L_lcd_putc21
0x00A2	0x0849      	MOVF       FARG_lcd_putc_c, 0
0x00A3	0x3A0A      	XORLW      10
0x00A4	0x1903      	BTFSC      STATUS, 2
0x00A5	0x2878      	GOTO       L_lcd_putc23
0x00A6	0x0849      	MOVF       FARG_lcd_putc_c, 0
0x00A7	0x3A08      	XORLW      8
0x00A8	0x1903      	BTFSC      STATUS, 2
0x00A9	0x287D      	GOTO       L_lcd_putc24
0x00AA	0x288C      	GOTO       L_lcd_putc26
L_lcd_putc20:
;lcd.c,216 :: 		}
L_end_lcd_putc:
0x00AB	0x0008      	RETURN
; end of _lcd_putc
_____DoICP:
;__Lib_System.c,6 :: 		
;__Lib_System.c,9 :: 		
0x00AC	0x1283      	BCF        STATUS, 5
0x00AD	0x1303      	BCF        STATUS, 6
0x00AE	0x0845      	MOVF       ___DoICPAddr+1, 0
0x00AF	0x008A      	MOVWF      PCLATH
;__Lib_System.c,10 :: 		
0x00B0	0x0844      	MOVF       ___DoICPAddr, 0
0x00B1	0x0082      	MOVWF      PCL
;__Lib_System.c,12 :: 		
L_end_____DoICP:
0x00B2	0x0008      	RETURN
; end of _____DoICP
_delaytimer1_50us:
;Baitap4_Tuan4.c,12 :: 		void delaytimer1_50us(unsigned int n)
;Baitap4_Tuan4.c,14 :: 		while(--n)
L_delaytimer1_50us0:
0x00B3	0x3001      	MOVLW      1
0x00B4	0x1283      	BCF        STATUS, 5
0x00B5	0x1303      	BCF        STATUS, 6
0x00B6	0x02C7      	SUBWF      FARG_delaytimer1_50us_n, 1
0x00B7	0x1C03      	BTFSS      STATUS, 0
0x00B8	0x03C8      	DECF       FARG_delaytimer1_50us_n+1, 1
0x00B9	0x0847      	MOVF       FARG_delaytimer1_50us_n, 0
0x00BA	0x0448      	IORWF      FARG_delaytimer1_50us_n+1, 0
0x00BB	0x1903      	BTFSC      STATUS, 2
0x00BC	0x28C6      	GOTO       L_delaytimer1_50us1
;Baitap4_Tuan4.c,16 :: 		TMR1H = 0xFF;
0x00BD	0x30FF      	MOVLW      255
0x00BE	0x008F      	MOVWF      TMR1H
;Baitap4_Tuan4.c,17 :: 		TMR1L = 0xE7;
0x00BF	0x30E7      	MOVLW      231
0x00C0	0x008E      	MOVWF      TMR1L
;Baitap4_Tuan4.c,18 :: 		TMR1IF_BIT = 0;
0x00C1	0x100C      	BCF        TMR1IF_bit, BitPos(TMR1IF_bit+0)
;Baitap4_Tuan4.c,19 :: 		while(TMR1IF_BIT);
L_delaytimer1_50us2:
0x00C2	0x1C0C      	BTFSS      TMR1IF_bit, BitPos(TMR1IF_bit+0)
0x00C3	0x28C5      	GOTO       L_delaytimer1_50us3
0x00C4	0x28C2      	GOTO       L_delaytimer1_50us2
L_delaytimer1_50us3:
;Baitap4_Tuan4.c,20 :: 		}
0x00C5	0x28B3      	GOTO       L_delaytimer1_50us0
L_delaytimer1_50us1:
;Baitap4_Tuan4.c,21 :: 		}
L_end_delaytimer1_50us:
0x00C6	0x0008      	RETURN
; end of _delaytimer1_50us
_lcd_puts:
;lcd.c,224 :: 		void lcd_puts(const char* s)
;lcd.c,229 :: 		while(*s)
L_lcd_puts28:
0x00C7	0x1283      	BCF        STATUS, 5
0x00C8	0x1303      	BCF        STATUS, 6
0x00C9	0x0847      	MOVF       FARG_lcd_puts_s, 0
0x00CA	0x00C4      	MOVWF      ___DoICPAddr
0x00CB	0x0848      	MOVF       FARG_lcd_puts_s+1, 0
0x00CC	0x00C5      	MOVWF      ___DoICPAddr+1
0x00CD	0x20AC      	CALL       _____DoICP
0x00CE	0x118A      	BCF        PCLATH, 3
0x00CF	0x120A      	BCF        PCLATH, 4
0x00D0	0x00F0      	MOVWF      R0
0x00D1	0x0870      	MOVF       R0, 0
0x00D2	0x1903      	BTFSC      STATUS, 2
0x00D3	0x28E1      	GOTO       L_lcd_puts29
;lcd.c,231 :: 		lcd_putc(*s++);
0x00D4	0x0847      	MOVF       FARG_lcd_puts_s, 0
0x00D5	0x00C4      	MOVWF      ___DoICPAddr
0x00D6	0x0848      	MOVF       FARG_lcd_puts_s+1, 0
0x00D7	0x00C5      	MOVWF      ___DoICPAddr+1
0x00D8	0x20AC      	CALL       _____DoICP
0x00D9	0x118A      	BCF        PCLATH, 3
0x00DA	0x120A      	BCF        PCLATH, 4
0x00DB	0x00C9      	MOVWF      FARG_lcd_putc_c
0x00DC	0x2066      	CALL       _lcd_putc
0x00DD	0x0AC7      	INCF       FARG_lcd_puts_s, 1
0x00DE	0x1903      	BTFSC      STATUS, 2
0x00DF	0x0AC8      	INCF       FARG_lcd_puts_s+1, 1
;lcd.c,232 :: 		}
0x00E0	0x28C7      	GOTO       L_lcd_puts28
L_lcd_puts29:
;lcd.c,233 :: 		}
L_end_lcd_puts:
0x00E1	0x0008      	RETURN
; end of _lcd_puts
_delaytimer1_350us:
;Baitap4_Tuan4.c,28 :: 		void delaytimer1_350us()
;Baitap4_Tuan4.c,30 :: 		delaytimer1_50us(7);
0x00E2	0x3007      	MOVLW      7
0x00E3	0x1283      	BCF        STATUS, 5
0x00E4	0x1303      	BCF        STATUS, 6
0x00E5	0x00C7      	MOVWF      FARG_delaytimer1_50us_n
0x00E6	0x3000      	MOVLW      0
0x00E7	0x00C8      	MOVWF      FARG_delaytimer1_50us_n+1
0x00E8	0x20B3      	CALL       _delaytimer1_50us
;Baitap4_Tuan4.c,31 :: 		}
L_end_delaytimer1_350us:
0x00E9	0x0008      	RETURN
; end of _delaytimer1_350us
_delaytimer1_150us:
;Baitap4_Tuan4.c,23 :: 		void delaytimer1_150us()
;Baitap4_Tuan4.c,25 :: 		delaytimer1_50us(3);
0x00EA	0x3003      	MOVLW      3
0x00EB	0x1283      	BCF        STATUS, 5
0x00EC	0x1303      	BCF        STATUS, 6
0x00ED	0x00C7      	MOVWF      FARG_delaytimer1_50us_n
0x00EE	0x3000      	MOVLW      0
0x00EF	0x00C8      	MOVWF      FARG_delaytimer1_50us_n+1
0x00F0	0x20B3      	CALL       _delaytimer1_50us
;Baitap4_Tuan4.c,26 :: 		}
L_end_delaytimer1_150us:
0x00F1	0x0008      	RETURN
; end of _delaytimer1_150us
_hienthilcd:
;Baitap4_Tuan4.c,45 :: 		void hienthilcd()
;Baitap4_Tuan4.c,48 :: 		lcd_putc('\f');
0x00F2	0x300C      	MOVLW      12
0x00F3	0x1283      	BCF        STATUS, 5
0x00F4	0x1303      	BCF        STATUS, 6
0x00F5	0x00C9      	MOVWF      FARG_lcd_putc_c
0x00F6	0x2066      	CALL       _lcd_putc
;Baitap4_Tuan4.c,49 :: 		lcd_gotoxy(0,0);
0x00F7	0x01CA      	CLRF       FARG_lcd_gotoxy_col
0x00F8	0x01CB      	CLRF       FARG_lcd_gotoxy_row
0x00F9	0x2051      	CALL       _lcd_gotoxy
;Baitap4_Tuan4.c,50 :: 		for( i = 0; i < len_line1; i++ )
0x00FA	0x01C6      	CLRF       hienthilcd_i_L0
L_hienthilcd6:
0x00FB	0x0820      	MOVF       _len_line1, 0
0x00FC	0x0246      	SUBWF      hienthilcd_i_L0, 0
0x00FD	0x1803      	BTFSC      STATUS, 0
0x00FE	0x2907      	GOTO       L_hienthilcd7
;Baitap4_Tuan4.c,52 :: 		lcd_putc( line1[i] );
0x00FF	0x0846      	MOVF       hienthilcd_i_L0, 0
0x0100	0x3E21      	ADDLW      _line1
0x0101	0x0084      	MOVWF      FSR
0x0102	0x0800      	MOVF       INDF, 0
0x0103	0x00C9      	MOVWF      FARG_lcd_putc_c
0x0104	0x2066      	CALL       _lcd_putc
;Baitap4_Tuan4.c,50 :: 		for( i = 0; i < len_line1; i++ )
0x0105	0x0AC6      	INCF       hienthilcd_i_L0, 1
;Baitap4_Tuan4.c,53 :: 		}
0x0106	0x28FB      	GOTO       L_hienthilcd6
L_hienthilcd7:
;Baitap4_Tuan4.c,54 :: 		lcd_gotoxy(0,1);
0x0107	0x01CA      	CLRF       FARG_lcd_gotoxy_col
0x0108	0x3001      	MOVLW      1
0x0109	0x00CB      	MOVWF      FARG_lcd_gotoxy_row
0x010A	0x2051      	CALL       _lcd_gotoxy
;Baitap4_Tuan4.c,55 :: 		lcd_puts("Pulse f=2KHz");
0x010B	0x30FF      	MOVLW      ?lstr_1_Baitap4_Tuan4
0x010C	0x00C7      	MOVWF      FARG_lcd_puts_s
0x010D	0x3001      	MOVLW      hi_addr(?lstr_1_Baitap4_Tuan4)
0x010E	0x00C8      	MOVWF      FARG_lcd_puts_s+1
0x010F	0x20C7      	CALL       _lcd_puts
;Baitap4_Tuan4.c,56 :: 		}
L_end_hienthilcd:
0x0110	0x0008      	RETURN
; end of _hienthilcd
_napkitudacbiet:
;Baitap4_Tuan4.c,33 :: 		void napkitudacbiet()
;Baitap4_Tuan4.c,36 :: 		lcd_put_byte(0, 0x40);
0x0111	0x1283      	BCF        STATUS, 5
0x0112	0x1303      	BCF        STATUS, 6
0x0113	0x01CD      	CLRF       FARG_lcd_put_byte_rs
0x0114	0x3040      	MOVLW      64
0x0115	0x00CE      	MOVWF      FARG_lcd_put_byte_b
0x0116	0x202B      	CALL       _lcd_put_byte
;Baitap4_Tuan4.c,37 :: 		while( kitudacbiet[i] != 0x99 )
L_napkitudacbiet4:
0x0117	0x0846      	MOVF       napkitudacbiet_i_L0, 0
0x0118	0x3E2B      	ADDLW      _kitudacbiet
0x0119	0x0084      	MOVWF      FSR
0x011A	0x0800      	MOVF       INDF, 0
0x011B	0x3A99      	XORLW      153
0x011C	0x1903      	BTFSC      STATUS, 2
0x011D	0x2928      	GOTO       L_napkitudacbiet5
;Baitap4_Tuan4.c,39 :: 		lcd_put_byte(1, kitudacbiet[i]);
0x011E	0x3001      	MOVLW      1
0x011F	0x00CD      	MOVWF      FARG_lcd_put_byte_rs
0x0120	0x0846      	MOVF       napkitudacbiet_i_L0, 0
0x0121	0x3E2B      	ADDLW      _kitudacbiet
0x0122	0x0084      	MOVWF      FSR
0x0123	0x0800      	MOVF       INDF, 0
0x0124	0x00CE      	MOVWF      FARG_lcd_put_byte_b
0x0125	0x202B      	CALL       _lcd_put_byte
;Baitap4_Tuan4.c,40 :: 		i++;
0x0126	0x0AC6      	INCF       napkitudacbiet_i_L0, 1
;Baitap4_Tuan4.c,41 :: 		}
0x0127	0x2917      	GOTO       L_napkitudacbiet4
L_napkitudacbiet5:
;Baitap4_Tuan4.c,43 :: 		}
L_end_napkitudacbiet:
0x0128	0x0008      	RETURN
; end of _napkitudacbiet
___CC2DW:
;__Lib_System.c,134 :: 		
;__Lib_System.c,137 :: 		
_CC2D_Loop1:
;__Lib_System.c,139 :: 		
0x0129	0x20AC      	CALL       _____DoICP
0x012A	0x118A      	BCF        PCLATH, 3
0x012B	0x120A      	BCF        PCLATH, 4
;__Lib_System.c,141 :: 		
0x012C	0x0080      	MOVWF      INDF
;__Lib_System.c,142 :: 		
0x012D	0x0A84      	INCF       FSR, 1
;__Lib_System.c,143 :: 		
0x012E	0x0AC4      	INCF       ___DoICPAddr, 1
;__Lib_System.c,145 :: 		
0x012F	0x1903      	BTFSC      STATUS, 2
;__Lib_System.c,146 :: 		
0x0130	0x0AC5      	INCF       ___DoICPAddr+1, 1
;__Lib_System.c,147 :: 		
0x0131	0x03F0      	DECF       R0, 1
;__Lib_System.c,149 :: 		
0x0132	0x1D03      	BTFSS      STATUS, 2
;__Lib_System.c,150 :: 		
0x0133	0x2929      	GOTO       _CC2D_Loop1
;__Lib_System.c,152 :: 		
L_end___CC2DW:
0x0134	0x0008      	RETURN
; end of ___CC2DW
_lcd_init:
;lcd.c,241 :: 		void lcd_init()
;lcd.c,247 :: 		LCD_EN_TRIS = 0;                // Cau hinh cac chan ket noi LCD.
0x0135	0x1683      	BSF        STATUS, 5
0x0136	0x1303      	BCF        STATUS, 6
0x0137	0x1286      	BCF        TRISB5_bit, BitPos(TRISB5_bit+0)
;lcd.c,248 :: 		LCD_RS_TRIS = 0;
0x0138	0x1206      	BCF        TRISB4_bit, BitPos(TRISB4_bit+0)
;lcd.c,250 :: 		LCD_DATA4_TRIS = 0;
0x0139	0x1006      	BCF        TRISB0_bit, BitPos(TRISB0_bit+0)
;lcd.c,251 :: 		LCD_DATA5_TRIS = 0;
0x013A	0x1086      	BCF        TRISB1_bit, BitPos(TRISB1_bit+0)
;lcd.c,252 :: 		LCD_DATA6_TRIS = 0;
0x013B	0x1106      	BCF        TRISB2_bit, BitPos(TRISB2_bit+0)
;lcd.c,253 :: 		LCD_DATA7_TRIS = 0;
0x013C	0x1186      	BCF        TRISB3_bit, BitPos(TRISB3_bit+0)
;lcd.c,255 :: 		delay_ms(15);                // Tao tre cho cap nguon LCD on dinh.
0x013D	0x3027      	MOVLW      39
0x013E	0x00FC      	MOVWF      R12
0x013F	0x30F5      	MOVLW      245
0x0140	0x00FD      	MOVWF      R13
L_lcd_init30:
0x0141	0x0BFD      	DECFSZ     R13, 1
0x0142	0x2941      	GOTO       L_lcd_init30
0x0143	0x0BFC      	DECFSZ     R12, 1
0x0144	0x2941      	GOTO       L_lcd_init30
;lcd.c,257 :: 		LCD_RS = 0;
0x0145	0x1283      	BCF        STATUS, 5
0x0146	0x1206      	BCF        RB4_bit, BitPos(RB4_bit+0)
;lcd.c,259 :: 		LCD_EN = 0;
0x0147	0x1286      	BCF        RB5_bit, BitPos(RB5_bit+0)
;lcd.c,261 :: 		lcd_put_nibble(3);        // Reset LCD
0x0148	0x3003      	MOVLW      3
0x0149	0x00CF      	MOVWF      FARG_lcd_put_nibble_b
0x014A	0x2003      	CALL       _lcd_put_nibble
;lcd.c,262 :: 		delay_ms(10);
0x014B	0x301A      	MOVLW      26
0x014C	0x00FC      	MOVWF      R12
0x014D	0x30F8      	MOVLW      248
0x014E	0x00FD      	MOVWF      R13
L_lcd_init31:
0x014F	0x0BFD      	DECFSZ     R13, 1
0x0150	0x294F      	GOTO       L_lcd_init31
0x0151	0x0BFC      	DECFSZ     R12, 1
0x0152	0x294F      	GOTO       L_lcd_init31
0x0153	0x0000      	NOP
;lcd.c,263 :: 		lcd_put_nibble(3);
0x0154	0x3003      	MOVLW      3
0x0155	0x00CF      	MOVWF      FARG_lcd_put_nibble_b
0x0156	0x2003      	CALL       _lcd_put_nibble
;lcd.c,264 :: 		delay_ms(10);
0x0157	0x301A      	MOVLW      26
0x0158	0x00FC      	MOVWF      R12
0x0159	0x30F8      	MOVLW      248
0x015A	0x00FD      	MOVWF      R13
L_lcd_init32:
0x015B	0x0BFD      	DECFSZ     R13, 1
0x015C	0x295B      	GOTO       L_lcd_init32
0x015D	0x0BFC      	DECFSZ     R12, 1
0x015E	0x295B      	GOTO       L_lcd_init32
0x015F	0x0000      	NOP
;lcd.c,265 :: 		lcd_put_nibble(3);
0x0160	0x3003      	MOVLW      3
0x0161	0x00CF      	MOVWF      FARG_lcd_put_nibble_b
0x0162	0x2003      	CALL       _lcd_put_nibble
;lcd.c,266 :: 		delay_ms(10);
0x0163	0x301A      	MOVLW      26
0x0164	0x00FC      	MOVWF      R12
0x0165	0x30F8      	MOVLW      248
0x0166	0x00FD      	MOVWF      R13
L_lcd_init33:
0x0167	0x0BFD      	DECFSZ     R13, 1
0x0168	0x2967      	GOTO       L_lcd_init33
0x0169	0x0BFC      	DECFSZ     R12, 1
0x016A	0x2967      	GOTO       L_lcd_init33
0x016B	0x0000      	NOP
;lcd.c,268 :: 		lcd_put_nibble(2);
0x016C	0x3002      	MOVLW      2
0x016D	0x00CF      	MOVWF      FARG_lcd_put_nibble_b
0x016E	0x2003      	CALL       _lcd_put_nibble
;lcd.c,269 :: 		delay_ms(1);//while(lcd_busy());
0x016F	0x3003      	MOVLW      3
0x0170	0x00FC      	MOVWF      R12
0x0171	0x3097      	MOVLW      151
0x0172	0x00FD      	MOVWF      R13
L_lcd_init34:
0x0173	0x0BFD      	DECFSZ     R13, 1
0x0174	0x2973      	GOTO       L_lcd_init34
0x0175	0x0BFC      	DECFSZ     R12, 1
0x0176	0x2973      	GOTO       L_lcd_init34
0x0177	0x0000      	NOP
0x0178	0x0000      	NOP
;lcd.c,271 :: 		lcd_put_byte(0,FOUR_BIT & LINES_5X7);                // Loai LCD.
0x0179	0x01CD      	CLRF       FARG_lcd_put_byte_rs
0x017A	0x3028      	MOVLW      40
0x017B	0x00CE      	MOVWF      FARG_lcd_put_byte_b
0x017C	0x202B      	CALL       _lcd_put_byte
;lcd.c,272 :: 		delay_ms(1);//while(lcd_busy());
0x017D	0x3003      	MOVLW      3
0x017E	0x00FC      	MOVWF      R12
0x017F	0x3097      	MOVLW      151
0x0180	0x00FD      	MOVWF      R13
L_lcd_init35:
0x0181	0x0BFD      	DECFSZ     R13, 1
0x0182	0x2981      	GOTO       L_lcd_init35
0x0183	0x0BFC      	DECFSZ     R12, 1
0x0184	0x2981      	GOTO       L_lcd_init35
0x0185	0x0000      	NOP
0x0186	0x0000      	NOP
;lcd.c,274 :: 		lcd_put_byte(0,DON & CURSOR_OFF & BLINK_OFF);        // Bat hien thi, tat con tro, tat chop tat con tro.
0x0187	0x01CD      	CLRF       FARG_lcd_put_byte_rs
0x0188	0x300C      	MOVLW      12
0x0189	0x00CE      	MOVWF      FARG_lcd_put_byte_b
0x018A	0x202B      	CALL       _lcd_put_byte
;lcd.c,275 :: 		delay_ms(1);//while(lcd_busy());
0x018B	0x3003      	MOVLW      3
0x018C	0x00FC      	MOVWF      R12
0x018D	0x3097      	MOVLW      151
0x018E	0x00FD      	MOVWF      R13
L_lcd_init36:
0x018F	0x0BFD      	DECFSZ     R13, 1
0x0190	0x298F      	GOTO       L_lcd_init36
0x0191	0x0BFC      	DECFSZ     R12, 1
0x0192	0x298F      	GOTO       L_lcd_init36
0x0193	0x0000      	NOP
0x0194	0x0000      	NOP
;lcd.c,277 :: 		lcd_put_byte(0,0x01);                                 // Xoa man hinh va dua con tro ve dau dong.
0x0195	0x01CD      	CLRF       FARG_lcd_put_byte_rs
0x0196	0x3001      	MOVLW      1
0x0197	0x00CE      	MOVWF      FARG_lcd_put_byte_b
0x0198	0x202B      	CALL       _lcd_put_byte
;lcd.c,278 :: 		delay_ms(1);//while(lcd_busy());
0x0199	0x3003      	MOVLW      3
0x019A	0x00FC      	MOVWF      R12
0x019B	0x3097      	MOVLW      151
0x019C	0x00FD      	MOVWF      R13
L_lcd_init37:
0x019D	0x0BFD      	DECFSZ     R13, 1
0x019E	0x299D      	GOTO       L_lcd_init37
0x019F	0x0BFC      	DECFSZ     R12, 1
0x01A0	0x299D      	GOTO       L_lcd_init37
0x01A1	0x0000      	NOP
0x01A2	0x0000      	NOP
;lcd.c,280 :: 		lcd_put_byte(0,SHIFT_DISP_LEFT);                        // Che do dich chuyen con tro.
0x01A3	0x01CD      	CLRF       FARG_lcd_put_byte_rs
0x01A4	0x3006      	MOVLW      6
0x01A5	0x00CE      	MOVWF      FARG_lcd_put_byte_b
0x01A6	0x202B      	CALL       _lcd_put_byte
;lcd.c,281 :: 		delay_ms(1);//while(lcd_busy());
0x01A7	0x3003      	MOVLW      3
0x01A8	0x00FC      	MOVWF      R12
0x01A9	0x3097      	MOVLW      151
0x01AA	0x00FD      	MOVWF      R13
L_lcd_init38:
0x01AB	0x0BFD      	DECFSZ     R13, 1
0x01AC	0x29AB      	GOTO       L_lcd_init38
0x01AD	0x0BFC      	DECFSZ     R12, 1
0x01AE	0x29AB      	GOTO       L_lcd_init38
0x01AF	0x0000      	NOP
0x01B0	0x0000      	NOP
;lcd.c,282 :: 		}
L_end_lcd_init:
0x01B1	0x0008      	RETURN
; end of _lcd_init
_main:
0x01B2	0x220C      	CALL       524
;Baitap4_Tuan4.c,58 :: 		void main()
;Baitap4_Tuan4.c,60 :: 		ANSEL = ANSELH = 0;
0x01B3	0x1683      	BSF        STATUS, 5
0x01B4	0x1703      	BSF        STATUS, 6
0x01B5	0x0189      	CLRF       ANSELH
0x01B6	0x0188      	CLRF       ANSEL
;Baitap4_Tuan4.c,61 :: 		TRISD0_BIT = 0;
0x01B7	0x1303      	BCF        STATUS, 6
0x01B8	0x1008      	BCF        TRISD0_bit, BitPos(TRISD0_bit+0)
;Baitap4_Tuan4.c,63 :: 		TMR1ON_BIT = 1;
0x01B9	0x1283      	BCF        STATUS, 5
0x01BA	0x1410      	BSF        TMR1ON_bit, BitPos(TMR1ON_bit+0)
;Baitap4_Tuan4.c,64 :: 		TMR1CS_BIT = 1;
0x01BB	0x1490      	BSF        TMR1CS_bit, BitPos(TMR1CS_bit+0)
;Baitap4_Tuan4.c,65 :: 		T1SYNC_BIT = 1;
0x01BC	0x1510      	BSF        T1SYNC_bit, BitPos(T1SYNC_bit+0)
;Baitap4_Tuan4.c,66 :: 		T1CKPS1_BIT = 1;
0x01BD	0x1690      	BSF        T1CKPS1_bit, BitPos(T1CKPS1_bit+0)
;Baitap4_Tuan4.c,67 :: 		T1CKPS0_BIT = 0;
0x01BE	0x1210      	BCF        T1CKPS0_bit, BitPos(T1CKPS0_bit+0)
;Baitap4_Tuan4.c,68 :: 		GIE_BIT = PEIE_BIT = TMR1IE_BIT = 0;
0x01BF	0x1683      	BSF        STATUS, 5
0x01C0	0x100C      	BCF        TMR1IE_bit, BitPos(TMR1IE_bit+0)
0x01C1	0x180C      	BTFSC      TMR1IE_bit, BitPos(TMR1IE_bit+0)
0x01C2	0x29C5      	GOTO       L__main17
0x01C3	0x130B      	BCF        PEIE_bit, BitPos(PEIE_bit+0)
0x01C4	0x29C6      	GOTO       L__main18
L__main17:
0x01C5	0x170B      	BSF        PEIE_bit, BitPos(PEIE_bit+0)
L__main18:
0x01C6	0x1B0B      	BTFSC      PEIE_bit, BitPos(PEIE_bit+0)
0x01C7	0x29CA      	GOTO       L__main19
0x01C8	0x138B      	BCF        GIE_bit, BitPos(GIE_bit+0)
0x01C9	0x29CB      	GOTO       L__main20
L__main19:
0x01CA	0x178B      	BSF        GIE_bit, BitPos(GIE_bit+0)
L__main20:
;Baitap4_Tuan4.c,70 :: 		TMR1IF_BIT = 0;
0x01CB	0x1283      	BCF        STATUS, 5
0x01CC	0x100C      	BCF        TMR1IF_bit, BitPos(TMR1IF_bit+0)
;Baitap4_Tuan4.c,72 :: 		lcd_init();
0x01CD	0x2135      	CALL       _lcd_init
;Baitap4_Tuan4.c,73 :: 		napkitudacbiet();
0x01CE	0x2111      	CALL       _napkitudacbiet
;Baitap4_Tuan4.c,74 :: 		hienthilcd();
0x01CF	0x20F2      	CALL       _hienthilcd
;Baitap4_Tuan4.c,75 :: 		while(1)
L_main9:
;Baitap4_Tuan4.c,77 :: 		RD0_BIT = 0;
0x01D0	0x1008      	BCF        RD0_bit, BitPos(RD0_bit+0)
;Baitap4_Tuan4.c,78 :: 		delaytimer1_350us();
0x01D1	0x20E2      	CALL       _delaytimer1_350us
;Baitap4_Tuan4.c,79 :: 		RD0_BIT = 1;
0x01D2	0x1408      	BSF        RD0_bit, BitPos(RD0_bit+0)
;Baitap4_Tuan4.c,80 :: 		delaytimer1_150us();
0x01D3	0x20EA      	CALL       _delaytimer1_150us
;Baitap4_Tuan4.c,81 :: 		}
0x01D4	0x29D0      	GOTO       L_main9
;Baitap4_Tuan4.c,83 :: 		}
L_end_main:
0x01D5	0x29D5      	GOTO       $+0
; end of _main
0x020C	0x3020      	MOVLW      32
0x020D	0x0084      	MOVWF      FSR
0x020E	0x3024      	MOVLW      36
0x020F	0x1283      	BCF        STATUS, 5
0x0210	0x1303      	BCF        STATUS, 6
0x0211	0x00F0      	MOVWF      R0
0x0212	0x30DB      	MOVLW      219
0x0213	0x00C4      	MOVWF      ___DoICPAddr
0x0214	0x3001      	MOVLW      1
0x0215	0x00C5      	MOVWF      69
0x0216	0x2129      	CALL       297
0x0217	0x0008      	RETURN
;Baitap4_Tuan4.c,0 :: ?ICS_len_line1
0x01DB	0x340A ;?ICS_len_line1+0
; end of ?ICS_len_line1
;Baitap4_Tuan4.c,0 :: ?ICS_line1
0x01DC	0x344C ;?ICS_line1+0
0x01DD	0x3400 ;?ICS_line1+1
0x01DE	0x3420 ;?ICS_line1+2
0x01DF	0x3441 ;?ICS_line1+3
0x01E0	0x346E ;?ICS_line1+4
0x01E1	0x3468 ;?ICS_line1+5
0x01E2	0x3420 ;?ICS_line1+6
0x01E3	0x3401 ;?ICS_line1+7
0x01E4	0x3402 ;?ICS_line1+8
0x01E5	0x3463 ;?ICS_line1+9
; end of ?ICS_line1
;Baitap4_Tuan4.c,0 :: ?ICS_kitudacbiet
0x01E6	0x3404 ;?ICS_kitudacbiet+0
0x01E7	0x3411 ;?ICS_kitudacbiet+1
0x01E8	0x340E ;?ICS_kitudacbiet+2
0x01E9	0x3411 ;?ICS_kitudacbiet+3
0x01EA	0x341F ;?ICS_kitudacbiet+4
0x01EB	0x3410 ;?ICS_kitudacbiet+5
0x01EC	0x340E ;?ICS_kitudacbiet+6
0x01ED	0x3400 ;?ICS_kitudacbiet+7
0x01EE	0x340E ;?ICS_kitudacbiet+8
0x01EF	0x3409 ;?ICS_kitudacbiet+9
0x01F0	0x3409 ;?ICS_kitudacbiet+10
0x01F1	0x341D ;?ICS_kitudacbiet+11
0x01F2	0x3409 ;?ICS_kitudacbiet+12
0x01F3	0x3409 ;?ICS_kitudacbiet+13
0x01F4	0x340E ;?ICS_kitudacbiet+14
0x01F5	0x3400 ;?ICS_kitudacbiet+15
0x01F6	0x3402 ;?ICS_kitudacbiet+16
0x01F7	0x3404 ;?ICS_kitudacbiet+17
0x01F8	0x3401 ;?ICS_kitudacbiet+18
0x01F9	0x3413 ;?ICS_kitudacbiet+19
0x01FA	0x3412 ;?ICS_kitudacbiet+20
0x01FB	0x3412 ;?ICS_kitudacbiet+21
0x01FC	0x340C ;?ICS_kitudacbiet+22
0x01FD	0x3400 ;?ICS_kitudacbiet+23
0x01FE	0x3499 ;?ICS_kitudacbiet+24
; end of ?ICS_kitudacbiet
;Baitap4_Tuan4.c,0 :: ?lstr_1_Baitap4_Tuan4
0x01FF	0x3450 ;?lstr_1_Baitap4_Tuan4+0
0x0200	0x3475 ;?lstr_1_Baitap4_Tuan4+1
0x0201	0x346C ;?lstr_1_Baitap4_Tuan4+2
0x0202	0x3473 ;?lstr_1_Baitap4_Tuan4+3
0x0203	0x3465 ;?lstr_1_Baitap4_Tuan4+4
0x0204	0x3420 ;?lstr_1_Baitap4_Tuan4+5
0x0205	0x3466 ;?lstr_1_Baitap4_Tuan4+6
0x0206	0x343D ;?lstr_1_Baitap4_Tuan4+7
0x0207	0x3432 ;?lstr_1_Baitap4_Tuan4+8
0x0208	0x344B ;?lstr_1_Baitap4_Tuan4+9
0x0209	0x3448 ;?lstr_1_Baitap4_Tuan4+10
0x020A	0x347A ;?lstr_1_Baitap4_Tuan4+11
0x020B	0x3400 ;?lstr_1_Baitap4_Tuan4+12
; end of ?lstr_1_Baitap4_Tuan4
Symbol List:
//** Routines locations **
//ADDRESS    SIZE    PROCEDURE
//----------------------------------------------
0x0003      [40]    _lcd_put_nibble
0x002B      [38]    _lcd_put_byte
0x0051      [21]    _lcd_gotoxy
0x0066      [70]    _lcd_putc
0x00AC       [7]    _____DoICP
0x00B3      [20]    _delaytimer1_50us
0x00C7      [27]    _lcd_puts
0x00E2       [8]    _delaytimer1_350us
0x00EA       [8]    _delaytimer1_150us
0x00F2      [31]    _hienthilcd
0x0111      [24]    _napkitudacbiet
0x0129      [12]    ___CC2DW
0x0135     [125]    _lcd_init
0x01B2      [35]    _main
//** Variables locations ** 
//ADDRESS    SIZE    VARIABLE
//----------------------------------------------
0x0000       [1]    INDF
0x0002       [1]    PCL
0x0003       [1]    STATUS
0x0004       [1]    FSR
0x0006       [0]    RB3_bit
0x0006       [0]    RB4_bit
0x0006       [0]    RB1_bit
0x0006       [0]    RB2_bit
0x0006       [0]    RB5_bit
0x0006       [0]    RB0_bit
0x0008       [0]    RD0_bit
0x000A       [1]    PCLATH
0x000B       [0]    GIE_bit
0x000B       [0]    PEIE_bit
0x000C       [0]    TMR1IF_bit
0x000E       [1]    TMR1L
0x000F       [1]    TMR1H
0x0010       [0]    T1SYNC_bit
0x0010       [0]    T1CKPS0_bit
0x0010       [0]    TMR1ON_bit
0x0010       [0]    TMR1CS_bit
0x0010       [0]    T1CKPS1_bit
0x0020       [1]    _len_line1
0x0021      [10]    _line1
0x002B      [25]    _kitudacbiet
0x0044       [2]    ___DoICPAddr
0x0046       [1]    napkitudacbiet_i_L0
0x0046       [1]    hienthilcd_i_L0
0x0047       [2]    FARG_delaytimer1_50us_n
0x0047       [2]    FARG_lcd_puts_s
0x0049       [1]    FARG_lcd_putc_c
0x004A       [1]    FARG_lcd_gotoxy_col
0x004B       [1]    FARG_lcd_gotoxy_row
0x004C       [1]    lcd_gotoxy_address_L0
0x004D       [1]    FARG_lcd_put_byte_rs
0x004E       [1]    FARG_lcd_put_byte_b
0x004F       [1]    FARG_lcd_put_nibble_b
0x0070       [1]    R0
0x0071       [1]    R1
0x0072       [1]    R2
0x0073       [1]    R3
0x0074       [1]    R4
0x0075       [1]    R5
0x0076       [1]    R6
0x0077       [1]    R7
0x0078       [1]    R8
0x0079       [1]    R9
0x007A       [1]    R10
0x007B       [1]    R11
0x007C       [1]    R12
0x007D       [1]    R13
0x007E       [1]    R14
0x007F       [1]    R15
0x0086       [0]    TRISB2_bit
0x0086       [0]    TRISB1_bit
0x0086       [0]    TRISB0_bit
0x0086       [0]    TRISB3_bit
0x0086       [0]    TRISB4_bit
0x0086       [0]    TRISB5_bit
0x0088       [0]    TRISD0_bit
0x008C       [0]    TMR1IE_bit
0x0188       [1]    ANSEL
0x0189       [1]    ANSELH
//** Constants locations ** 
//ADDRESS    SIZE    CONSTANT
//----------------------------------------------
0x01DB       [1]    ?ICS_len_line1
0x01DC      [10]    ?ICS_line1
0x01E6      [25]    ?ICS_kitudacbiet
0x01FF      [13]    ?lstr_1_Baitap4_Tuan4
