;  LST file generated by mikroListExporter - v.2.0 
; Date/Time: 05/10/2025 8:46:59 PM
;----------------------------------------------

;Address Opcode 	ASM
0x0000	0x29AC      	GOTO       428
_lcd_put_nibble:
;lcd.c,103 :: 		void lcd_put_nibble(unsigned char b)
;lcd.c,109 :: 		LCD_DATA4_TRIS = 0;                // Cau hinh cac chan ket noi LCD.
0x0003	0x1683      	BSF        STATUS, 5
0x0004	0x1303      	BCF        STATUS, 6
0x0005	0x1006      	BCF        TRISB0_bit, BitPos(TRISB0_bit+0)
;lcd.c,110 :: 		LCD_DATA5_TRIS = 0;
0x0006	0x1086      	BCF        TRISB1_bit, BitPos(TRISB1_bit+0)
;lcd.c,111 :: 		LCD_DATA6_TRIS = 0;
0x0007	0x1106      	BCF        TRISB2_bit, BitPos(TRISB2_bit+0)
;lcd.c,112 :: 		LCD_DATA7_TRIS = 0;
0x0008	0x1186      	BCF        TRISB3_bit, BitPos(TRISB3_bit+0)
;lcd.c,114 :: 		temp.Val = b;
0x0009	0x1283      	BCF        STATUS, 5
0x000A	0x0836      	MOVF       FARG_lcd_put_nibble_b, 0
0x000B	0x00F0      	MOVWF      R0
;lcd.c,116 :: 		LCD_DATA4 = temp.bits.b0;        // Gui 4 bit thap.
0x000C	0x1870      	BTFSC      R0, 0
0x000D	0x2810      	GOTO       L__lcd_put_nibble69
0x000E	0x1006      	BCF        RB0_bit, BitPos(RB0_bit+0)
0x000F	0x2811      	GOTO       L__lcd_put_nibble70
L__lcd_put_nibble69:
0x0010	0x1406      	BSF        RB0_bit, BitPos(RB0_bit+0)
L__lcd_put_nibble70:
;lcd.c,117 :: 		LCD_DATA5 = temp.bits.b1;
0x0011	0x18F0      	BTFSC      R0, 1
0x0012	0x2815      	GOTO       L__lcd_put_nibble71
0x0013	0x1086      	BCF        RB1_bit, BitPos(RB1_bit+0)
0x0014	0x2816      	GOTO       L__lcd_put_nibble72
L__lcd_put_nibble71:
0x0015	0x1486      	BSF        RB1_bit, BitPos(RB1_bit+0)
L__lcd_put_nibble72:
;lcd.c,118 :: 		LCD_DATA6 = temp.bits.b2;
0x0016	0x1970      	BTFSC      R0, 2
0x0017	0x281A      	GOTO       L__lcd_put_nibble73
0x0018	0x1106      	BCF        RB2_bit, BitPos(RB2_bit+0)
0x0019	0x281B      	GOTO       L__lcd_put_nibble74
L__lcd_put_nibble73:
0x001A	0x1506      	BSF        RB2_bit, BitPos(RB2_bit+0)
L__lcd_put_nibble74:
;lcd.c,119 :: 		LCD_DATA7 = temp.bits.b3;
0x001B	0x19F0      	BTFSC      R0, 3
0x001C	0x281F      	GOTO       L__lcd_put_nibble75
0x001D	0x1186      	BCF        RB3_bit, BitPos(RB3_bit+0)
0x001E	0x2820      	GOTO       L__lcd_put_nibble76
L__lcd_put_nibble75:
0x001F	0x1586      	BSF        RB3_bit, BitPos(RB3_bit+0)
L__lcd_put_nibble76:
;lcd.c,121 :: 		delay_us(20);
0x0020	0x300D      	MOVLW      13
0x0021	0x00FD      	MOVWF      R13
L_lcd_put_nibble11:
0x0022	0x0BFD      	DECFSZ     R13, 1
0x0023	0x2822      	GOTO       L_lcd_put_nibble11
;lcd.c,122 :: 		LCD_EN =  1;
0x0024	0x1686      	BSF        RB5_bit, BitPos(RB5_bit+0)
;lcd.c,123 :: 		delay_us(20);
0x0025	0x300D      	MOVLW      13
0x0026	0x00FD      	MOVWF      R13
L_lcd_put_nibble12:
0x0027	0x0BFD      	DECFSZ     R13, 1
0x0028	0x2827      	GOTO       L_lcd_put_nibble12
;lcd.c,124 :: 		LCD_EN = 0;
0x0029	0x1286      	BCF        RB5_bit, BitPos(RB5_bit+0)
;lcd.c,125 :: 		}
L_end_lcd_put_nibble:
0x002A	0x0008      	RETURN
; end of _lcd_put_nibble
_lcd_put_byte:
;lcd.c,134 :: 		void lcd_put_byte(unsigned char rs, unsigned char b)
;lcd.c,139 :: 		LCD_DATA4_TRIS = 0;                // Cau hinh cac chan ket noi LCD.
0x002B	0x1683      	BSF        STATUS, 5
0x002C	0x1303      	BCF        STATUS, 6
0x002D	0x1006      	BCF        TRISB0_bit, BitPos(TRISB0_bit+0)
;lcd.c,140 :: 		LCD_DATA5_TRIS = 0;
0x002E	0x1086      	BCF        TRISB1_bit, BitPos(TRISB1_bit+0)
;lcd.c,141 :: 		LCD_DATA6_TRIS = 0;
0x002F	0x1106      	BCF        TRISB2_bit, BitPos(TRISB2_bit+0)
;lcd.c,142 :: 		LCD_DATA7_TRIS = 0;
0x0030	0x1186      	BCF        TRISB3_bit, BitPos(TRISB3_bit+0)
;lcd.c,144 :: 		if(rs)
0x0031	0x1283      	BCF        STATUS, 5
0x0032	0x0834      	MOVF       FARG_lcd_put_byte_rs, 0
0x0033	0x1903      	BTFSC      STATUS, 2
0x0034	0x2837      	GOTO       L_lcd_put_byte13
;lcd.c,145 :: 		LCD_RS = 1;
0x0035	0x1606      	BSF        RB4_bit, BitPos(RB4_bit+0)
0x0036	0x2838      	GOTO       L_lcd_put_byte14
L_lcd_put_byte13:
;lcd.c,147 :: 		LCD_RS = 0;
0x0037	0x1206      	BCF        RB4_bit, BitPos(RB4_bit+0)
L_lcd_put_byte14:
;lcd.c,148 :: 		delay_us(20);
0x0038	0x300D      	MOVLW      13
0x0039	0x00FD      	MOVWF      R13
L_lcd_put_byte15:
0x003A	0x0BFD      	DECFSZ     R13, 1
0x003B	0x283A      	GOTO       L_lcd_put_byte15
;lcd.c,151 :: 		delay_us(20);
0x003C	0x300D      	MOVLW      13
0x003D	0x00FD      	MOVWF      R13
L_lcd_put_byte16:
0x003E	0x0BFD      	DECFSZ     R13, 1
0x003F	0x283E      	GOTO       L_lcd_put_byte16
;lcd.c,153 :: 		LCD_EN = 0;
0x0040	0x1286      	BCF        RB5_bit, BitPos(RB5_bit+0)
;lcd.c,155 :: 		lcd_put_nibble(b >> 4);                // Gui 4 bit cao.
0x0041	0x0835      	MOVF       FARG_lcd_put_byte_b, 0
0x0042	0x00B6      	MOVWF      FARG_lcd_put_nibble_b
0x0043	0x0CB6      	RRF        FARG_lcd_put_nibble_b, 1
0x0044	0x13B6      	BCF        FARG_lcd_put_nibble_b, 7
0x0045	0x0CB6      	RRF        FARG_lcd_put_nibble_b, 1
0x0046	0x13B6      	BCF        FARG_lcd_put_nibble_b, 7
0x0047	0x0CB6      	RRF        FARG_lcd_put_nibble_b, 1
0x0048	0x13B6      	BCF        FARG_lcd_put_nibble_b, 7
0x0049	0x0CB6      	RRF        FARG_lcd_put_nibble_b, 1
0x004A	0x13B6      	BCF        FARG_lcd_put_nibble_b, 7
0x004B	0x2003      	CALL       _lcd_put_nibble
;lcd.c,157 :: 		lcd_put_nibble(b & 0xf);        // Gui 4 bit thap.
0x004C	0x300F      	MOVLW      15
0x004D	0x0535      	ANDWF      FARG_lcd_put_byte_b, 0
0x004E	0x00B6      	MOVWF      FARG_lcd_put_nibble_b
0x004F	0x2003      	CALL       _lcd_put_nibble
;lcd.c,158 :: 		}
L_end_lcd_put_byte:
0x0050	0x0008      	RETURN
; end of _lcd_put_byte
_lcd_gotoxy:
;lcd.c,167 :: 		void lcd_gotoxy(unsigned char col, unsigned char row)
;lcd.c,173 :: 		if(row!=0)                // Xac dinh ma qui dinh dia chi dong.
0x0051	0x1283      	BCF        STATUS, 5
0x0052	0x1303      	BCF        STATUS, 6
0x0053	0x0832      	MOVF       FARG_lcd_gotoxy_row, 0
0x0054	0x3A00      	XORLW      0
0x0055	0x1903      	BTFSC      STATUS, 2
0x0056	0x285A      	GOTO       L_lcd_gotoxy17
;lcd.c,174 :: 		address=0x40;        // Dong duoi.
0x0057	0x3040      	MOVLW      64
0x0058	0x00B3      	MOVWF      lcd_gotoxy_address_L0
0x0059	0x285B      	GOTO       L_lcd_gotoxy18
L_lcd_gotoxy17:
;lcd.c,176 :: 		address=0;                // Dong tren.
0x005A	0x01B3      	CLRF       lcd_gotoxy_address_L0
L_lcd_gotoxy18:
;lcd.c,178 :: 		address += col;
0x005B	0x0831      	MOVF       FARG_lcd_gotoxy_col, 0
0x005C	0x0733      	ADDWF      lcd_gotoxy_address_L0, 0
0x005D	0x00F0      	MOVWF      R0
0x005E	0x0870      	MOVF       R0, 0
0x005F	0x00B3      	MOVWF      lcd_gotoxy_address_L0
;lcd.c,180 :: 		lcd_put_byte(0,0x80|address);        // Gui lenh dieu khien sang LCD.
0x0060	0x01B4      	CLRF       FARG_lcd_put_byte_rs
0x0061	0x3080      	MOVLW      128
0x0062	0x0470      	IORWF      R0, 0
0x0063	0x00B5      	MOVWF      FARG_lcd_put_byte_b
0x0064	0x202B      	CALL       _lcd_put_byte
;lcd.c,182 :: 		}
L_end_lcd_gotoxy:
0x0065	0x0008      	RETURN
; end of _lcd_gotoxy
_____DoICP:
;__Lib_System.c,6 :: 		
;__Lib_System.c,9 :: 		
0x0066	0x1283      	BCF        STATUS, 5
0x0067	0x1303      	BCF        STATUS, 6
0x0068	0x082D      	MOVF       ___DoICPAddr+1, 0
0x0069	0x008A      	MOVWF      PCLATH
;__Lib_System.c,10 :: 		
0x006A	0x082C      	MOVF       ___DoICPAddr, 0
0x006B	0x0082      	MOVWF      PCL
;__Lib_System.c,12 :: 		
L_end_____DoICP:
0x006C	0x0008      	RETURN
; end of _____DoICP
_lcd_putc:
;lcd.c,190 :: 		void lcd_putc(char c)
;lcd.c,195 :: 		switch(c)
0x006D	0x28A3      	GOTO       L_lcd_putc19
;lcd.c,197 :: 		case '\f':                        // Xoa man hinh.
L_lcd_putc21:
;lcd.c,198 :: 		lcd_put_byte(0,1);
0x006E	0x1283      	BCF        STATUS, 5
0x006F	0x1303      	BCF        STATUS, 6
0x0070	0x01B4      	CLRF       FARG_lcd_put_byte_rs
0x0071	0x3001      	MOVLW      1
0x0072	0x00B5      	MOVWF      FARG_lcd_put_byte_b
0x0073	0x202B      	CALL       _lcd_put_byte
;lcd.c,199 :: 		delay_ms(5);
0x0074	0x300D      	MOVLW      13
0x0075	0x00FC      	MOVWF      R12
0x0076	0x30FB      	MOVLW      251
0x0077	0x00FD      	MOVWF      R13
L_lcd_putc22:
0x0078	0x0BFD      	DECFSZ     R13, 1
0x0079	0x2878      	GOTO       L_lcd_putc22
0x007A	0x0BFC      	DECFSZ     R12, 1
0x007B	0x2878      	GOTO       L_lcd_putc22
0x007C	0x0000      	NOP
0x007D	0x0000      	NOP
;lcd.c,200 :: 		break;
0x007E	0x28B2      	GOTO       L_lcd_putc20
;lcd.c,201 :: 		case '\n':                        // Xuong dong va dua con tro ve dau dong.
L_lcd_putc23:
;lcd.c,202 :: 		lcd_gotoxy(0,1);
0x007F	0x01B1      	CLRF       FARG_lcd_gotoxy_col
0x0080	0x3001      	MOVLW      1
0x0081	0x00B2      	MOVWF      FARG_lcd_gotoxy_row
0x0082	0x2051      	CALL       _lcd_gotoxy
;lcd.c,203 :: 		break;
0x0083	0x28B2      	GOTO       L_lcd_putc20
;lcd.c,204 :: 		case '\b':
L_lcd_putc24:
;lcd.c,205 :: 		lcd_put_byte(0,0x10);
0x0084	0x01B4      	CLRF       FARG_lcd_put_byte_rs
0x0085	0x3010      	MOVLW      16
0x0086	0x00B5      	MOVWF      FARG_lcd_put_byte_b
0x0087	0x202B      	CALL       _lcd_put_byte
;lcd.c,206 :: 		delay_ms(5);
0x0088	0x300D      	MOVLW      13
0x0089	0x00FC      	MOVWF      R12
0x008A	0x30FB      	MOVLW      251
0x008B	0x00FD      	MOVWF      R13
L_lcd_putc25:
0x008C	0x0BFD      	DECFSZ     R13, 1
0x008D	0x288C      	GOTO       L_lcd_putc25
0x008E	0x0BFC      	DECFSZ     R12, 1
0x008F	0x288C      	GOTO       L_lcd_putc25
0x0090	0x0000      	NOP
0x0091	0x0000      	NOP
;lcd.c,207 :: 		break;
0x0092	0x28B2      	GOTO       L_lcd_putc20
;lcd.c,208 :: 		default:        // Hien thi tat ca ky tu mac dinh trong LCD (c: dia chi HEX cua ky tu)
L_lcd_putc26:
;lcd.c,211 :: 		lcd_put_byte(1,c);
0x0093	0x3001      	MOVLW      1
0x0094	0x00B4      	MOVWF      FARG_lcd_put_byte_rs
0x0095	0x0830      	MOVF       FARG_lcd_putc_c, 0
0x0096	0x00B5      	MOVWF      FARG_lcd_put_byte_b
0x0097	0x202B      	CALL       _lcd_put_byte
;lcd.c,212 :: 		delay_ms(5);
0x0098	0x300D      	MOVLW      13
0x0099	0x00FC      	MOVWF      R12
0x009A	0x30FB      	MOVLW      251
0x009B	0x00FD      	MOVWF      R13
L_lcd_putc27:
0x009C	0x0BFD      	DECFSZ     R13, 1
0x009D	0x289C      	GOTO       L_lcd_putc27
0x009E	0x0BFC      	DECFSZ     R12, 1
0x009F	0x289C      	GOTO       L_lcd_putc27
0x00A0	0x0000      	NOP
0x00A1	0x0000      	NOP
;lcd.c,215 :: 		}
0x00A2	0x28B2      	GOTO       L_lcd_putc20
L_lcd_putc19:
0x00A3	0x1283      	BCF        STATUS, 5
0x00A4	0x1303      	BCF        STATUS, 6
0x00A5	0x0830      	MOVF       FARG_lcd_putc_c, 0
0x00A6	0x3A0C      	XORLW      12
0x00A7	0x1903      	BTFSC      STATUS, 2
0x00A8	0x286E      	GOTO       L_lcd_putc21
0x00A9	0x0830      	MOVF       FARG_lcd_putc_c, 0
0x00AA	0x3A0A      	XORLW      10
0x00AB	0x1903      	BTFSC      STATUS, 2
0x00AC	0x287F      	GOTO       L_lcd_putc23
0x00AD	0x0830      	MOVF       FARG_lcd_putc_c, 0
0x00AE	0x3A08      	XORLW      8
0x00AF	0x1903      	BTFSC      STATUS, 2
0x00B0	0x2884      	GOTO       L_lcd_putc24
0x00B1	0x2893      	GOTO       L_lcd_putc26
L_lcd_putc20:
;lcd.c,216 :: 		}
L_end_lcd_putc:
0x00B2	0x0008      	RETURN
; end of _lcd_putc
_lcd_puts:
;lcd.c,224 :: 		void lcd_puts(const char* s)
;lcd.c,229 :: 		while(*s)
L_lcd_puts28:
0x00B3	0x1283      	BCF        STATUS, 5
0x00B4	0x1303      	BCF        STATUS, 6
0x00B5	0x082E      	MOVF       FARG_lcd_puts_s, 0
0x00B6	0x00AC      	MOVWF      ___DoICPAddr
0x00B7	0x082F      	MOVF       FARG_lcd_puts_s+1, 0
0x00B8	0x00AD      	MOVWF      ___DoICPAddr+1
0x00B9	0x2066      	CALL       _____DoICP
0x00BA	0x118A      	BCF        PCLATH, 3
0x00BB	0x120A      	BCF        PCLATH, 4
0x00BC	0x00F0      	MOVWF      R0
0x00BD	0x0870      	MOVF       R0, 0
0x00BE	0x1903      	BTFSC      STATUS, 2
0x00BF	0x28CD      	GOTO       L_lcd_puts29
;lcd.c,231 :: 		lcd_putc(*s++);
0x00C0	0x082E      	MOVF       FARG_lcd_puts_s, 0
0x00C1	0x00AC      	MOVWF      ___DoICPAddr
0x00C2	0x082F      	MOVF       FARG_lcd_puts_s+1, 0
0x00C3	0x00AD      	MOVWF      ___DoICPAddr+1
0x00C4	0x2066      	CALL       _____DoICP
0x00C5	0x118A      	BCF        PCLATH, 3
0x00C6	0x120A      	BCF        PCLATH, 4
0x00C7	0x00B0      	MOVWF      FARG_lcd_putc_c
0x00C8	0x206D      	CALL       _lcd_putc
0x00C9	0x0AAE      	INCF       FARG_lcd_puts_s, 1
0x00CA	0x1903      	BTFSC      STATUS, 2
0x00CB	0x0AAF      	INCF       FARG_lcd_puts_s+1, 1
;lcd.c,232 :: 		}
0x00CC	0x28B3      	GOTO       L_lcd_puts28
L_lcd_puts29:
;lcd.c,233 :: 		}
L_end_lcd_puts:
0x00CD	0x0008      	RETURN
; end of _lcd_puts
_Div_16X16_U:
;__Lib_Math.c,215 :: 		
;__Lib_Math.c,222 :: 		
0x00CE	0x1283      	BCF        STATUS, 5
;__Lib_Math.c,223 :: 		
0x00CF	0x1303      	BCF        STATUS, 6
;__Lib_Math.c,224 :: 		
0x00D0	0x01F8      	CLRF       R8
;__Lib_Math.c,225 :: 		
0x00D1	0x01F9      	CLRF       R9
;__Lib_Math.c,226 :: 		
0x00D2	0x3010      	MOVLW      16
;__Lib_Math.c,227 :: 		
0x00D3	0x00FC      	MOVWF      R12
;__Lib_Math.c,228 :: 		
0x00D4	0x0D71      	RLF        R1, 0
;__Lib_Math.c,229 :: 		
0x00D5	0x0DF8      	RLF        R8, 1
;__Lib_Math.c,230 :: 		
0x00D6	0x0DF9      	RLF        R9, 1
;__Lib_Math.c,231 :: 		
0x00D7	0x0874      	MOVF       R4, 0
;__Lib_Math.c,232 :: 		
0x00D8	0x02F8      	SUBWF      R8, 1
;__Lib_Math.c,233 :: 		
0x00D9	0x0875      	MOVF       R5, 0
;__Lib_Math.c,234 :: 		
0x00DA	0x1C03      	BTFSS      STATUS, 0
;__Lib_Math.c,235 :: 		
0x00DB	0x0F75      	INCFSZ     R5, 0
;__Lib_Math.c,236 :: 		
0x00DC	0x02F9      	SUBWF      R9, 1
;__Lib_Math.c,237 :: 		
0x00DD	0x1803      	BTFSC      STATUS, 0
;__Lib_Math.c,238 :: 		
0x00DE	0x28E6      	GOTO       $+8
;__Lib_Math.c,239 :: 		
0x00DF	0x0874      	MOVF       R4, 0
;__Lib_Math.c,240 :: 		
0x00E0	0x07F8      	ADDWF      R8, 1
;__Lib_Math.c,241 :: 		
0x00E1	0x0875      	MOVF       R5, 0
;__Lib_Math.c,242 :: 		
0x00E2	0x1803      	BTFSC      STATUS, 0
;__Lib_Math.c,243 :: 		
0x00E3	0x0F75      	INCFSZ     R5, 0
;__Lib_Math.c,244 :: 		
0x00E4	0x07F9      	ADDWF      R9, 1
;__Lib_Math.c,245 :: 		
0x00E5	0x1003      	BCF        STATUS, 0
;__Lib_Math.c,246 :: 		
0x00E6	0x0DF0      	RLF        R0, 1
;__Lib_Math.c,247 :: 		
0x00E7	0x0DF1      	RLF        R1, 1
;__Lib_Math.c,248 :: 		
0x00E8	0x0BFC      	DECFSZ     R12, 1
;__Lib_Math.c,249 :: 		
0x00E9	0x28D4      	GOTO       $-21
;__Lib_Math.c,251 :: 		
L_end_Div_16X16_U:
0x00EA	0x0008      	RETURN
; end of _Div_16X16_U
_inline2:
;Baitap1_Tuan4.c,24 :: 		void inline2()
;Baitap1_Tuan4.c,26 :: 		lcd_gotoxy(6,1);
0x00EB	0x3006      	MOVLW      6
0x00EC	0x1283      	BCF        STATUS, 5
0x00ED	0x1303      	BCF        STATUS, 6
0x00EE	0x00B1      	MOVWF      FARG_lcd_gotoxy_col
0x00EF	0x3001      	MOVLW      1
0x00F0	0x00B2      	MOVWF      FARG_lcd_gotoxy_row
0x00F1	0x2051      	CALL       _lcd_gotoxy
;Baitap1_Tuan4.c,27 :: 		lcd_putc(chuso[count/10]);
0x00F2	0x300A      	MOVLW      10
0x00F3	0x00F4      	MOVWF      R4
0x00F4	0x3000      	MOVLW      0
0x00F5	0x00F5      	MOVWF      R4+1
0x00F6	0x082A      	MOVF       _count, 0
0x00F7	0x00F0      	MOVWF      R0
0x00F8	0x082B      	MOVF       _count+1, 0
0x00F9	0x00F1      	MOVWF      R0+1
0x00FA	0x20CE      	CALL       _Div_16X16_U
0x00FB	0x0870      	MOVF       R0, 0
0x00FC	0x3E20      	ADDLW      _chuso
0x00FD	0x0084      	MOVWF      FSR
0x00FE	0x0800      	MOVF       INDF, 0
0x00FF	0x00B0      	MOVWF      FARG_lcd_putc_c
0x0100	0x206D      	CALL       _lcd_putc
;Baitap1_Tuan4.c,28 :: 		lcd_putc(chuso[count%10]);
0x0101	0x300A      	MOVLW      10
0x0102	0x00F4      	MOVWF      R4
0x0103	0x3000      	MOVLW      0
0x0104	0x00F5      	MOVWF      R4+1
0x0105	0x082A      	MOVF       _count, 0
0x0106	0x00F0      	MOVWF      R0
0x0107	0x082B      	MOVF       _count+1, 0
0x0108	0x00F1      	MOVWF      R0+1
0x0109	0x20CE      	CALL       _Div_16X16_U
0x010A	0x0878      	MOVF       R8, 0
0x010B	0x00F0      	MOVWF      R0
0x010C	0x0879      	MOVF       R8+1, 0
0x010D	0x00F1      	MOVWF      R0+1
0x010E	0x0870      	MOVF       R0, 0
0x010F	0x3E20      	ADDLW      _chuso
0x0110	0x0084      	MOVWF      FSR
0x0111	0x0800      	MOVF       INDF, 0
0x0112	0x00B0      	MOVWF      FARG_lcd_putc_c
0x0113	0x206D      	CALL       _lcd_putc
;Baitap1_Tuan4.c,29 :: 		}
L_end_inline2:
0x0114	0x0008      	RETURN
; end of _inline2
_inline1:
;Baitap1_Tuan4.c,18 :: 		void inline1()
;Baitap1_Tuan4.c,20 :: 		lcd_putc('\f');
0x0115	0x300C      	MOVLW      12
0x0116	0x1283      	BCF        STATUS, 5
0x0117	0x1303      	BCF        STATUS, 6
0x0118	0x00B0      	MOVWF      FARG_lcd_putc_c
0x0119	0x206D      	CALL       _lcd_putc
;Baitap1_Tuan4.c,21 :: 		lcd_gotoxy(0,0);
0x011A	0x01B1      	CLRF       FARG_lcd_gotoxy_col
0x011B	0x01B2      	CLRF       FARG_lcd_gotoxy_row
0x011C	0x2051      	CALL       _lcd_gotoxy
;Baitap1_Tuan4.c,22 :: 		lcd_puts("DUC Counter 0");
0x011D	0x30E8      	MOVLW      ?lstr_1_Baitap1_Tuan4
0x011E	0x00AE      	MOVWF      FARG_lcd_puts_s
0x011F	0x3001      	MOVLW      hi_addr(?lstr_1_Baitap1_Tuan4)
0x0120	0x00AF      	MOVWF      FARG_lcd_puts_s+1
0x0121	0x20B3      	CALL       _lcd_puts
;Baitap1_Tuan4.c,23 :: 		}
L_end_inline1:
0x0122	0x0008      	RETURN
; end of _inline1
_lcd_init:
;lcd.c,241 :: 		void lcd_init()
;lcd.c,247 :: 		LCD_EN_TRIS = 0;                // Cau hinh cac chan ket noi LCD.
0x0123	0x1683      	BSF        STATUS, 5
0x0124	0x1303      	BCF        STATUS, 6
0x0125	0x1286      	BCF        TRISB5_bit, BitPos(TRISB5_bit+0)
;lcd.c,248 :: 		LCD_RS_TRIS = 0;
0x0126	0x1206      	BCF        TRISB4_bit, BitPos(TRISB4_bit+0)
;lcd.c,250 :: 		LCD_DATA4_TRIS = 0;
0x0127	0x1006      	BCF        TRISB0_bit, BitPos(TRISB0_bit+0)
;lcd.c,251 :: 		LCD_DATA5_TRIS = 0;
0x0128	0x1086      	BCF        TRISB1_bit, BitPos(TRISB1_bit+0)
;lcd.c,252 :: 		LCD_DATA6_TRIS = 0;
0x0129	0x1106      	BCF        TRISB2_bit, BitPos(TRISB2_bit+0)
;lcd.c,253 :: 		LCD_DATA7_TRIS = 0;
0x012A	0x1186      	BCF        TRISB3_bit, BitPos(TRISB3_bit+0)
;lcd.c,255 :: 		delay_ms(15);                // Tao tre cho cap nguon LCD on dinh.
0x012B	0x3027      	MOVLW      39
0x012C	0x00FC      	MOVWF      R12
0x012D	0x30F5      	MOVLW      245
0x012E	0x00FD      	MOVWF      R13
L_lcd_init30:
0x012F	0x0BFD      	DECFSZ     R13, 1
0x0130	0x292F      	GOTO       L_lcd_init30
0x0131	0x0BFC      	DECFSZ     R12, 1
0x0132	0x292F      	GOTO       L_lcd_init30
;lcd.c,257 :: 		LCD_RS = 0;
0x0133	0x1283      	BCF        STATUS, 5
0x0134	0x1206      	BCF        RB4_bit, BitPos(RB4_bit+0)
;lcd.c,259 :: 		LCD_EN = 0;
0x0135	0x1286      	BCF        RB5_bit, BitPos(RB5_bit+0)
;lcd.c,261 :: 		lcd_put_nibble(3);        // Reset LCD
0x0136	0x3003      	MOVLW      3
0x0137	0x00B6      	MOVWF      FARG_lcd_put_nibble_b
0x0138	0x2003      	CALL       _lcd_put_nibble
;lcd.c,262 :: 		delay_ms(10);
0x0139	0x301A      	MOVLW      26
0x013A	0x00FC      	MOVWF      R12
0x013B	0x30F8      	MOVLW      248
0x013C	0x00FD      	MOVWF      R13
L_lcd_init31:
0x013D	0x0BFD      	DECFSZ     R13, 1
0x013E	0x293D      	GOTO       L_lcd_init31
0x013F	0x0BFC      	DECFSZ     R12, 1
0x0140	0x293D      	GOTO       L_lcd_init31
0x0141	0x0000      	NOP
;lcd.c,263 :: 		lcd_put_nibble(3);
0x0142	0x3003      	MOVLW      3
0x0143	0x00B6      	MOVWF      FARG_lcd_put_nibble_b
0x0144	0x2003      	CALL       _lcd_put_nibble
;lcd.c,264 :: 		delay_ms(10);
0x0145	0x301A      	MOVLW      26
0x0146	0x00FC      	MOVWF      R12
0x0147	0x30F8      	MOVLW      248
0x0148	0x00FD      	MOVWF      R13
L_lcd_init32:
0x0149	0x0BFD      	DECFSZ     R13, 1
0x014A	0x2949      	GOTO       L_lcd_init32
0x014B	0x0BFC      	DECFSZ     R12, 1
0x014C	0x2949      	GOTO       L_lcd_init32
0x014D	0x0000      	NOP
;lcd.c,265 :: 		lcd_put_nibble(3);
0x014E	0x3003      	MOVLW      3
0x014F	0x00B6      	MOVWF      FARG_lcd_put_nibble_b
0x0150	0x2003      	CALL       _lcd_put_nibble
;lcd.c,266 :: 		delay_ms(10);
0x0151	0x301A      	MOVLW      26
0x0152	0x00FC      	MOVWF      R12
0x0153	0x30F8      	MOVLW      248
0x0154	0x00FD      	MOVWF      R13
L_lcd_init33:
0x0155	0x0BFD      	DECFSZ     R13, 1
0x0156	0x2955      	GOTO       L_lcd_init33
0x0157	0x0BFC      	DECFSZ     R12, 1
0x0158	0x2955      	GOTO       L_lcd_init33
0x0159	0x0000      	NOP
;lcd.c,268 :: 		lcd_put_nibble(2);
0x015A	0x3002      	MOVLW      2
0x015B	0x00B6      	MOVWF      FARG_lcd_put_nibble_b
0x015C	0x2003      	CALL       _lcd_put_nibble
;lcd.c,269 :: 		delay_ms(1);//while(lcd_busy());
0x015D	0x3003      	MOVLW      3
0x015E	0x00FC      	MOVWF      R12
0x015F	0x3097      	MOVLW      151
0x0160	0x00FD      	MOVWF      R13
L_lcd_init34:
0x0161	0x0BFD      	DECFSZ     R13, 1
0x0162	0x2961      	GOTO       L_lcd_init34
0x0163	0x0BFC      	DECFSZ     R12, 1
0x0164	0x2961      	GOTO       L_lcd_init34
0x0165	0x0000      	NOP
0x0166	0x0000      	NOP
;lcd.c,271 :: 		lcd_put_byte(0,FOUR_BIT & LINES_5X7);                // Loai LCD.
0x0167	0x01B4      	CLRF       FARG_lcd_put_byte_rs
0x0168	0x3028      	MOVLW      40
0x0169	0x00B5      	MOVWF      FARG_lcd_put_byte_b
0x016A	0x202B      	CALL       _lcd_put_byte
;lcd.c,272 :: 		delay_ms(1);//while(lcd_busy());
0x016B	0x3003      	MOVLW      3
0x016C	0x00FC      	MOVWF      R12
0x016D	0x3097      	MOVLW      151
0x016E	0x00FD      	MOVWF      R13
L_lcd_init35:
0x016F	0x0BFD      	DECFSZ     R13, 1
0x0170	0x296F      	GOTO       L_lcd_init35
0x0171	0x0BFC      	DECFSZ     R12, 1
0x0172	0x296F      	GOTO       L_lcd_init35
0x0173	0x0000      	NOP
0x0174	0x0000      	NOP
;lcd.c,274 :: 		lcd_put_byte(0,DON & CURSOR_OFF & BLINK_OFF);        // Bat hien thi, tat con tro, tat chop tat con tro.
0x0175	0x01B4      	CLRF       FARG_lcd_put_byte_rs
0x0176	0x300C      	MOVLW      12
0x0177	0x00B5      	MOVWF      FARG_lcd_put_byte_b
0x0178	0x202B      	CALL       _lcd_put_byte
;lcd.c,275 :: 		delay_ms(1);//while(lcd_busy());
0x0179	0x3003      	MOVLW      3
0x017A	0x00FC      	MOVWF      R12
0x017B	0x3097      	MOVLW      151
0x017C	0x00FD      	MOVWF      R13
L_lcd_init36:
0x017D	0x0BFD      	DECFSZ     R13, 1
0x017E	0x297D      	GOTO       L_lcd_init36
0x017F	0x0BFC      	DECFSZ     R12, 1
0x0180	0x297D      	GOTO       L_lcd_init36
0x0181	0x0000      	NOP
0x0182	0x0000      	NOP
;lcd.c,277 :: 		lcd_put_byte(0,0x01);                                 // Xoa man hinh va dua con tro ve dau dong.
0x0183	0x01B4      	CLRF       FARG_lcd_put_byte_rs
0x0184	0x3001      	MOVLW      1
0x0185	0x00B5      	MOVWF      FARG_lcd_put_byte_b
0x0186	0x202B      	CALL       _lcd_put_byte
;lcd.c,278 :: 		delay_ms(1);//while(lcd_busy());
0x0187	0x3003      	MOVLW      3
0x0188	0x00FC      	MOVWF      R12
0x0189	0x3097      	MOVLW      151
0x018A	0x00FD      	MOVWF      R13
L_lcd_init37:
0x018B	0x0BFD      	DECFSZ     R13, 1
0x018C	0x298B      	GOTO       L_lcd_init37
0x018D	0x0BFC      	DECFSZ     R12, 1
0x018E	0x298B      	GOTO       L_lcd_init37
0x018F	0x0000      	NOP
0x0190	0x0000      	NOP
;lcd.c,280 :: 		lcd_put_byte(0,SHIFT_DISP_LEFT);                        // Che do dich chuyen con tro.
0x0191	0x01B4      	CLRF       FARG_lcd_put_byte_rs
0x0192	0x3006      	MOVLW      6
0x0193	0x00B5      	MOVWF      FARG_lcd_put_byte_b
0x0194	0x202B      	CALL       _lcd_put_byte
;lcd.c,281 :: 		delay_ms(1);//while(lcd_busy());
0x0195	0x3003      	MOVLW      3
0x0196	0x00FC      	MOVWF      R12
0x0197	0x3097      	MOVLW      151
0x0198	0x00FD      	MOVWF      R13
L_lcd_init38:
0x0199	0x0BFD      	DECFSZ     R13, 1
0x019A	0x2999      	GOTO       L_lcd_init38
0x019B	0x0BFC      	DECFSZ     R12, 1
0x019C	0x2999      	GOTO       L_lcd_init38
0x019D	0x0000      	NOP
0x019E	0x0000      	NOP
;lcd.c,282 :: 		}
L_end_lcd_init:
0x019F	0x0008      	RETURN
; end of _lcd_init
___CC2DW:
;__Lib_System.c,134 :: 		
;__Lib_System.c,137 :: 		
_CC2D_Loop1:
;__Lib_System.c,139 :: 		
0x01A0	0x2066      	CALL       _____DoICP
0x01A1	0x118A      	BCF        PCLATH, 3
0x01A2	0x120A      	BCF        PCLATH, 4
;__Lib_System.c,141 :: 		
0x01A3	0x0080      	MOVWF      INDF
;__Lib_System.c,142 :: 		
0x01A4	0x0A84      	INCF       FSR, 1
;__Lib_System.c,143 :: 		
0x01A5	0x0AAC      	INCF       ___DoICPAddr, 1
;__Lib_System.c,145 :: 		
0x01A6	0x1903      	BTFSC      STATUS, 2
;__Lib_System.c,146 :: 		
0x01A7	0x0AAD      	INCF       ___DoICPAddr+1, 1
;__Lib_System.c,147 :: 		
0x01A8	0x03F0      	DECF       R0, 1
;__Lib_System.c,149 :: 		
0x01A9	0x1D03      	BTFSS      STATUS, 2
;__Lib_System.c,150 :: 		
0x01AA	0x29A0      	GOTO       _CC2D_Loop1
;__Lib_System.c,152 :: 		
L_end___CC2DW:
0x01AB	0x0008      	RETURN
; end of ___CC2DW
_main:
0x01AC	0x3030      	MOVLW      48
0x01AD	0x1283      	BCF        STATUS, 5
0x01AE	0x1303      	BCF        STATUS, 6
0x01AF	0x00A0      	MOVWF      _chuso
0x01B0	0x3031      	MOVLW      49
0x01B1	0x00A1      	MOVWF      33
0x01B2	0x3032      	MOVLW      50
0x01B3	0x00A2      	MOVWF      34
0x01B4	0x3033      	MOVLW      51
0x01B5	0x00A3      	MOVWF      35
0x01B6	0x3034      	MOVLW      52
0x01B7	0x00A4      	MOVWF      36
0x01B8	0x3035      	MOVLW      53
0x01B9	0x00A5      	MOVWF      37
0x01BA	0x3036      	MOVLW      54
0x01BB	0x00A6      	MOVWF      38
0x01BC	0x3037      	MOVLW      55
0x01BD	0x00A7      	MOVWF      39
0x01BE	0x3038      	MOVLW      56
0x01BF	0x00A8      	MOVWF      40
0x01C0	0x3039      	MOVLW      57
0x01C1	0x00A9      	MOVWF      41
0x01C2	0x01AA      	CLRF       _count
0x01C3	0x01AB      	CLRF       43
;Baitap1_Tuan4.c,31 :: 		void main()
;Baitap1_Tuan4.c,33 :: 		ANSEL = ANSELH = 0;
0x01C4	0x1683      	BSF        STATUS, 5
0x01C5	0x1703      	BSF        STATUS, 6
0x01C6	0x0189      	CLRF       ANSELH
0x01C7	0x0188      	CLRF       ANSEL
;Baitap1_Tuan4.c,34 :: 		TRISA4_BIT = 1;
0x01C8	0x1303      	BCF        STATUS, 6
0x01C9	0x1605      	BSF        TRISA4_bit, BitPos(TRISA4_bit+0)
;Baitap1_Tuan4.c,35 :: 		TRISD = 0x00;
0x01CA	0x0188      	CLRF       TRISD
;Baitap1_Tuan4.c,37 :: 		T0CS_BIT = 1;
0x01CB	0x1681      	BSF        T0CS_bit, BitPos(T0CS_bit+0)
;Baitap1_Tuan4.c,38 :: 		T0SE_BIT = 1;
0x01CC	0x1601      	BSF        T0SE_bit, BitPos(T0SE_bit+0)
;Baitap1_Tuan4.c,40 :: 		PSA_BIT = 1;
0x01CD	0x1581      	BSF        PSA_bit, BitPos(PSA_bit+0)
;Baitap1_Tuan4.c,42 :: 		TMR0 = 0x00;
0x01CE	0x1283      	BCF        STATUS, 5
0x01CF	0x0181      	CLRF       TMR0
;Baitap1_Tuan4.c,44 :: 		lcd_init();
0x01D0	0x2123      	CALL       _lcd_init
;Baitap1_Tuan4.c,46 :: 		inline1();
0x01D1	0x2115      	CALL       _inline1
;Baitap1_Tuan4.c,48 :: 		while(1)
L_main0:
;Baitap1_Tuan4.c,50 :: 		count = (int)(TMR0);
0x01D2	0x0801      	MOVF       TMR0, 0
0x01D3	0x00F1      	MOVWF      R1
0x01D4	0x01F2      	CLRF       R1+1
0x01D5	0x0871      	MOVF       R1, 0
0x01D6	0x00AA      	MOVWF      _count
0x01D7	0x0872      	MOVF       R1+1, 0
0x01D8	0x00AB      	MOVWF      _count+1
;Baitap1_Tuan4.c,51 :: 		if ( count > 14 )
0x01D9	0x0872      	MOVF       R1+1, 0
0x01DA	0x3C00      	SUBLW      0
0x01DB	0x1D03      	BTFSS      STATUS, 2
0x01DC	0x29DF      	GOTO       L__main7
0x01DD	0x0871      	MOVF       R1, 0
0x01DE	0x3C0E      	SUBLW      14
L__main7:
0x01DF	0x1803      	BTFSC      STATUS, 0
0x01E0	0x29E5      	GOTO       L_main2
;Baitap1_Tuan4.c,53 :: 		TMR0 = 0x00;
0x01E1	0x0181      	CLRF       TMR0
;Baitap1_Tuan4.c,54 :: 		count = 0;
0x01E2	0x01AA      	CLRF       _count
0x01E3	0x01AB      	CLRF       _count+1
;Baitap1_Tuan4.c,55 :: 		}
0x01E4	0x29E6      	GOTO       L_main3
L_main2:
;Baitap1_Tuan4.c,58 :: 		inline2();
0x01E5	0x20EB      	CALL       _inline2
;Baitap1_Tuan4.c,59 :: 		}
L_main3:
;Baitap1_Tuan4.c,60 :: 		}
0x01E6	0x29D2      	GOTO       L_main0
;Baitap1_Tuan4.c,61 :: 		}
L_end_main:
0x01E7	0x29E7      	GOTO       $+0
; end of _main
;Baitap1_Tuan4.c,0 :: ?lstr_1_Baitap1_Tuan4
0x01E8	0x3444 ;?lstr_1_Baitap1_Tuan4+0
0x01E9	0x3455 ;?lstr_1_Baitap1_Tuan4+1
0x01EA	0x3443 ;?lstr_1_Baitap1_Tuan4+2
0x01EB	0x3420 ;?lstr_1_Baitap1_Tuan4+3
0x01EC	0x3443 ;?lstr_1_Baitap1_Tuan4+4
0x01ED	0x346F ;?lstr_1_Baitap1_Tuan4+5
0x01EE	0x3475 ;?lstr_1_Baitap1_Tuan4+6
0x01EF	0x346E ;?lstr_1_Baitap1_Tuan4+7
0x01F0	0x3474 ;?lstr_1_Baitap1_Tuan4+8
0x01F1	0x3465 ;?lstr_1_Baitap1_Tuan4+9
0x01F2	0x3472 ;?lstr_1_Baitap1_Tuan4+10
0x01F3	0x3420 ;?lstr_1_Baitap1_Tuan4+11
0x01F4	0x3430 ;?lstr_1_Baitap1_Tuan4+12
0x01F5	0x3400 ;?lstr_1_Baitap1_Tuan4+13
; end of ?lstr_1_Baitap1_Tuan4
Symbol List:
//** Routines locations **
//ADDRESS    SIZE    PROCEDURE
//----------------------------------------------
0x0003      [40]    _lcd_put_nibble
0x002B      [38]    _lcd_put_byte
0x0051      [21]    _lcd_gotoxy
0x0066       [7]    _____DoICP
0x006D      [70]    _lcd_putc
0x00B3      [27]    _lcd_puts
0x00CE      [29]    _Div_16X16_U
0x00EB      [42]    _inline2
0x0115      [14]    _inline1
0x0123     [125]    _lcd_init
0x01A0      [12]    ___CC2DW
0x01AC      [60]    _main
//** Variables locations ** 
//ADDRESS    SIZE    VARIABLE
//----------------------------------------------
0x0000       [1]    INDF
0x0001       [1]    TMR0
0x0002       [1]    PCL
0x0003       [1]    STATUS
0x0004       [1]    FSR
0x0006       [0]    RB5_bit
0x0006       [0]    RB1_bit
0x0006       [0]    RB0_bit
0x0006       [0]    RB4_bit
0x0006       [0]    RB3_bit
0x0006       [0]    RB2_bit
0x000A       [1]    PCLATH
0x0020      [10]    _chuso
0x002A       [2]    _count
0x002C       [2]    ___DoICPAddr
0x002E       [2]    FARG_lcd_puts_s
0x0030       [1]    FARG_lcd_putc_c
0x0031       [1]    FARG_lcd_gotoxy_col
0x0032       [1]    FARG_lcd_gotoxy_row
0x0033       [1]    lcd_gotoxy_address_L0
0x0034       [1]    FARG_lcd_put_byte_rs
0x0035       [1]    FARG_lcd_put_byte_b
0x0036       [1]    FARG_lcd_put_nibble_b
0x0070       [1]    R0
0x0071       [1]    R1
0x0072       [1]    R2
0x0073       [1]    R3
0x0074       [1]    R4
0x0075       [1]    R5
0x0076       [1]    R6
0x0077       [1]    R7
0x0078       [1]    R8
0x0079       [1]    R9
0x007A       [1]    R10
0x007B       [1]    R11
0x007C       [1]    R12
0x007D       [1]    R13
0x007E       [1]    R14
0x007F       [1]    R15
0x0081       [0]    T0CS_bit
0x0081       [0]    T0SE_bit
0x0081       [0]    PSA_bit
0x0085       [0]    TRISA4_bit
0x0086       [0]    TRISB4_bit
0x0086       [0]    TRISB2_bit
0x0086       [0]    TRISB3_bit
0x0086       [0]    TRISB0_bit
0x0086       [0]    TRISB5_bit
0x0086       [0]    TRISB1_bit
0x0088       [1]    TRISD
0x0188       [1]    ANSEL
0x0189       [1]    ANSELH
//** Constants locations ** 
//ADDRESS    SIZE    CONSTANT
//----------------------------------------------
0x01E8      [14]    ?lstr_1_Baitap1_Tuan4
